
*** Running vivado
    with args -log parser_object_localizer_1_0.vds -m64 -product Vivado -mode batch -messageDb vivado.pb -notrace -source parser_object_localizer_1_0.tcl



****** Vivado v2022.1 (64-bit)
  **** SW Build 3526262 on Mon Apr 18 15:48:16 MDT 2022
  **** IP Build 3524634 on Mon Apr 18 20:55:01 MDT 2022
    ** Copyright 1986-2022 Xilinx, Inc. All Rights Reserved.

source parser_object_localizer_1_0.tcl -notrace
INFO: [IP_Flow 19-234] Refreshing IP repositories
WARNING: [IP_Flow 19-2248] Failed to load user IP repository 'c:/Users/Muaz/Documents/MeteorDestroyer/localization'; Can't find the specified path.
If this directory should no longer be in your list of user repositories, go to the IP Settings dialog and remove it.
INFO: [IP_Flow 19-1700] Loaded user IP repository 'c:/Users/Muaz/Documents/MeteorDestroyer/Parser/Parser.srcs/sources_1/localization'.
INFO: [IP_Flow 19-1700] Loaded user IP repository 'c:/Users/Muaz/Documents/MeteorDestroyer/Parser/Parser.srcs/sources_1/new'.
INFO: [IP_Flow 19-1700] Loaded user IP repository 'c:/Users/Muaz/Documents/MeteorDestroyer/Parser_ip'.
INFO: [IP_Flow 19-1700] Loaded user IP repository 'c:/Users/Muaz/Documents/MeteorDestroyer/servo_controller_ip'.
INFO: [IP_Flow 19-1700] Loaded user IP repository 'c:/Users/Muaz/Documents/MeteorDestroyer/Localizer_ip'.
INFO: [IP_Flow 19-2313] Loaded Vivado IP repository 'C:/Xilinx/Vivado/2022.1/data/ip'.
Command: synth_design -top parser_object_localizer_1_0 -part xc7a200tsbg484-1 -incremental_mode off -mode out_of_context
Starting synth_design
Attempting to get a license for feature 'Synthesis' and/or device 'xc7a200t'
INFO: [Common 17-349] Got license for feature 'Synthesis' and/or device 'xc7a200t'
INFO: [Device 21-403] Loading part xc7a200tsbg484-1
INFO: [Synth 8-7079] Multithreading enabled for synth_design using a maximum of 2 processes.
INFO: [Synth 8-7078] Launching helper process for spawning children vivado processes
INFO: [Synth 8-7075] Helper process launched with PID 617872
WARNING: [Synth 8-10180] variable 'i' must explicitly be declared as automatic or static [c:/Users/Muaz/Documents/MeteorDestroyer/Parser/Parser.gen/sources_1/bd/parser/ipshared/14bd/src/object_localization.sv:534]
---------------------------------------------------------------------------------
Starting RTL Elaboration : Time (s): cpu = 00:00:05 ; elapsed = 00:00:05 . Memory (MB): peak = 1272.797 ; gain = 0.000
---------------------------------------------------------------------------------
INFO: [Synth 8-6157] synthesizing module 'parser_object_localizer_1_0' [c:/Users/Muaz/Documents/MeteorDestroyer/Parser/Parser.gen/sources_1/bd/parser/ip/parser_object_localizer_1_0/synth/parser_object_localizer_1_0.sv:53]
INFO: [Synth 8-6157] synthesizing module 'object_localizer' [c:/Users/Muaz/Documents/MeteorDestroyer/Parser/Parser.gen/sources_1/bd/parser/ipshared/14bd/src/object_localization.sv:1]
INFO: [Synth 8-6157] synthesizing module 'min_n' [c:/Users/Muaz/Documents/MeteorDestroyer/Parser/Parser.gen/sources_1/bd/parser/ipshared/14bd/src/min.sv:1]
INFO: [Synth 8-6157] synthesizing module 'min2' [c:/Users/Muaz/Documents/MeteorDestroyer/Parser/Parser.gen/sources_1/bd/parser/ipshared/14bd/src/min.sv:70]
INFO: [Synth 8-6155] done synthesizing module 'min2' (0#1) [c:/Users/Muaz/Documents/MeteorDestroyer/Parser/Parser.gen/sources_1/bd/parser/ipshared/14bd/src/min.sv:70]
INFO: [Synth 8-6157] synthesizing module 'parallel_to_serial' [c:/Users/Muaz/Documents/MeteorDestroyer/Parser/Parser.gen/sources_1/bd/parser/ipshared/14bd/src/p2s.sv:2]
INFO: [Synth 8-6155] done synthesizing module 'parallel_to_serial' (0#1) [c:/Users/Muaz/Documents/MeteorDestroyer/Parser/Parser.gen/sources_1/bd/parser/ipshared/14bd/src/p2s.sv:2]
INFO: [Synth 8-6155] done synthesizing module 'min_n' (0#1) [c:/Users/Muaz/Documents/MeteorDestroyer/Parser/Parser.gen/sources_1/bd/parser/ipshared/14bd/src/min.sv:1]
INFO: [Synth 8-6157] synthesizing module 'parallel_to_serial__parameterized0' [c:/Users/Muaz/Documents/MeteorDestroyer/Parser/Parser.gen/sources_1/bd/parser/ipshared/14bd/src/p2s.sv:2]
INFO: [Synth 8-6155] done synthesizing module 'parallel_to_serial__parameterized0' (0#1) [c:/Users/Muaz/Documents/MeteorDestroyer/Parser/Parser.gen/sources_1/bd/parser/ipshared/14bd/src/p2s.sv:2]
INFO: [Synth 8-6157] synthesizing module 'mult2_add' [c:/Users/Muaz/Documents/MeteorDestroyer/Parser/Parser.gen/sources_1/bd/parser/ipshared/14bd/src/mult2.sv:1]
INFO: [Synth 8-6157] synthesizing module 'DSP48E1' [C:/Xilinx/Vivado/2022.1/scripts/rt/data/unisim_comp.v:26576]
INFO: [Synth 8-6155] done synthesizing module 'DSP48E1' (0#1) [C:/Xilinx/Vivado/2022.1/scripts/rt/data/unisim_comp.v:26576]
WARNING: [Synth 8-7071] port 'ACOUT' of module 'DSP48E1' is unconnected for instance 'DSP48E1_inst' [c:/Users/Muaz/Documents/MeteorDestroyer/Parser/Parser.gen/sources_1/bd/parser/ipshared/14bd/src/mult2.sv:42]
WARNING: [Synth 8-7071] port 'BCOUT' of module 'DSP48E1' is unconnected for instance 'DSP48E1_inst' [c:/Users/Muaz/Documents/MeteorDestroyer/Parser/Parser.gen/sources_1/bd/parser/ipshared/14bd/src/mult2.sv:42]
WARNING: [Synth 8-7071] port 'CARRYCASCOUT' of module 'DSP48E1' is unconnected for instance 'DSP48E1_inst' [c:/Users/Muaz/Documents/MeteorDestroyer/Parser/Parser.gen/sources_1/bd/parser/ipshared/14bd/src/mult2.sv:42]
WARNING: [Synth 8-7071] port 'CARRYOUT' of module 'DSP48E1' is unconnected for instance 'DSP48E1_inst' [c:/Users/Muaz/Documents/MeteorDestroyer/Parser/Parser.gen/sources_1/bd/parser/ipshared/14bd/src/mult2.sv:42]
WARNING: [Synth 8-7071] port 'MULTSIGNOUT' of module 'DSP48E1' is unconnected for instance 'DSP48E1_inst' [c:/Users/Muaz/Documents/MeteorDestroyer/Parser/Parser.gen/sources_1/bd/parser/ipshared/14bd/src/mult2.sv:42]
WARNING: [Synth 8-7071] port 'OVERFLOW' of module 'DSP48E1' is unconnected for instance 'DSP48E1_inst' [c:/Users/Muaz/Documents/MeteorDestroyer/Parser/Parser.gen/sources_1/bd/parser/ipshared/14bd/src/mult2.sv:42]
WARNING: [Synth 8-7071] port 'PATTERNBDETECT' of module 'DSP48E1' is unconnected for instance 'DSP48E1_inst' [c:/Users/Muaz/Documents/MeteorDestroyer/Parser/Parser.gen/sources_1/bd/parser/ipshared/14bd/src/mult2.sv:42]
WARNING: [Synth 8-7071] port 'PATTERNDETECT' of module 'DSP48E1' is unconnected for instance 'DSP48E1_inst' [c:/Users/Muaz/Documents/MeteorDestroyer/Parser/Parser.gen/sources_1/bd/parser/ipshared/14bd/src/mult2.sv:42]
WARNING: [Synth 8-7071] port 'PCOUT' of module 'DSP48E1' is unconnected for instance 'DSP48E1_inst' [c:/Users/Muaz/Documents/MeteorDestroyer/Parser/Parser.gen/sources_1/bd/parser/ipshared/14bd/src/mult2.sv:42]
WARNING: [Synth 8-7071] port 'UNDERFLOW' of module 'DSP48E1' is unconnected for instance 'DSP48E1_inst' [c:/Users/Muaz/Documents/MeteorDestroyer/Parser/Parser.gen/sources_1/bd/parser/ipshared/14bd/src/mult2.sv:42]
WARNING: [Synth 8-7071] port 'ACIN' of module 'DSP48E1' is unconnected for instance 'DSP48E1_inst' [c:/Users/Muaz/Documents/MeteorDestroyer/Parser/Parser.gen/sources_1/bd/parser/ipshared/14bd/src/mult2.sv:42]
WARNING: [Synth 8-7071] port 'BCIN' of module 'DSP48E1' is unconnected for instance 'DSP48E1_inst' [c:/Users/Muaz/Documents/MeteorDestroyer/Parser/Parser.gen/sources_1/bd/parser/ipshared/14bd/src/mult2.sv:42]
WARNING: [Synth 8-7071] port 'CARRYCASCIN' of module 'DSP48E1' is unconnected for instance 'DSP48E1_inst' [c:/Users/Muaz/Documents/MeteorDestroyer/Parser/Parser.gen/sources_1/bd/parser/ipshared/14bd/src/mult2.sv:42]
WARNING: [Synth 8-7071] port 'CEA1' of module 'DSP48E1' is unconnected for instance 'DSP48E1_inst' [c:/Users/Muaz/Documents/MeteorDestroyer/Parser/Parser.gen/sources_1/bd/parser/ipshared/14bd/src/mult2.sv:42]
WARNING: [Synth 8-7071] port 'CEA2' of module 'DSP48E1' is unconnected for instance 'DSP48E1_inst' [c:/Users/Muaz/Documents/MeteorDestroyer/Parser/Parser.gen/sources_1/bd/parser/ipshared/14bd/src/mult2.sv:42]
WARNING: [Synth 8-7071] port 'CEB1' of module 'DSP48E1' is unconnected for instance 'DSP48E1_inst' [c:/Users/Muaz/Documents/MeteorDestroyer/Parser/Parser.gen/sources_1/bd/parser/ipshared/14bd/src/mult2.sv:42]
WARNING: [Synth 8-7071] port 'CEB2' of module 'DSP48E1' is unconnected for instance 'DSP48E1_inst' [c:/Users/Muaz/Documents/MeteorDestroyer/Parser/Parser.gen/sources_1/bd/parser/ipshared/14bd/src/mult2.sv:42]
WARNING: [Synth 8-7071] port 'MULTSIGNIN' of module 'DSP48E1' is unconnected for instance 'DSP48E1_inst' [c:/Users/Muaz/Documents/MeteorDestroyer/Parser/Parser.gen/sources_1/bd/parser/ipshared/14bd/src/mult2.sv:42]
WARNING: [Synth 8-7071] port 'PCIN' of module 'DSP48E1' is unconnected for instance 'DSP48E1_inst' [c:/Users/Muaz/Documents/MeteorDestroyer/Parser/Parser.gen/sources_1/bd/parser/ipshared/14bd/src/mult2.sv:42]
WARNING: [Synth 8-7071] port 'RSTA' of module 'DSP48E1' is unconnected for instance 'DSP48E1_inst' [c:/Users/Muaz/Documents/MeteorDestroyer/Parser/Parser.gen/sources_1/bd/parser/ipshared/14bd/src/mult2.sv:42]
WARNING: [Synth 8-7023] instance 'DSP48E1_inst' of module 'DSP48E1' has 49 connections declared, but only 29 given [c:/Users/Muaz/Documents/MeteorDestroyer/Parser/Parser.gen/sources_1/bd/parser/ipshared/14bd/src/mult2.sv:42]
INFO: [Synth 8-6155] done synthesizing module 'mult2_add' (0#1) [c:/Users/Muaz/Documents/MeteorDestroyer/Parser/Parser.gen/sources_1/bd/parser/ipshared/14bd/src/mult2.sv:1]
INFO: [Synth 8-6157] synthesizing module 'mult2_accumulate' [c:/Users/Muaz/Documents/MeteorDestroyer/Parser/Parser.gen/sources_1/bd/parser/ipshared/14bd/src/mult2.sv:77]
INFO: [Synth 8-6157] synthesizing module 'DSP48E1__parameterized0' [C:/Xilinx/Vivado/2022.1/scripts/rt/data/unisim_comp.v:26576]
INFO: [Synth 8-6155] done synthesizing module 'DSP48E1__parameterized0' (0#1) [C:/Xilinx/Vivado/2022.1/scripts/rt/data/unisim_comp.v:26576]
WARNING: [Synth 8-7071] port 'ACOUT' of module 'DSP48E1' is unconnected for instance 'DSP48E1_inst' [c:/Users/Muaz/Documents/MeteorDestroyer/Parser/Parser.gen/sources_1/bd/parser/ipshared/14bd/src/mult2.sv:121]
WARNING: [Synth 8-7071] port 'BCOUT' of module 'DSP48E1' is unconnected for instance 'DSP48E1_inst' [c:/Users/Muaz/Documents/MeteorDestroyer/Parser/Parser.gen/sources_1/bd/parser/ipshared/14bd/src/mult2.sv:121]
WARNING: [Synth 8-7071] port 'CARRYCASCOUT' of module 'DSP48E1' is unconnected for instance 'DSP48E1_inst' [c:/Users/Muaz/Documents/MeteorDestroyer/Parser/Parser.gen/sources_1/bd/parser/ipshared/14bd/src/mult2.sv:121]
WARNING: [Synth 8-7071] port 'CARRYOUT' of module 'DSP48E1' is unconnected for instance 'DSP48E1_inst' [c:/Users/Muaz/Documents/MeteorDestroyer/Parser/Parser.gen/sources_1/bd/parser/ipshared/14bd/src/mult2.sv:121]
WARNING: [Synth 8-7071] port 'MULTSIGNOUT' of module 'DSP48E1' is unconnected for instance 'DSP48E1_inst' [c:/Users/Muaz/Documents/MeteorDestroyer/Parser/Parser.gen/sources_1/bd/parser/ipshared/14bd/src/mult2.sv:121]
WARNING: [Synth 8-7071] port 'OVERFLOW' of module 'DSP48E1' is unconnected for instance 'DSP48E1_inst' [c:/Users/Muaz/Documents/MeteorDestroyer/Parser/Parser.gen/sources_1/bd/parser/ipshared/14bd/src/mult2.sv:121]
WARNING: [Synth 8-7071] port 'PATTERNBDETECT' of module 'DSP48E1' is unconnected for instance 'DSP48E1_inst' [c:/Users/Muaz/Documents/MeteorDestroyer/Parser/Parser.gen/sources_1/bd/parser/ipshared/14bd/src/mult2.sv:121]
WARNING: [Synth 8-7071] port 'PATTERNDETECT' of module 'DSP48E1' is unconnected for instance 'DSP48E1_inst' [c:/Users/Muaz/Documents/MeteorDestroyer/Parser/Parser.gen/sources_1/bd/parser/ipshared/14bd/src/mult2.sv:121]
WARNING: [Synth 8-7071] port 'PCOUT' of module 'DSP48E1' is unconnected for instance 'DSP48E1_inst' [c:/Users/Muaz/Documents/MeteorDestroyer/Parser/Parser.gen/sources_1/bd/parser/ipshared/14bd/src/mult2.sv:121]
WARNING: [Synth 8-7071] port 'UNDERFLOW' of module 'DSP48E1' is unconnected for instance 'DSP48E1_inst' [c:/Users/Muaz/Documents/MeteorDestroyer/Parser/Parser.gen/sources_1/bd/parser/ipshared/14bd/src/mult2.sv:121]
WARNING: [Synth 8-7071] port 'ACIN' of module 'DSP48E1' is unconnected for instance 'DSP48E1_inst' [c:/Users/Muaz/Documents/MeteorDestroyer/Parser/Parser.gen/sources_1/bd/parser/ipshared/14bd/src/mult2.sv:121]
WARNING: [Synth 8-7071] port 'BCIN' of module 'DSP48E1' is unconnected for instance 'DSP48E1_inst' [c:/Users/Muaz/Documents/MeteorDestroyer/Parser/Parser.gen/sources_1/bd/parser/ipshared/14bd/src/mult2.sv:121]
WARNING: [Synth 8-7071] port 'CARRYCASCIN' of module 'DSP48E1' is unconnected for instance 'DSP48E1_inst' [c:/Users/Muaz/Documents/MeteorDestroyer/Parser/Parser.gen/sources_1/bd/parser/ipshared/14bd/src/mult2.sv:121]
WARNING: [Synth 8-7071] port 'CEA1' of module 'DSP48E1' is unconnected for instance 'DSP48E1_inst' [c:/Users/Muaz/Documents/MeteorDestroyer/Parser/Parser.gen/sources_1/bd/parser/ipshared/14bd/src/mult2.sv:121]
WARNING: [Synth 8-7071] port 'CEA2' of module 'DSP48E1' is unconnected for instance 'DSP48E1_inst' [c:/Users/Muaz/Documents/MeteorDestroyer/Parser/Parser.gen/sources_1/bd/parser/ipshared/14bd/src/mult2.sv:121]
WARNING: [Synth 8-7071] port 'CEB1' of module 'DSP48E1' is unconnected for instance 'DSP48E1_inst' [c:/Users/Muaz/Documents/MeteorDestroyer/Parser/Parser.gen/sources_1/bd/parser/ipshared/14bd/src/mult2.sv:121]
WARNING: [Synth 8-7071] port 'CEB2' of module 'DSP48E1' is unconnected for instance 'DSP48E1_inst' [c:/Users/Muaz/Documents/MeteorDestroyer/Parser/Parser.gen/sources_1/bd/parser/ipshared/14bd/src/mult2.sv:121]
WARNING: [Synth 8-7071] port 'MULTSIGNIN' of module 'DSP48E1' is unconnected for instance 'DSP48E1_inst' [c:/Users/Muaz/Documents/MeteorDestroyer/Parser/Parser.gen/sources_1/bd/parser/ipshared/14bd/src/mult2.sv:121]
WARNING: [Synth 8-7071] port 'PCIN' of module 'DSP48E1' is unconnected for instance 'DSP48E1_inst' [c:/Users/Muaz/Documents/MeteorDestroyer/Parser/Parser.gen/sources_1/bd/parser/ipshared/14bd/src/mult2.sv:121]
WARNING: [Synth 8-7071] port 'RSTA' of module 'DSP48E1' is unconnected for instance 'DSP48E1_inst' [c:/Users/Muaz/Documents/MeteorDestroyer/Parser/Parser.gen/sources_1/bd/parser/ipshared/14bd/src/mult2.sv:121]
WARNING: [Synth 8-7023] instance 'DSP48E1_inst' of module 'DSP48E1' has 49 connections declared, but only 29 given [c:/Users/Muaz/Documents/MeteorDestroyer/Parser/Parser.gen/sources_1/bd/parser/ipshared/14bd/src/mult2.sv:121]
INFO: [Synth 8-6155] done synthesizing module 'mult2_accumulate' (0#1) [c:/Users/Muaz/Documents/MeteorDestroyer/Parser/Parser.gen/sources_1/bd/parser/ipshared/14bd/src/mult2.sv:77]
INFO: [Synth 8-6157] synthesizing module 'time_filter' [c:/Users/Muaz/Documents/MeteorDestroyer/Parser/Parser.gen/sources_1/bd/parser/ipshared/14bd/src/filter.sv:1]
INFO: [Synth 8-6157] synthesizing module 'parallel_to_serial__parameterized1' [c:/Users/Muaz/Documents/MeteorDestroyer/Parser/Parser.gen/sources_1/bd/parser/ipshared/14bd/src/p2s.sv:2]
INFO: [Synth 8-6155] done synthesizing module 'parallel_to_serial__parameterized1' (0#1) [c:/Users/Muaz/Documents/MeteorDestroyer/Parser/Parser.gen/sources_1/bd/parser/ipshared/14bd/src/p2s.sv:2]
INFO: [Synth 8-6155] done synthesizing module 'time_filter' (0#1) [c:/Users/Muaz/Documents/MeteorDestroyer/Parser/Parser.gen/sources_1/bd/parser/ipshared/14bd/src/filter.sv:1]
INFO: [Synth 8-6157] synthesizing module 'axi_slave_interface' [c:/Users/Muaz/Documents/MeteorDestroyer/Parser/Parser.gen/sources_1/bd/parser/ipshared/14bd/src/object_localization.sv:333]
INFO: [Synth 8-6155] done synthesizing module 'axi_slave_interface' (0#1) [c:/Users/Muaz/Documents/MeteorDestroyer/Parser/Parser.gen/sources_1/bd/parser/ipshared/14bd/src/object_localization.sv:333]
INFO: [Synth 8-6155] done synthesizing module 'object_localizer' (0#1) [c:/Users/Muaz/Documents/MeteorDestroyer/Parser/Parser.gen/sources_1/bd/parser/ipshared/14bd/src/object_localization.sv:1]
INFO: [Synth 8-6155] done synthesizing module 'parser_object_localizer_1_0' (0#1) [c:/Users/Muaz/Documents/MeteorDestroyer/Parser/Parser.gen/sources_1/bd/parser/ip/parser_object_localizer_1_0/synth/parser_object_localizer_1_0.sv:53]
WARNING: [Synth 8-5856] 3D RAM window_reg  for this pattern/configuration is not supported. This will most likely be implemented in registers
WARNING: [Synth 8-10225] Potential Runtime issue for 3D-RAM or RAM from Record/Structs for RAM  window_reg 
WARNING: [Synth 8-5856] 3D RAM sensor_locations_reg  for this pattern/configuration is not supported. This will most likely be implemented in registers
WARNING: [Synth 8-10225] Potential Runtime issue for 3D-RAM or RAM from Record/Structs for RAM  sensor_locations_reg 
WARNING: [Synth 8-7129] Port S_AXI_WSTRB[3] in module axi_slave_interface is either unconnected or has no load
WARNING: [Synth 8-7129] Port S_AXI_WSTRB[2] in module axi_slave_interface is either unconnected or has no load
WARNING: [Synth 8-7129] Port S_AXI_WSTRB[1] in module axi_slave_interface is either unconnected or has no load
WARNING: [Synth 8-7129] Port S_AXI_WSTRB[0] in module axi_slave_interface is either unconnected or has no load
---------------------------------------------------------------------------------
Finished RTL Elaboration : Time (s): cpu = 00:00:07 ; elapsed = 00:00:07 . Memory (MB): peak = 1295.770 ; gain = 22.973
---------------------------------------------------------------------------------
---------------------------------------------------------------------------------
Start Handling Custom Attributes
---------------------------------------------------------------------------------
---------------------------------------------------------------------------------
Finished Handling Custom Attributes : Time (s): cpu = 00:00:07 ; elapsed = 00:00:07 . Memory (MB): peak = 1295.770 ; gain = 22.973
---------------------------------------------------------------------------------
---------------------------------------------------------------------------------
Finished RTL Optimization Phase 1 : Time (s): cpu = 00:00:07 ; elapsed = 00:00:07 . Memory (MB): peak = 1295.770 ; gain = 22.973
---------------------------------------------------------------------------------
Netlist sorting complete. Time (s): cpu = 00:00:01 ; elapsed = 00:00:00.064 . Memory (MB): peak = 1295.770 ; gain = 0.000
INFO: [Netlist 29-17] Analyzing 9 Unisim elements for replacement
INFO: [Netlist 29-28] Unisim Transformation completed in 0 CPU seconds
INFO: [Project 1-570] Preparing netlist for logic optimization

Processing XDC Constraints
Initializing timing engine
Completed Processing XDC Constraints

Netlist sorting complete. Time (s): cpu = 00:00:00 ; elapsed = 00:00:00 . Memory (MB): peak = 1306.676 ; gain = 0.000
INFO: [Project 1-111] Unisim Transformation Summary:
No Unisim elements were transformed.

Constraint Validation Runtime : Time (s): cpu = 00:00:00 ; elapsed = 00:00:00.060 . Memory (MB): peak = 1307.523 ; gain = 0.848
INFO: [Designutils 20-5008] Incremental synthesis strategy off
---------------------------------------------------------------------------------
Finished Constraint Validation : Time (s): cpu = 00:00:15 ; elapsed = 00:00:16 . Memory (MB): peak = 1307.523 ; gain = 34.727
---------------------------------------------------------------------------------
---------------------------------------------------------------------------------
Start Loading Part and Timing Information
---------------------------------------------------------------------------------
Loading part: xc7a200tsbg484-1
---------------------------------------------------------------------------------
Finished Loading Part and Timing Information : Time (s): cpu = 00:00:15 ; elapsed = 00:00:16 . Memory (MB): peak = 1307.523 ; gain = 34.727
---------------------------------------------------------------------------------
---------------------------------------------------------------------------------
Start Applying 'set_property' XDC Constraints
---------------------------------------------------------------------------------
---------------------------------------------------------------------------------
Finished applying 'set_property' XDC Constraints : Time (s): cpu = 00:00:15 ; elapsed = 00:00:16 . Memory (MB): peak = 1307.523 ; gain = 34.727
---------------------------------------------------------------------------------
---------------------------------------------------------------------------------
Finished RTL Optimization Phase 2 : Time (s): cpu = 00:00:16 ; elapsed = 00:00:17 . Memory (MB): peak = 1307.523 ; gain = 34.727
---------------------------------------------------------------------------------
---------------------------------------------------------------------------------
Start RTL Component Statistics 
---------------------------------------------------------------------------------
Detailed RTL Component Info : 
+---Adders : 
	   2 Input   32 Bit       Adders := 1     
	   2 Input    4 Bit       Adders := 1     
+---Registers : 
	               32 Bit    Registers := 2     
	               16 Bit    Registers := 99    
	               15 Bit    Registers := 1     
	                4 Bit    Registers := 40    
	                2 Bit    Registers := 13    
	                1 Bit    Registers := 51    
+---Muxes : 
	   2 Input   32 Bit        Muxes := 1     
	   5 Input   32 Bit        Muxes := 1     
	   2 Input   16 Bit        Muxes := 38    
	   3 Input   16 Bit        Muxes := 1     
	   4 Input   16 Bit        Muxes := 1     
	   4 Input   15 Bit        Muxes := 1     
	   2 Input    4 Bit        Muxes := 37    
	   2 Input    1 Bit        Muxes := 39    
---------------------------------------------------------------------------------
Finished RTL Component Statistics 
---------------------------------------------------------------------------------
---------------------------------------------------------------------------------
Start Part Resource Summary
---------------------------------------------------------------------------------
Part Resources:
DSPs: 740 (col length:100)
BRAMs: 730 (col length: RAMB18 100 RAMB36 50)
---------------------------------------------------------------------------------
Finished Part Resource Summary
---------------------------------------------------------------------------------
---------------------------------------------------------------------------------
Start Cross Boundary and Area Optimization
---------------------------------------------------------------------------------
WARNING: [Synth 8-7080] Parallel synthesis criteria is not met
WARNING: [Synth 8-7129] Port S_AXI_WSTRB[3] in module axi_slave_interface is either unconnected or has no load
WARNING: [Synth 8-7129] Port S_AXI_WSTRB[2] in module axi_slave_interface is either unconnected or has no load
WARNING: [Synth 8-7129] Port S_AXI_WSTRB[1] in module axi_slave_interface is either unconnected or has no load
WARNING: [Synth 8-7129] Port S_AXI_WSTRB[0] in module axi_slave_interface is either unconnected or has no load
---------------------------------------------------------------------------------
Finished Cross Boundary and Area Optimization : Time (s): cpu = 00:00:22 ; elapsed = 00:00:22 . Memory (MB): peak = 1307.523 ; gain = 34.727
---------------------------------------------------------------------------------
---------------------------------------------------------------------------------
Start Applying XDC Timing Constraints
---------------------------------------------------------------------------------
---------------------------------------------------------------------------------
Finished Applying XDC Timing Constraints : Time (s): cpu = 00:00:31 ; elapsed = 00:00:31 . Memory (MB): peak = 1338.801 ; gain = 66.004
---------------------------------------------------------------------------------
---------------------------------------------------------------------------------
Start Timing Optimization
---------------------------------------------------------------------------------
---------------------------------------------------------------------------------
Finished Timing Optimization : Time (s): cpu = 00:00:31 ; elapsed = 00:00:32 . Memory (MB): peak = 1340.836 ; gain = 68.039
---------------------------------------------------------------------------------
---------------------------------------------------------------------------------
Start Technology Mapping
---------------------------------------------------------------------------------
---------------------------------------------------------------------------------
Finished Technology Mapping : Time (s): cpu = 00:00:31 ; elapsed = 00:00:32 . Memory (MB): peak = 1369.473 ; gain = 96.676
---------------------------------------------------------------------------------
---------------------------------------------------------------------------------
Start IO Insertion
---------------------------------------------------------------------------------
---------------------------------------------------------------------------------
Start Flattening Before IO Insertion
---------------------------------------------------------------------------------
---------------------------------------------------------------------------------
Finished Flattening Before IO Insertion
---------------------------------------------------------------------------------
---------------------------------------------------------------------------------
Start Final Netlist Cleanup
---------------------------------------------------------------------------------
---------------------------------------------------------------------------------
Finished Final Netlist Cleanup
---------------------------------------------------------------------------------
---------------------------------------------------------------------------------
Finished IO Insertion : Time (s): cpu = 00:00:36 ; elapsed = 00:00:36 . Memory (MB): peak = 1369.473 ; gain = 96.676
---------------------------------------------------------------------------------
---------------------------------------------------------------------------------
Start Renaming Generated Instances
---------------------------------------------------------------------------------
---------------------------------------------------------------------------------
Finished Renaming Generated Instances : Time (s): cpu = 00:00:36 ; elapsed = 00:00:36 . Memory (MB): peak = 1369.473 ; gain = 96.676
---------------------------------------------------------------------------------
---------------------------------------------------------------------------------
Start Rebuilding User Hierarchy
---------------------------------------------------------------------------------
---------------------------------------------------------------------------------
Finished Rebuilding User Hierarchy : Time (s): cpu = 00:00:36 ; elapsed = 00:00:37 . Memory (MB): peak = 1369.473 ; gain = 96.676
---------------------------------------------------------------------------------
---------------------------------------------------------------------------------
Start Renaming Generated Ports
---------------------------------------------------------------------------------
---------------------------------------------------------------------------------
Finished Renaming Generated Ports : Time (s): cpu = 00:00:36 ; elapsed = 00:00:37 . Memory (MB): peak = 1369.473 ; gain = 96.676
---------------------------------------------------------------------------------
---------------------------------------------------------------------------------
Start Handling Custom Attributes
---------------------------------------------------------------------------------
---------------------------------------------------------------------------------
Finished Handling Custom Attributes : Time (s): cpu = 00:00:36 ; elapsed = 00:00:37 . Memory (MB): peak = 1369.473 ; gain = 96.676
---------------------------------------------------------------------------------
---------------------------------------------------------------------------------
Start Renaming Generated Nets
---------------------------------------------------------------------------------
---------------------------------------------------------------------------------
Finished Renaming Generated Nets : Time (s): cpu = 00:00:36 ; elapsed = 00:00:37 . Memory (MB): peak = 1369.473 ; gain = 96.676
---------------------------------------------------------------------------------
---------------------------------------------------------------------------------
Start ROM, RAM, DSP, Shift Register and Retiming Reporting
---------------------------------------------------------------------------------

Static Shift Register Report:
+----------------------------+------------------------+--------+-------+--------------+--------------------+-------------------+--------+---------+
|Module Name                 | RTL Name               | Length | Width | Reset Signal | Pull out first Reg | Pull out last Reg | SRL16E | SRLC32E | 
+----------------------------+------------------------+--------+-------+--------------+--------------------+-------------------+--------+---------+
|parser_object_localizer_1_0 | inst/accumulate_reg[2] | 3      | 1     | NO           | NO                 | YES               | 1      | 0       | 
+----------------------------+------------------------+--------+-------+--------------+--------------------+-------------------+--------+---------+

---------------------------------------------------------------------------------
Finished ROM, RAM, DSP, Shift Register and Retiming Reporting
---------------------------------------------------------------------------------
---------------------------------------------------------------------------------
Start Writing Synthesis Report
---------------------------------------------------------------------------------

DSP Final Report (the ' indicates corresponding REG is set)
+--------------------+--------------+--------+--------+--------+--------+--------+------+------+------+------+-------+------+------+
|Module Name         | DSP Mapping  | A Size | B Size | C Size | D Size | P Size | AREG | BREG | CREG | DREG | ADREG | MREG | PREG | 
+--------------------+--------------+--------+--------+--------+--------+--------+------+------+------+------+-------+------+------+
|mult2_accumulate_8  | Dynamic      | -      | -      | -      | -      | 31     | -    | -    | -    | -    | -     | 1    | 1    | 
|mult2_accumulate_9  | Dynamic      | -      | -      | -      | -      | 31     | -    | -    | -    | -    | -     | 1    | 1    | 
|mult2_accumulate_10 | Dynamic      | -      | -      | -      | -      | 31     | -    | -    | -    | -    | -     | 1    | 1    | 
|mult2_accumulate    | Dynamic      | -      | -      | -      | -      | 31     | -    | -    | -    | -    | -     | 1    | 1    | 
|mult2_add           | (C'+(A*B)')' | 30     | 18     | 48     | -      | 31     | 0    | 0    | 0    | -    | -     | 1    | 1    | 
|mult2_accumulate_0  | Dynamic      | -      | -      | -      | -      | 31     | -    | -    | -    | -    | -     | 1    | 1    | 
|mult2_add_1         | (C'+(A*B)')' | 30     | 15     | 48     | -      | 31     | 0    | 0    | 0    | -    | -     | 1    | 1    | 
|mult2_accumulate_2  | Dynamic      | -      | -      | -      | -      | 31     | -    | -    | -    | -    | -     | 1    | 1    | 
|mult2_add_3         | (C'+(A*B)')' | 30     | 18     | 48     | -      | 31     | 0    | 0    | 0    | -    | -     | 1    | 1    | 
+--------------------+--------------+--------+--------+--------+--------+--------+------+------+------+------+-------+------+------+


Report BlackBoxes: 
+-+--------------+----------+
| |BlackBox name |Instances |
+-+--------------+----------+
+-+--------------+----------+

Report Cell Usage: 
+------+--------+------+
|      |Cell    |Count |
+------+--------+------+
|1     |CARRY4  |     8|
|2     |DSP48E1 |     9|
|4     |LUT1    |     4|
|5     |LUT2    |   181|
|6     |LUT3    |   480|
|7     |LUT4    |    71|
|8     |LUT5    |    83|
|9     |LUT6    |   230|
|10    |MUXF7   |    16|
|11    |SRL16E  |     1|
|12    |FDRE    |   867|
|13    |FDSE    |   855|
+------+--------+------+
---------------------------------------------------------------------------------
Finished Writing Synthesis Report : Time (s): cpu = 00:00:36 ; elapsed = 00:00:37 . Memory (MB): peak = 1369.473 ; gain = 96.676
---------------------------------------------------------------------------------
Synthesis finished with 0 errors, 0 critical warnings and 5 warnings.
Synthesis Optimization Runtime : Time (s): cpu = 00:00:26 ; elapsed = 00:00:34 . Memory (MB): peak = 1369.473 ; gain = 84.922
Synthesis Optimization Complete : Time (s): cpu = 00:00:36 ; elapsed = 00:00:37 . Memory (MB): peak = 1369.473 ; gain = 96.676
INFO: [Project 1-571] Translating synthesized netlist
Netlist sorting complete. Time (s): cpu = 00:00:00 ; elapsed = 00:00:00.055 . Memory (MB): peak = 1369.473 ; gain = 0.000
INFO: [Netlist 29-17] Analyzing 33 Unisim elements for replacement
INFO: [Netlist 29-28] Unisim Transformation completed in 0 CPU seconds
INFO: [Project 1-570] Preparing netlist for logic optimization
INFO: [Opt 31-138] Pushed 0 inverter(s) to 0 load pin(s).
Netlist sorting complete. Time (s): cpu = 00:00:00 ; elapsed = 00:00:00.001 . Memory (MB): peak = 1387.391 ; gain = 0.000
INFO: [Project 1-111] Unisim Transformation Summary:
No Unisim elements were transformed.

Synth Design complete, checksum: a7e56da2
INFO: [Common 17-83] Releasing license: Synthesis
50 Infos, 57 Warnings, 0 Critical Warnings and 0 Errors encountered.
synth_design completed successfully
synth_design: Time (s): cpu = 00:00:40 ; elapsed = 00:00:42 . Memory (MB): peak = 1387.391 ; gain = 114.594
INFO: [Common 17-1381] The checkpoint 'C:/Users/Muaz/Documents/MeteorDestroyer/Parser/Parser.runs/parser_object_localizer_1_0_synth_1/parser_object_localizer_1_0.dcp' has been generated.
INFO: [Coretcl 2-1648] Added synthesis output to IP cache for IP parser_object_localizer_1_0, cache-ID = 31745ba8ab47d595
INFO: [Coretcl 2-1174] Renamed 21 cell refs.
INFO: [Common 17-1381] The checkpoint 'C:/Users/Muaz/Documents/MeteorDestroyer/Parser/Parser.runs/parser_object_localizer_1_0_synth_1/parser_object_localizer_1_0.dcp' has been generated.
INFO: [runtcl-4] Executing : report_utilization -file parser_object_localizer_1_0_utilization_synth.rpt -pb parser_object_localizer_1_0_utilization_synth.pb
INFO: [Common 17-206] Exiting Vivado at Sun Mar 30 01:29:38 2025...
