
*** Running vivado
    with args -log parser_array_parser_0_0.vds -m64 -product Vivado -mode batch -messageDb vivado.pb -notrace -source parser_array_parser_0_0.tcl



****** Vivado v2022.1 (64-bit)
  **** SW Build 3526262 on Mon Apr 18 15:48:16 MDT 2022
  **** IP Build 3524634 on Mon Apr 18 20:55:01 MDT 2022
    ** Copyright 1986-2022 Xilinx, Inc. All Rights Reserved.

source parser_array_parser_0_0.tcl -notrace
INFO: [IP_Flow 19-234] Refreshing IP repositories
WARNING: [IP_Flow 19-2248] Failed to load user IP repository 'c:/Users/Muaz/Documents/MeteorDestroyer/localization'; Can't find the specified path.
If this directory should no longer be in your list of user repositories, go to the IP Settings dialog and remove it.
INFO: [IP_Flow 19-1700] Loaded user IP repository 'c:/Users/Muaz/Documents/MeteorDestroyer/Parser/Parser.srcs/sources_1/localization'.
INFO: [IP_Flow 19-1700] Loaded user IP repository 'c:/Users/Muaz/Documents/MeteorDestroyer/Parser/Parser.srcs/sources_1/new'.
INFO: [IP_Flow 19-1700] Loaded user IP repository 'c:/Users/Muaz/Documents/MeteorDestroyer/Parser_ip'.
INFO: [IP_Flow 19-1700] Loaded user IP repository 'c:/Users/Muaz/Documents/MeteorDestroyer/servo_controller_ip'.
INFO: [IP_Flow 19-1700] Loaded user IP repository 'c:/Users/Muaz/Documents/MeteorDestroyer/Localizer_ip'.
INFO: [IP_Flow 19-2313] Loaded Vivado IP repository 'C:/Xilinx/Vivado/2022.1/data/ip'.
Command: synth_design -top parser_array_parser_0_0 -part xc7a200tsbg484-1 -incremental_mode off -mode out_of_context
Starting synth_design
Attempting to get a license for feature 'Synthesis' and/or device 'xc7a200t'
INFO: [Common 17-349] Got license for feature 'Synthesis' and/or device 'xc7a200t'
INFO: [Device 21-403] Loading part xc7a200tsbg484-1
INFO: [Synth 8-7079] Multithreading enabled for synth_design using a maximum of 2 processes.
INFO: [Synth 8-7078] Launching helper process for spawning children vivado processes
INFO: [Synth 8-7075] Helper process launched with PID 508624
---------------------------------------------------------------------------------
Starting RTL Elaboration : Time (s): cpu = 00:00:06 ; elapsed = 00:00:06 . Memory (MB): peak = 1273.133 ; gain = 0.000
---------------------------------------------------------------------------------
INFO: [Synth 8-6157] synthesizing module 'parser_array_parser_0_0' [c:/Users/Muaz/Documents/MeteorDestroyer/Parser/Parser.gen/sources_1/bd/parser/ip/parser_array_parser_0_0/synth/parser_array_parser_0_0.sv:53]
INFO: [Synth 8-6157] synthesizing module 'array_parser' [c:/Users/Muaz/Documents/MeteorDestroyer/Parser/Parser.gen/sources_1/bd/parser/ipshared/8ec5/array_parser.sv:1]
INFO: [Synth 8-6157] synthesizing module 'hcsr04_sensor' [c:/Users/Muaz/Documents/MeteorDestroyer/Parser/Parser.gen/sources_1/bd/parser/ipshared/8ec5/sensor_parser.sv:1]
INFO: [Synth 8-226] default block is never used [c:/Users/Muaz/Documents/MeteorDestroyer/Parser/Parser.gen/sources_1/bd/parser/ipshared/8ec5/sensor_parser.sv:43]
INFO: [Synth 8-6155] done synthesizing module 'hcsr04_sensor' (0#1) [c:/Users/Muaz/Documents/MeteorDestroyer/Parser/Parser.gen/sources_1/bd/parser/ipshared/8ec5/sensor_parser.sv:1]
INFO: [Synth 8-6155] done synthesizing module 'array_parser' (0#1) [c:/Users/Muaz/Documents/MeteorDestroyer/Parser/Parser.gen/sources_1/bd/parser/ipshared/8ec5/array_parser.sv:1]
INFO: [Synth 8-6155] done synthesizing module 'parser_array_parser_0_0' (0#1) [c:/Users/Muaz/Documents/MeteorDestroyer/Parser/Parser.gen/sources_1/bd/parser/ip/parser_array_parser_0_0/synth/parser_array_parser_0_0.sv:53]
---------------------------------------------------------------------------------
Finished RTL Elaboration : Time (s): cpu = 00:00:07 ; elapsed = 00:00:07 . Memory (MB): peak = 1282.641 ; gain = 9.508
---------------------------------------------------------------------------------
---------------------------------------------------------------------------------
Start Handling Custom Attributes
---------------------------------------------------------------------------------
---------------------------------------------------------------------------------
Finished Handling Custom Attributes : Time (s): cpu = 00:00:08 ; elapsed = 00:00:08 . Memory (MB): peak = 1282.641 ; gain = 9.508
---------------------------------------------------------------------------------
---------------------------------------------------------------------------------
Finished RTL Optimization Phase 1 : Time (s): cpu = 00:00:08 ; elapsed = 00:00:08 . Memory (MB): peak = 1282.641 ; gain = 9.508
---------------------------------------------------------------------------------
Netlist sorting complete. Time (s): cpu = 00:00:00 ; elapsed = 00:00:00.021 . Memory (MB): peak = 1282.641 ; gain = 0.000
INFO: [Project 1-570] Preparing netlist for logic optimization

Processing XDC Constraints
Initializing timing engine
Completed Processing XDC Constraints

Netlist sorting complete. Time (s): cpu = 00:00:00 ; elapsed = 00:00:00 . Memory (MB): peak = 1331.188 ; gain = 0.000
INFO: [Project 1-111] Unisim Transformation Summary:
No Unisim elements were transformed.

Constraint Validation Runtime : Time (s): cpu = 00:00:00 ; elapsed = 00:00:00.040 . Memory (MB): peak = 1331.203 ; gain = 0.016
INFO: [Designutils 20-5008] Incremental synthesis strategy off
---------------------------------------------------------------------------------
Finished Constraint Validation : Time (s): cpu = 00:00:15 ; elapsed = 00:00:16 . Memory (MB): peak = 1331.203 ; gain = 58.070
---------------------------------------------------------------------------------
---------------------------------------------------------------------------------
Start Loading Part and Timing Information
---------------------------------------------------------------------------------
Loading part: xc7a200tsbg484-1
---------------------------------------------------------------------------------
Finished Loading Part and Timing Information : Time (s): cpu = 00:00:15 ; elapsed = 00:00:16 . Memory (MB): peak = 1331.203 ; gain = 58.070
---------------------------------------------------------------------------------
---------------------------------------------------------------------------------
Start Applying 'set_property' XDC Constraints
---------------------------------------------------------------------------------
---------------------------------------------------------------------------------
Finished applying 'set_property' XDC Constraints : Time (s): cpu = 00:00:15 ; elapsed = 00:00:16 . Memory (MB): peak = 1331.203 ; gain = 58.070
---------------------------------------------------------------------------------
---------------------------------------------------------------------------------
Finished RTL Optimization Phase 2 : Time (s): cpu = 00:00:16 ; elapsed = 00:00:16 . Memory (MB): peak = 1331.203 ; gain = 58.070
---------------------------------------------------------------------------------
---------------------------------------------------------------------------------
Start RTL Component Statistics 
---------------------------------------------------------------------------------
Detailed RTL Component Info : 
+---Adders : 
	   2 Input   12 Bit       Adders := 12    
	   2 Input   10 Bit       Adders := 12    
+---Registers : 
	               16 Bit    Registers := 12    
	               12 Bit    Registers := 24    
	               10 Bit    Registers := 12    
	                2 Bit    Registers := 12    
	                1 Bit    Registers := 29    
+---Muxes : 
	   4 Input   16 Bit        Muxes := 12    
	   4 Input   12 Bit        Muxes := 12    
	   2 Input   12 Bit        Muxes := 12    
	   6 Input    2 Bit        Muxes := 12    
	   4 Input    1 Bit        Muxes := 72    
	   2 Input    1 Bit        Muxes := 44    
---------------------------------------------------------------------------------
Finished RTL Component Statistics 
---------------------------------------------------------------------------------
---------------------------------------------------------------------------------
Start Part Resource Summary
---------------------------------------------------------------------------------
Part Resources:
DSPs: 740 (col length:100)
BRAMs: 730 (col length: RAMB18 100 RAMB36 50)
---------------------------------------------------------------------------------
Finished Part Resource Summary
---------------------------------------------------------------------------------
---------------------------------------------------------------------------------
Start Cross Boundary and Area Optimization
---------------------------------------------------------------------------------
WARNING: [Synth 8-7080] Parallel synthesis criteria is not met
DSP Report: Generating DSP inst/genblk1[0].ultrasonic_sensor/product, operation Mode is: A''*(B:0x1b7).
DSP Report: register inst/genblk1[0].ultrasonic_sensor/duration_counter_reg is absorbed into DSP inst/genblk1[0].ultrasonic_sensor/product.
DSP Report: register inst/genblk1[0].ultrasonic_sensor/echo_time_reg is absorbed into DSP inst/genblk1[0].ultrasonic_sensor/product.
DSP Report: operator inst/genblk1[0].ultrasonic_sensor/product is absorbed into DSP inst/genblk1[0].ultrasonic_sensor/product.
DSP Report: Generating DSP inst/genblk1[1].ultrasonic_sensor/product, operation Mode is: A''*(B:0x1b7).
DSP Report: register inst/genblk1[1].ultrasonic_sensor/duration_counter_reg is absorbed into DSP inst/genblk1[1].ultrasonic_sensor/product.
DSP Report: register inst/genblk1[1].ultrasonic_sensor/echo_time_reg is absorbed into DSP inst/genblk1[1].ultrasonic_sensor/product.
DSP Report: operator inst/genblk1[1].ultrasonic_sensor/product is absorbed into DSP inst/genblk1[1].ultrasonic_sensor/product.
DSP Report: Generating DSP inst/genblk1[2].ultrasonic_sensor/product, operation Mode is: A''*(B:0x1b7).
DSP Report: register inst/genblk1[2].ultrasonic_sensor/duration_counter_reg is absorbed into DSP inst/genblk1[2].ultrasonic_sensor/product.
DSP Report: register inst/genblk1[2].ultrasonic_sensor/echo_time_reg is absorbed into DSP inst/genblk1[2].ultrasonic_sensor/product.
DSP Report: operator inst/genblk1[2].ultrasonic_sensor/product is absorbed into DSP inst/genblk1[2].ultrasonic_sensor/product.
DSP Report: Generating DSP inst/genblk1[3].ultrasonic_sensor/product, operation Mode is: A''*(B:0x1b7).
DSP Report: register inst/genblk1[3].ultrasonic_sensor/duration_counter_reg is absorbed into DSP inst/genblk1[3].ultrasonic_sensor/product.
DSP Report: register inst/genblk1[3].ultrasonic_sensor/echo_time_reg is absorbed into DSP inst/genblk1[3].ultrasonic_sensor/product.
DSP Report: operator inst/genblk1[3].ultrasonic_sensor/product is absorbed into DSP inst/genblk1[3].ultrasonic_sensor/product.
DSP Report: Generating DSP inst/genblk1[4].ultrasonic_sensor/product, operation Mode is: A''*(B:0x1b7).
DSP Report: register inst/genblk1[4].ultrasonic_sensor/duration_counter_reg is absorbed into DSP inst/genblk1[4].ultrasonic_sensor/product.
DSP Report: register inst/genblk1[4].ultrasonic_sensor/echo_time_reg is absorbed into DSP inst/genblk1[4].ultrasonic_sensor/product.
DSP Report: operator inst/genblk1[4].ultrasonic_sensor/product is absorbed into DSP inst/genblk1[4].ultrasonic_sensor/product.
DSP Report: Generating DSP inst/genblk1[5].ultrasonic_sensor/product, operation Mode is: A''*(B:0x1b7).
DSP Report: register inst/genblk1[5].ultrasonic_sensor/duration_counter_reg is absorbed into DSP inst/genblk1[5].ultrasonic_sensor/product.
DSP Report: register inst/genblk1[5].ultrasonic_sensor/echo_time_reg is absorbed into DSP inst/genblk1[5].ultrasonic_sensor/product.
DSP Report: operator inst/genblk1[5].ultrasonic_sensor/product is absorbed into DSP inst/genblk1[5].ultrasonic_sensor/product.
DSP Report: Generating DSP inst/genblk1[6].ultrasonic_sensor/product, operation Mode is: A''*(B:0x1b7).
DSP Report: register inst/genblk1[6].ultrasonic_sensor/duration_counter_reg is absorbed into DSP inst/genblk1[6].ultrasonic_sensor/product.
DSP Report: register inst/genblk1[6].ultrasonic_sensor/echo_time_reg is absorbed into DSP inst/genblk1[6].ultrasonic_sensor/product.
DSP Report: operator inst/genblk1[6].ultrasonic_sensor/product is absorbed into DSP inst/genblk1[6].ultrasonic_sensor/product.
DSP Report: Generating DSP inst/genblk1[7].ultrasonic_sensor/product, operation Mode is: A''*(B:0x1b7).
DSP Report: register inst/genblk1[7].ultrasonic_sensor/duration_counter_reg is absorbed into DSP inst/genblk1[7].ultrasonic_sensor/product.
DSP Report: register inst/genblk1[7].ultrasonic_sensor/echo_time_reg is absorbed into DSP inst/genblk1[7].ultrasonic_sensor/product.
DSP Report: operator inst/genblk1[7].ultrasonic_sensor/product is absorbed into DSP inst/genblk1[7].ultrasonic_sensor/product.
DSP Report: Generating DSP inst/genblk1[8].ultrasonic_sensor/product, operation Mode is: A''*(B:0x1b7).
DSP Report: register inst/genblk1[8].ultrasonic_sensor/duration_counter_reg is absorbed into DSP inst/genblk1[8].ultrasonic_sensor/product.
DSP Report: register inst/genblk1[8].ultrasonic_sensor/echo_time_reg is absorbed into DSP inst/genblk1[8].ultrasonic_sensor/product.
DSP Report: operator inst/genblk1[8].ultrasonic_sensor/product is absorbed into DSP inst/genblk1[8].ultrasonic_sensor/product.
DSP Report: Generating DSP inst/genblk1[9].ultrasonic_sensor/product, operation Mode is: A''*(B:0x1b7).
DSP Report: register inst/genblk1[9].ultrasonic_sensor/duration_counter_reg is absorbed into DSP inst/genblk1[9].ultrasonic_sensor/product.
DSP Report: register inst/genblk1[9].ultrasonic_sensor/echo_time_reg is absorbed into DSP inst/genblk1[9].ultrasonic_sensor/product.
DSP Report: operator inst/genblk1[9].ultrasonic_sensor/product is absorbed into DSP inst/genblk1[9].ultrasonic_sensor/product.
DSP Report: Generating DSP inst/genblk1[10].ultrasonic_sensor/product, operation Mode is: A''*(B:0x1b7).
DSP Report: register inst/genblk1[10].ultrasonic_sensor/duration_counter_reg is absorbed into DSP inst/genblk1[10].ultrasonic_sensor/product.
DSP Report: register inst/genblk1[10].ultrasonic_sensor/echo_time_reg is absorbed into DSP inst/genblk1[10].ultrasonic_sensor/product.
DSP Report: operator inst/genblk1[10].ultrasonic_sensor/product is absorbed into DSP inst/genblk1[10].ultrasonic_sensor/product.
DSP Report: Generating DSP inst/genblk1[11].ultrasonic_sensor/product, operation Mode is: A''*(B:0x1b7).
DSP Report: register inst/genblk1[11].ultrasonic_sensor/duration_counter_reg is absorbed into DSP inst/genblk1[11].ultrasonic_sensor/product.
DSP Report: register inst/genblk1[11].ultrasonic_sensor/echo_time_reg is absorbed into DSP inst/genblk1[11].ultrasonic_sensor/product.
DSP Report: operator inst/genblk1[11].ultrasonic_sensor/product is absorbed into DSP inst/genblk1[11].ultrasonic_sensor/product.
---------------------------------------------------------------------------------
Finished Cross Boundary and Area Optimization : Time (s): cpu = 00:00:20 ; elapsed = 00:00:20 . Memory (MB): peak = 1331.203 ; gain = 58.070
---------------------------------------------------------------------------------
---------------------------------------------------------------------------------
Start ROM, RAM, DSP, Shift Register and Retiming Reporting
---------------------------------------------------------------------------------

DSP: Preliminary Mapping Report (see note below. The ' indicates corresponding REG is set)
+------------------------+---------------+--------+--------+--------+--------+--------+------+------+------+------+-------+------+------+
|Module Name             | DSP Mapping   | A Size | B Size | C Size | D Size | P Size | AREG | BREG | CREG | DREG | ADREG | MREG | PREG | 
+------------------------+---------------+--------+--------+--------+--------+--------+------+------+------+------+-------+------+------+
|parser_array_parser_0_0 | A''*(B:0x1b7) | 12     | 9      | -      | -      | 21     | 2    | 0    | -    | -    | -     | 0    | 0    | 
|parser_array_parser_0_0 | A''*(B:0x1b7) | 12     | 9      | -      | -      | 21     | 2    | 0    | -    | -    | -     | 0    | 0    | 
|parser_array_parser_0_0 | A''*(B:0x1b7) | 12     | 9      | -      | -      | 21     | 2    | 0    | -    | -    | -     | 0    | 0    | 
|parser_array_parser_0_0 | A''*(B:0x1b7) | 12     | 9      | -      | -      | 21     | 2    | 0    | -    | -    | -     | 0    | 0    | 
|parser_array_parser_0_0 | A''*(B:0x1b7) | 12     | 9      | -      | -      | 21     | 2    | 0    | -    | -    | -     | 0    | 0    | 
|parser_array_parser_0_0 | A''*(B:0x1b7) | 12     | 9      | -      | -      | 21     | 2    | 0    | -    | -    | -     | 0    | 0    | 
|parser_array_parser_0_0 | A''*(B:0x1b7) | 12     | 9      | -      | -      | 21     | 2    | 0    | -    | -    | -     | 0    | 0    | 
|parser_array_parser_0_0 | A''*(B:0x1b7) | 12     | 9      | -      | -      | 21     | 2    | 0    | -    | -    | -     | 0    | 0    | 
|parser_array_parser_0_0 | A''*(B:0x1b7) | 12     | 9      | -      | -      | 21     | 2    | 0    | -    | -    | -     | 0    | 0    | 
|parser_array_parser_0_0 | A''*(B:0x1b7) | 12     | 9      | -      | -      | 21     | 2    | 0    | -    | -    | -     | 0    | 0    | 
|parser_array_parser_0_0 | A''*(B:0x1b7) | 12     | 9      | -      | -      | 21     | 2    | 0    | -    | -    | -     | 0    | 0    | 
|parser_array_parser_0_0 | A''*(B:0x1b7) | 12     | 9      | -      | -      | 21     | 2    | 0    | -    | -    | -     | 0    | 0    | 
+------------------------+---------------+--------+--------+--------+--------+--------+------+------+------+------+-------+------+------+

Note: The table above is a preliminary report that shows the DSPs inferred at the current stage of the synthesis flow. Some DSP may be reimplemented as non DSP primitives later in the synthesis flow. Multiple instantiated DSPs are reported only once.
---------------------------------------------------------------------------------
Finished ROM, RAM, DSP, Shift Register and Retiming Reporting
---------------------------------------------------------------------------------

*** Running vivado
    with args -log parser_array_parser_0_0.vds -m64 -product Vivado -mode batch -messageDb vivado.pb -notrace -source parser_array_parser_0_0.tcl



****** Vivado v2022.1 (64-bit)
  **** SW Build 3526262 on Mon Apr 18 15:48:16 MDT 2022
  **** IP Build 3524634 on Mon Apr 18 20:55:01 MDT 2022
    ** Copyright 1986-2022 Xilinx, Inc. All Rights Reserved.

source parser_array_parser_0_0.tcl -notrace
INFO: [IP_Flow 19-234] Refreshing IP repositories
WARNING: [IP_Flow 19-2248] Failed to load user IP repository 'c:/Users/Muaz/Documents/MeteorDestroyer/localization'; Can't find the specified path.
If this directory should no longer be in your list of user repositories, go to the IP Settings dialog and remove it.
INFO: [IP_Flow 19-1700] Loaded user IP repository 'c:/Users/Muaz/Documents/MeteorDestroyer/Parser/Parser.srcs/sources_1/localization'.
INFO: [IP_Flow 19-1700] Loaded user IP repository 'c:/Users/Muaz/Documents/MeteorDestroyer/Parser/Parser.srcs/sources_1/new'.
INFO: [IP_Flow 19-1700] Loaded user IP repository 'c:/Users/Muaz/Documents/MeteorDestroyer/Parser_ip'.
INFO: [IP_Flow 19-1700] Loaded user IP repository 'c:/Users/Muaz/Documents/MeteorDestroyer/servo_controller_ip'.
INFO: [IP_Flow 19-1700] Loaded user IP repository 'c:/Users/Muaz/Documents/MeteorDestroyer/Localizer_ip'.
INFO: [IP_Flow 19-2313] Loaded Vivado IP repository 'C:/Xilinx/Vivado/2022.1/data/ip'.
Command: synth_design -top parser_array_parser_0_0 -part xc7a200tsbg484-1 -incremental_mode off -mode out_of_context
Starting synth_design
Attempting to get a license for feature 'Synthesis' and/or device 'xc7a200t'
INFO: [Common 17-349] Got license for feature 'Synthesis' and/or device 'xc7a200t'
INFO: [Device 21-403] Loading part xc7a200tsbg484-1
INFO: [Synth 8-7079] Multithreading enabled for synth_design using a maximum of 2 processes.
INFO: [Synth 8-7078] Launching helper process for spawning children vivado processes
INFO: [Synth 8-7075] Helper process launched with PID 468612
---------------------------------------------------------------------------------
Starting RTL Elaboration : Time (s): cpu = 00:00:05 ; elapsed = 00:00:05 . Memory (MB): peak = 1282.484 ; gain = 0.000
---------------------------------------------------------------------------------
INFO: [Synth 8-6157] synthesizing module 'parser_array_parser_0_0' [c:/Users/Muaz/Documents/MeteorDestroyer/Parser/Parser.gen/sources_1/bd/parser/ip/parser_array_parser_0_0/synth/parser_array_parser_0_0.sv:53]
INFO: [Synth 8-6157] synthesizing module 'array_parser' [c:/Users/Muaz/Documents/MeteorDestroyer/Parser/Parser.gen/sources_1/bd/parser/ipshared/8ec5/array_parser.sv:1]
INFO: [Synth 8-6157] synthesizing module 'hcsr04_sensor' [c:/Users/Muaz/Documents/MeteorDestroyer/Parser/Parser.gen/sources_1/bd/parser/ipshared/8ec5/sensor_parser.sv:1]
INFO: [Synth 8-226] default block is never used [c:/Users/Muaz/Documents/MeteorDestroyer/Parser/Parser.gen/sources_1/bd/parser/ipshared/8ec5/sensor_parser.sv:43]
INFO: [Synth 8-6155] done synthesizing module 'hcsr04_sensor' (0#1) [c:/Users/Muaz/Documents/MeteorDestroyer/Parser/Parser.gen/sources_1/bd/parser/ipshared/8ec5/sensor_parser.sv:1]
INFO: [Synth 8-6155] done synthesizing module 'array_parser' (0#1) [c:/Users/Muaz/Documents/MeteorDestroyer/Parser/Parser.gen/sources_1/bd/parser/ipshared/8ec5/array_parser.sv:1]
INFO: [Synth 8-6155] done synthesizing module 'parser_array_parser_0_0' (0#1) [c:/Users/Muaz/Documents/MeteorDestroyer/Parser/Parser.gen/sources_1/bd/parser/ip/parser_array_parser_0_0/synth/parser_array_parser_0_0.sv:53]
---------------------------------------------------------------------------------
Finished RTL Elaboration : Time (s): cpu = 00:00:07 ; elapsed = 00:00:07 . Memory (MB): peak = 1282.691 ; gain = 0.207
---------------------------------------------------------------------------------
---------------------------------------------------------------------------------
Start Handling Custom Attributes
---------------------------------------------------------------------------------
---------------------------------------------------------------------------------
Finished Handling Custom Attributes : Time (s): cpu = 00:00:07 ; elapsed = 00:00:07 . Memory (MB): peak = 1282.691 ; gain = 0.207
---------------------------------------------------------------------------------
---------------------------------------------------------------------------------
Finished RTL Optimization Phase 1 : Time (s): cpu = 00:00:07 ; elapsed = 00:00:07 . Memory (MB): peak = 1282.691 ; gain = 0.207
---------------------------------------------------------------------------------
Netlist sorting complete. Time (s): cpu = 00:00:00 ; elapsed = 00:00:00.024 . Memory (MB): peak = 1282.691 ; gain = 0.000
INFO: [Project 1-570] Preparing netlist for logic optimization

Processing XDC Constraints
Initializing timing engine
Completed Processing XDC Constraints

Netlist sorting complete. Time (s): cpu = 00:00:00 ; elapsed = 00:00:00.001 . Memory (MB): peak = 1375.988 ; gain = 0.000
INFO: [Project 1-111] Unisim Transformation Summary:
No Unisim elements were transformed.

Constraint Validation Runtime : Time (s): cpu = 00:00:00 ; elapsed = 00:00:00.029 . Memory (MB): peak = 1376.070 ; gain = 0.082
INFO: [Designutils 20-5008] Incremental synthesis strategy off
---------------------------------------------------------------------------------
Finished Constraint Validation : Time (s): cpu = 00:00:15 ; elapsed = 00:00:15 . Memory (MB): peak = 1376.070 ; gain = 93.586
---------------------------------------------------------------------------------
---------------------------------------------------------------------------------
Start Loading Part and Timing Information
---------------------------------------------------------------------------------
Loading part: xc7a200tsbg484-1
---------------------------------------------------------------------------------
Finished Loading Part and Timing Information : Time (s): cpu = 00:00:15 ; elapsed = 00:00:15 . Memory (MB): peak = 1376.070 ; gain = 93.586
---------------------------------------------------------------------------------
---------------------------------------------------------------------------------
Start Applying 'set_property' XDC Constraints
---------------------------------------------------------------------------------
---------------------------------------------------------------------------------
Finished applying 'set_property' XDC Constraints : Time (s): cpu = 00:00:15 ; elapsed = 00:00:15 . Memory (MB): peak = 1376.070 ; gain = 93.586
---------------------------------------------------------------------------------
---------------------------------------------------------------------------------
Finished RTL Optimization Phase 2 : Time (s): cpu = 00:00:15 ; elapsed = 00:00:15 . Memory (MB): peak = 1376.070 ; gain = 93.586
---------------------------------------------------------------------------------
---------------------------------------------------------------------------------
Start RTL Component Statistics 
---------------------------------------------------------------------------------
Detailed RTL Component Info : 
+---Adders : 
	   2 Input   12 Bit       Adders := 12    
	   2 Input   10 Bit       Adders := 12    
+---Registers : 
	               16 Bit    Registers := 12    
	               12 Bit    Registers := 24    
	               10 Bit    Registers := 12    
	                2 Bit    Registers := 12    
	                1 Bit    Registers := 29    
+---Muxes : 
	   4 Input   16 Bit        Muxes := 12    
	   4 Input   12 Bit        Muxes := 12    
	   2 Input   12 Bit        Muxes := 12    
	   6 Input    2 Bit        Muxes := 12    
	   4 Input    1 Bit        Muxes := 72    
	   2 Input    1 Bit        Muxes := 44    
---------------------------------------------------------------------------------
Finished RTL Component Statistics 
---------------------------------------------------------------------------------
---------------------------------------------------------------------------------
Start Part Resource Summary
---------------------------------------------------------------------------------
Part Resources:
DSPs: 740 (col length:100)
BRAMs: 730 (col length: RAMB18 100 RAMB36 50)
---------------------------------------------------------------------------------
Finished Part Resource Summary
---------------------------------------------------------------------------------
---------------------------------------------------------------------------------
Start Cross Boundary and Area Optimization
---------------------------------------------------------------------------------
WARNING: [Synth 8-7080] Parallel synthesis criteria is not met
DSP Report: Generating DSP inst/genblk1[0].ultrasonic_sensor/product, operation Mode is: A''*(B:0x1b7).
DSP Report: register inst/genblk1[0].ultrasonic_sensor/duration_counter_reg is absorbed into DSP inst/genblk1[0].ultrasonic_sensor/product.
DSP Report: register inst/genblk1[0].ultrasonic_sensor/echo_time_reg is absorbed into DSP inst/genblk1[0].ultrasonic_sensor/product.
DSP Report: operator inst/genblk1[0].ultrasonic_sensor/product is absorbed into DSP inst/genblk1[0].ultrasonic_sensor/product.
DSP Report: Generating DSP inst/genblk1[1].ultrasonic_sensor/product, operation Mode is: A''*(B:0x1b7).
DSP Report: register inst/genblk1[1].ultrasonic_sensor/duration_counter_reg is absorbed into DSP inst/genblk1[1].ultrasonic_sensor/product.
DSP Report: register inst/genblk1[1].ultrasonic_sensor/echo_time_reg is absorbed into DSP inst/genblk1[1].ultrasonic_sensor/product.
DSP Report: operator inst/genblk1[1].ultrasonic_sensor/product is absorbed into DSP inst/genblk1[1].ultrasonic_sensor/product.
DSP Report: Generating DSP inst/genblk1[2].ultrasonic_sensor/product, operation Mode is: A''*(B:0x1b7).
DSP Report: register inst/genblk1[2].ultrasonic_sensor/duration_counter_reg is absorbed into DSP inst/genblk1[2].ultrasonic_sensor/product.
DSP Report: register inst/genblk1[2].ultrasonic_sensor/echo_time_reg is absorbed into DSP inst/genblk1[2].ultrasonic_sensor/product.
DSP Report: operator inst/genblk1[2].ultrasonic_sensor/product is absorbed into DSP inst/genblk1[2].ultrasonic_sensor/product.
DSP Report: Generating DSP inst/genblk1[3].ultrasonic_sensor/product, operation Mode is: A''*(B:0x1b7).
DSP Report: register inst/genblk1[3].ultrasonic_sensor/duration_counter_reg is absorbed into DSP inst/genblk1[3].ultrasonic_sensor/product.
DSP Report: register inst/genblk1[3].ultrasonic_sensor/echo_time_reg is absorbed into DSP inst/genblk1[3].ultrasonic_sensor/product.
DSP Report: operator inst/genblk1[3].ultrasonic_sensor/product is absorbed into DSP inst/genblk1[3].ultrasonic_sensor/product.
DSP Report: Generating DSP inst/genblk1[4].ultrasonic_sensor/product, operation Mode is: A''*(B:0x1b7).
DSP Report: register inst/genblk1[4].ultrasonic_sensor/duration_counter_reg is absorbed into DSP inst/genblk1[4].ultrasonic_sensor/product.
DSP Report: register inst/genblk1[4].ultrasonic_sensor/echo_time_reg is absorbed into DSP inst/genblk1[4].ultrasonic_sensor/product.
DSP Report: operator inst/genblk1[4].ultrasonic_sensor/product is absorbed into DSP inst/genblk1[4].ultrasonic_sensor/product.
DSP Report: Generating DSP inst/genblk1[5].ultrasonic_sensor/product, operation Mode is: A''*(B:0x1b7).
DSP Report: register inst/genblk1[5].ultrasonic_sensor/duration_counter_reg is absorbed into DSP inst/genblk1[5].ultrasonic_sensor/product.
DSP Report: register inst/genblk1[5].ultrasonic_sensor/echo_time_reg is absorbed into DSP inst/genblk1[5].ultrasonic_sensor/product.
DSP Report: operator inst/genblk1[5].ultrasonic_sensor/product is absorbed into DSP inst/genblk1[5].ultrasonic_sensor/product.
DSP Report: Generating DSP inst/genblk1[6].ultrasonic_sensor/product, operation Mode is: A''*(B:0x1b7).
DSP Report: register inst/genblk1[6].ultrasonic_sensor/duration_counter_reg is absorbed into DSP inst/genblk1[6].ultrasonic_sensor/product.
DSP Report: register inst/genblk1[6].ultrasonic_sensor/echo_time_reg is absorbed into DSP inst/genblk1[6].ultrasonic_sensor/product.
DSP Report: operator inst/genblk1[6].ultrasonic_sensor/product is absorbed into DSP inst/genblk1[6].ultrasonic_sensor/product.
DSP Report: Generating DSP inst/genblk1[7].ultrasonic_sensor/product, operation Mode is: A''*(B:0x1b7).
DSP Report: register inst/genblk1[7].ultrasonic_sensor/duration_counter_reg is absorbed into DSP inst/genblk1[7].ultrasonic_sensor/product.
DSP Report: register inst/genblk1[7].ultrasonic_sensor/echo_time_reg is absorbed into DSP inst/genblk1[7].ultrasonic_sensor/product.
DSP Report: operator inst/genblk1[7].ultrasonic_sensor/product is absorbed into DSP inst/genblk1[7].ultrasonic_sensor/product.
DSP Report: Generating DSP inst/genblk1[8].ultrasonic_sensor/product, operation Mode is: A''*(B:0x1b7).
DSP Report: register inst/genblk1[8].ultrasonic_sensor/duration_counter_reg is absorbed into DSP inst/genblk1[8].ultrasonic_sensor/product.
DSP Report: register inst/genblk1[8].ultrasonic_sensor/echo_time_reg is absorbed into DSP inst/genblk1[8].ultrasonic_sensor/product.
DSP Report: operator inst/genblk1[8].ultrasonic_sensor/product is absorbed into DSP inst/genblk1[8].ultrasonic_sensor/product.
DSP Report: Generating DSP inst/genblk1[9].ultrasonic_sensor/product, operation Mode is: A''*(B:0x1b7).
DSP Report: register inst/genblk1[9].ultrasonic_sensor/duration_counter_reg is absorbed into DSP inst/genblk1[9].ultrasonic_sensor/product.
DSP Report: register inst/genblk1[9].ultrasonic_sensor/echo_time_reg is absorbed into DSP inst/genblk1[9].ultrasonic_sensor/product.
DSP Report: operator inst/genblk1[9].ultrasonic_sensor/product is absorbed into DSP inst/genblk1[9].ultrasonic_sensor/product.
DSP Report: Generating DSP inst/genblk1[10].ultrasonic_sensor/product, operation Mode is: A''*(B:0x1b7).
DSP Report: register inst/genblk1[10].ultrasonic_sensor/duration_counter_reg is absorbed into DSP inst/genblk1[10].ultrasonic_sensor/product.
DSP Report: register inst/genblk1[10].ultrasonic_sensor/echo_time_reg is absorbed into DSP inst/genblk1[10].ultrasonic_sensor/product.
DSP Report: operator inst/genblk1[10].ultrasonic_sensor/product is absorbed into DSP inst/genblk1[10].ultrasonic_sensor/product.
DSP Report: Generating DSP inst/genblk1[11].ultrasonic_sensor/product, operation Mode is: A''*(B:0x1b7).
DSP Report: register inst/genblk1[11].ultrasonic_sensor/duration_counter_reg is absorbed into DSP inst/genblk1[11].ultrasonic_sensor/product.
DSP Report: register inst/genblk1[11].ultrasonic_sensor/echo_time_reg is absorbed into DSP inst/genblk1[11].ultrasonic_sensor/product.
DSP Report: operator inst/genblk1[11].ultrasonic_sensor/product is absorbed into DSP inst/genblk1[11].ultrasonic_sensor/product.
---------------------------------------------------------------------------------
Finished Cross Boundary and Area Optimization : Time (s): cpu = 00:00:19 ; elapsed = 00:00:19 . Memory (MB): peak = 1376.070 ; gain = 93.586
---------------------------------------------------------------------------------
---------------------------------------------------------------------------------
Start ROM, RAM, DSP, Shift Register and Retiming Reporting
---------------------------------------------------------------------------------

DSP: Preliminary Mapping Report (see note below. The ' indicates corresponding REG is set)
+------------------------+---------------+--------+--------+--------+--------+--------+------+------+------+------+-------+------+------+
|Module Name             | DSP Mapping   | A Size | B Size | C Size | D Size | P Size | AREG | BREG | CREG | DREG | ADREG | MREG | PREG | 
+------------------------+---------------+--------+--------+--------+--------+--------+------+------+------+------+-------+------+------+
|parser_array_parser_0_0 | A''*(B:0x1b7) | 12     | 9      | -      | -      | 21     | 2    | 0    | -    | -    | -     | 0    | 0    | 
|parser_array_parser_0_0 | A''*(B:0x1b7) | 12     | 9      | -      | -      | 21     | 2    | 0    | -    | -    | -     | 0    | 0    | 
|parser_array_parser_0_0 | A''*(B:0x1b7) | 12     | 9      | -      | -      | 21     | 2    | 0    | -    | -    | -     | 0    | 0    | 
|parser_array_parser_0_0 | A''*(B:0x1b7) | 12     | 9      | -      | -      | 21     | 2    | 0    | -    | -    | -     | 0    | 0    | 
|parser_array_parser_0_0 | A''*(B:0x1b7) | 12     | 9      | -      | -      | 21     | 2    | 0    | -    | -    | -     | 0    | 0    | 
|parser_array_parser_0_0 | A''*(B:0x1b7) | 12     | 9      | -      | -      | 21     | 2    | 0    | -    | -    | -     | 0    | 0    | 
|parser_array_parser_0_0 | A''*(B:0x1b7) | 12     | 9      | -      | -      | 21     | 2    | 0    | -    | -    | -     | 0    | 0    | 
|parser_array_parser_0_0 | A''*(B:0x1b7) | 12     | 9      | -      | -      | 21     | 2    | 0    | -    | -    | -     | 0    | 0    | 
|parser_array_parser_0_0 | A''*(B:0x1b7) | 12     | 9      | -      | -      | 21     | 2    | 0    | -    | -    | -     | 0    | 0    | 
|parser_array_parser_0_0 | A''*(B:0x1b7) | 12     | 9      | -      | -      | 21     | 2    | 0    | -    | -    | -     | 0    | 0    | 
|parser_array_parser_0_0 | A''*(B:0x1b7) | 12     | 9      | -      | -      | 21     | 2    | 0    | -    | -    | -     | 0    | 0    | 
|parser_array_parser_0_0 | A''*(B:0x1b7) | 12     | 9      | -      | -      | 21     | 2    | 0    | -    | -    | -     | 0    | 0    | 
+------------------------+---------------+--------+--------+--------+--------+--------+------+------+------+------+-------+------+------+

Note: The table above is a preliminary report that shows the DSPs inferred at the current stage of the synthesis flow. Some DSP may be reimplemented as non DSP primitives later in the synthesis flow. Multiple instantiated DSPs are reported only once.
---------------------------------------------------------------------------------
Finished ROM, RAM, DSP, Shift Register and Retiming Reporting
---------------------------------------------------------------------------------
---------------------------------------------------------------------------------
Start Applying XDC Timing Constraints
---------------------------------------------------------------------------------
---------------------------------------------------------------------------------
Finished Applying XDC Timing Constraints : Time (s): cpu = 00:00:28 ; elapsed = 00:00:28 . Memory (MB): peak = 1376.070 ; gain = 93.586
---------------------------------------------------------------------------------
---------------------------------------------------------------------------------
Start Timing Optimization
---------------------------------------------------------------------------------
---------------------------------------------------------------------------------
Finished Timing Optimization : Time (s): cpu = 00:00:28 ; elapsed = 00:00:29 . Memory (MB): peak = 1376.070 ; gain = 93.586
---------------------------------------------------------------------------------
---------------------------------------------------------------------------------
Start Technology Mapping
---------------------------------------------------------------------------------
---------------------------------------------------------------------------------
Finished Technology Mapping : Time (s): cpu = 00:00:29 ; elapsed = 00:00:29 . Memory (MB): peak = 1376.070 ; gain = 93.586
---------------------------------------------------------------------------------
---------------------------------------------------------------------------------
Start IO Insertion
---------------------------------------------------------------------------------
---------------------------------------------------------------------------------
Start Flattening Before IO Insertion
---------------------------------------------------------------------------------
---------------------------------------------------------------------------------
Finished Flattening Before IO Insertion
---------------------------------------------------------------------------------
---------------------------------------------------------------------------------
Start Final Netlist Cleanup
---------------------------------------------------------------------------------
---------------------------------------------------------------------------------
Finished Final Netlist Cleanup
---------------------------------------------------------------------------------
---------------------------------------------------------------------------------
Finished IO Insertion : Time (s): cpu = 00:00:33 ; elapsed = 00:00:33 . Memory (MB): peak = 1376.070 ; gain = 93.586
---------------------------------------------------------------------------------
---------------------------------------------------------------------------------
Start Renaming Generated Instances
---------------------------------------------------------------------------------
---------------------------------------------------------------------------------
Finished Renaming Generated Instances : Time (s): cpu = 00:00:33 ; elapsed = 00:00:33 . Memory (MB): peak = 1376.070 ; gain = 93.586
---------------------------------------------------------------------------------
---------------------------------------------------------------------------------
Start Rebuilding User Hierarchy
---------------------------------------------------------------------------------
---------------------------------------------------------------------------------
Finished Rebuilding User Hierarchy : Time (s): cpu = 00:00:33 ; elapsed = 00:00:33 . Memory (MB): peak = 1376.070 ; gain = 93.586
---------------------------------------------------------------------------------
---------------------------------------------------------------------------------
Start Renaming Generated Ports
---------------------------------------------------------------------------------
---------------------------------------------------------------------------------
Finished Renaming Generated Ports : Time (s): cpu = 00:00:33 ; elapsed = 00:00:33 . Memory (MB): peak = 1376.070 ; gain = 93.586
---------------------------------------------------------------------------------
---------------------------------------------------------------------------------
Start Handling Custom Attributes
---------------------------------------------------------------------------------
---------------------------------------------------------------------------------
Finished Handling Custom Attributes : Time (s): cpu = 00:00:33 ; elapsed = 00:00:33 . Memory (MB): peak = 1376.070 ; gain = 93.586
---------------------------------------------------------------------------------
---------------------------------------------------------------------------------
Start Renaming Generated Nets
---------------------------------------------------------------------------------
---------------------------------------------------------------------------------
Finished Renaming Generated Nets : Time (s): cpu = 00:00:33 ; elapsed = 00:00:33 . Memory (MB): peak = 1376.070 ; gain = 93.586
---------------------------------------------------------------------------------
---------------------------------------------------------------------------------
Start Writing Synthesis Report
---------------------------------------------------------------------------------

DSP Final Report (the ' indicates corresponding REG is set)
+------------------------+-------------+--------+--------+--------+--------+--------+------+------+------+------+-------+------+------+
|Module Name             | DSP Mapping | A Size | B Size | C Size | D Size | P Size | AREG | BREG | CREG | DREG | ADREG | MREG | PREG | 
+------------------------+-------------+--------+--------+--------+--------+--------+------+------+------+------+-------+------+------+
|parser_array_parser_0_0 | A''*B       | 12     | 9      | -      | -      | 21     | 2    | 0    | -    | -    | -     | 0    | 0    | 
|parser_array_parser_0_0 | A''*B       | 12     | 9      | -      | -      | 21     | 2    | 0    | -    | -    | -     | 0    | 0    | 
|parser_array_parser_0_0 | A''*B       | 12     | 9      | -      | -      | 21     | 2    | 0    | -    | -    | -     | 0    | 0    | 
|parser_array_parser_0_0 | A''*B       | 12     | 9      | -      | -      | 21     | 2    | 0    | -    | -    | -     | 0    | 0    | 
|parser_array_parser_0_0 | A''*B       | 12     | 9      | -      | -      | 21     | 2    | 0    | -    | -    | -     | 0    | 0    | 
|parser_array_parser_0_0 | A''*B       | 12     | 9      | -      | -      | 21     | 2    | 0    | -    | -    | -     | 0    | 0    | 
|parser_array_parser_0_0 | A''*B       | 12     | 9      | -      | -      | 21     | 2    | 0    | -    | -    | -     | 0    | 0    | 
|parser_array_parser_0_0 | A''*B       | 12     | 9      | -      | -      | 21     | 2    | 0    | -    | -    | -     | 0    | 0    | 
|parser_array_parser_0_0 | A''*B       | 12     | 9      | -      | -      | 21     | 2    | 0    | -    | -    | -     | 0    | 0    | 
|parser_array_parser_0_0 | A''*B       | 12     | 9      | -      | -      | 21     | 2    | 0    | -    | -    | -     | 0    | 0    | 
|parser_array_parser_0_0 | A''*B       | 12     | 9      | -      | -      | 21     | 2    | 0    | -    | -    | -     | 0    | 0    | 
|parser_array_parser_0_0 | A''*B       | 12     | 9      | -      | -      | 21     | 2    | 0    | -    | -    | -     | 0    | 0    | 
+------------------------+-------------+--------+--------+--------+--------+--------+------+------+------+------+-------+------+------+


Report BlackBoxes: 
+-+--------------+----------+
| |BlackBox name |Instances |
+-+--------------+----------+
+-+--------------+----------+

Report Cell Usage: 
+------+--------+------+
|      |Cell    |Count |
+------+--------+------+
|1     |CARRY4  |    41|
|2     |DSP48E1 |    12|
|3     |LUT1    |    13|
|4     |LUT2    |    30|
|5     |LUT3    |    75|
|6     |LUT4    |   362|
|7     |LUT5    |    86|
|8     |LUT6    |    45|
|9     |FDRE    |   505|
+------+--------+------+
---------------------------------------------------------------------------------
Finished Writing Synthesis Report : Time (s): cpu = 00:00:33 ; elapsed = 00:00:33 . Memory (MB): peak = 1376.070 ; gain = 93.586
---------------------------------------------------------------------------------
Synthesis finished with 0 errors, 0 critical warnings and 1 warnings.
Synthesis Optimization Runtime : Time (s): cpu = 00:00:24 ; elapsed = 00:00:31 . Memory (MB): peak = 1376.070 ; gain = 0.207
Synthesis Optimization Complete : Time (s): cpu = 00:00:33 ; elapsed = 00:00:34 . Memory (MB): peak = 1376.070 ; gain = 93.586
INFO: [Project 1-571] Translating synthesized netlist
Netlist sorting complete. Time (s): cpu = 00:00:00 ; elapsed = 00:00:00.020 . Memory (MB): peak = 1383.082 ; gain = 0.000
INFO: [Netlist 29-17] Analyzing 53 Unisim elements for replacement
INFO: [Netlist 29-28] Unisim Transformation completed in 0 CPU seconds
INFO: [Project 1-570] Preparing netlist for logic optimization
INFO: [Opt 31-138] Pushed 0 inverter(s) to 0 load pin(s).
Netlist sorting complete. Time (s): cpu = 00:00:00 ; elapsed = 00:00:00.001 . Memory (MB): peak = 1392.324 ; gain = 0.000
INFO: [Project 1-111] Unisim Transformation Summary:
No Unisim elements were transformed.

Synth Design complete, checksum: fca72687
INFO: [Common 17-83] Releasing license: Synthesis
29 Infos, 2 Warnings, 0 Critical Warnings and 0 Errors encountered.
synth_design completed successfully
synth_design: Time (s): cpu = 00:00:38 ; elapsed = 00:00:39 . Memory (MB): peak = 1392.324 ; gain = 109.840
INFO: [Common 17-1381] The checkpoint 'C:/Users/Muaz/Documents/MeteorDestroyer/Parser/Parser.runs/parser_array_parser_0_0_synth_1/parser_array_parser_0_0.dcp' has been generated.
INFO: [Coretcl 2-1648] Added synthesis output to IP cache for IP parser_array_parser_0_0, cache-ID = b8137346204f0688
INFO: [Coretcl 2-1174] Renamed 13 cell refs.
INFO: [Common 17-1381] The checkpoint 'C:/Users/Muaz/Documents/MeteorDestroyer/Parser/Parser.runs/parser_array_parser_0_0_synth_1/parser_array_parser_0_0.dcp' has been generated.
INFO: [runtcl-4] Executing : report_utilization -file parser_array_parser_0_0_utilization_synth.rpt -pb parser_array_parser_0_0_utilization_synth.pb
INFO: [Common 17-206] Exiting Vivado at Sat Mar 29 20:54:06 2025...
