
*** Running vivado
    with args -log hdmi_v_vid_in_axi4s_0_0.vds -m64 -product Vivado -mode batch -messageDb vivado.pb -notrace -source hdmi_v_vid_in_axi4s_0_0.tcl



****** Vivado v2022.1 (64-bit)
  **** SW Build 3526262 on Mon Apr 18 15:48:16 MDT 2022
  **** IP Build 3524634 on Mon Apr 18 20:55:01 MDT 2022
    ** Copyright 1986-2022 Xilinx, Inc. All Rights Reserved.

INFO: [Common 17-1239] XILINX_LOCAL_USER_DATA is set to 'no'.
source hdmi_v_vid_in_axi4s_0_0.tcl -notrace
create_project: Time (s): cpu = 00:00:08 ; elapsed = 00:00:13 . Memory (MB): peak = 1419.223 ; gain = 651.922
INFO: [IP_Flow 19-234] Refreshing IP repositories
INFO: [IP_Flow 19-1700] Loaded user IP repository 'd:/VivadoPrj/Nexys-all-Projects/NVideoHDMI-22.1u/hw/hw/hw.ipdefs/repo'.
INFO: [IP_Flow 19-2313] Loaded Vivado IP repository 'D:/Xilinx/Vivado/2022.1/data/ip'.
Command: synth_design -top hdmi_v_vid_in_axi4s_0_0 -part xc7a200tsbg484-1 -incremental_mode off -mode out_of_context
Starting synth_design
Attempting to get a license for feature 'Synthesis' and/or device 'xc7a200t'
INFO: [Common 17-349] Got license for feature 'Synthesis' and/or device 'xc7a200t'
INFO: [Device 21-403] Loading part xc7a200tsbg484-1
INFO: [Synth 8-7079] Multithreading enabled for synth_design using a maximum of 2 processes.
INFO: [Synth 8-7078] Launching helper process for spawning children vivado processes
INFO: [Synth 8-7075] Helper process launched with PID 38480
WARNING: [Synth 8-9501] generate block is allowed only inside loop and conditional generate in SystemVerilog mode [D:/Xilinx/Vivado/2022.1/data/ip/xpm/xpm_fifo/hdl/xpm_fifo.sv:4023]
---------------------------------------------------------------------------------
Starting RTL Elaboration : Time (s): cpu = 00:00:09 ; elapsed = 00:00:12 . Memory (MB): peak = 1465.473 ; gain = 0.000
---------------------------------------------------------------------------------
INFO: [Synth 8-6157] synthesizing module 'hdmi_v_vid_in_axi4s_0_0' [d:/VivadoPrj/Nexys-all-Projects/NVideoHDMI-22.1u/hw/hw/hw.gen/sources_1/bd/hdmi/ip/hdmi_v_vid_in_axi4s_0_0/synth/hdmi_v_vid_in_axi4s_0_0.v:53]
INFO: [Synth 8-6157] synthesizing module 'v_vid_in_axi4s_v5_0_1' [d:/VivadoPrj/Nexys-all-Projects/NVideoHDMI-22.1u/hw/hw/hw.gen/sources_1/bd/hdmi/ipshared/b872/hdl/v_vid_in_axi4s_v5_0_vl_rfs.v:1870]
INFO: [Synth 8-6157] synthesizing module 'v_vid_in_axi4s_v5_0_1_cdc_single' [d:/VivadoPrj/Nexys-all-Projects/NVideoHDMI-22.1u/hw/hw/hw.gen/sources_1/bd/hdmi/ipshared/b872/hdl/v_vid_in_axi4s_v5_0_vl_rfs.v:207]
INFO: [Synth 8-6157] synthesizing module 'xpm_cdc_single' [D:/Xilinx/Vivado/2022.1/data/ip/xpm/xpm_cdc/hdl/xpm_cdc.sv:152]
INFO: [Synth 8-6155] done synthesizing module 'xpm_cdc_single' (0#1) [D:/Xilinx/Vivado/2022.1/data/ip/xpm/xpm_cdc/hdl/xpm_cdc.sv:152]
INFO: [Synth 8-6155] done synthesizing module 'v_vid_in_axi4s_v5_0_1_cdc_single' (0#1) [d:/VivadoPrj/Nexys-all-Projects/NVideoHDMI-22.1u/hw/hw/hw.gen/sources_1/bd/hdmi/ipshared/b872/hdl/v_vid_in_axi4s_v5_0_vl_rfs.v:207]
INFO: [Synth 8-6157] synthesizing module 'v_vid_in_axi4s_v5_0_1_formatter' [d:/VivadoPrj/Nexys-all-Projects/NVideoHDMI-22.1u/hw/hw/hw.gen/sources_1/bd/hdmi/ipshared/b872/hdl/v_vid_in_axi4s_v5_0_vl_rfs.v:518]
INFO: [Synth 8-6155] done synthesizing module 'v_vid_in_axi4s_v5_0_1_formatter' (0#1) [d:/VivadoPrj/Nexys-all-Projects/NVideoHDMI-22.1u/hw/hw/hw.gen/sources_1/bd/hdmi/ipshared/b872/hdl/v_vid_in_axi4s_v5_0_vl_rfs.v:518]
INFO: [Synth 8-6157] synthesizing module 'v_vid_in_axi4s_v5_0_1_coupler' [d:/VivadoPrj/Nexys-all-Projects/NVideoHDMI-22.1u/hw/hw/hw.gen/sources_1/bd/hdmi/ipshared/b872/hdl/v_vid_in_axi4s_v5_0_vl_rfs.v:291]
INFO: [Synth 8-6157] synthesizing module 'v_vid_in_axi4s_v5_0_1_fifo_async' [d:/VivadoPrj/Nexys-all-Projects/NVideoHDMI-22.1u/hw/hw/hw.gen/sources_1/bd/hdmi/ipshared/b872/hdl/v_vid_in_axi4s_v5_0_vl_rfs.v:57]
INFO: [Synth 8-6157] synthesizing module 'xpm_fifo_async' [D:/Xilinx/Vivado/2022.1/data/ip/xpm/xpm_fifo/hdl/xpm_fifo.sv:2145]
INFO: [Synth 8-6157] synthesizing module 'xpm_fifo_base' [D:/Xilinx/Vivado/2022.1/data/ip/xpm/xpm_fifo/hdl/xpm_fifo.sv:55]
INFO: [Synth 8-6157] synthesizing module 'xpm_memory_base' [D:/Xilinx/Vivado/2022.1/data/ip/xpm/xpm_memory/hdl/xpm_memory.sv:56]
INFO: [Synth 8-6059] Synth Info: [XPM_MEMORY 20-1] MEMORY_PRIMITIVE (0) instructs Vivado Synthesis to choose the memory primitive type. Depending on their values, other XPM_MEMORY parameters may preclude the choice of certain memory primitive types. Review XPM_MEMORY documentation and parameter values to understand any limitations, or set MEMORY_PRIMITIVE to a different value.   [D:/Xilinx/Vivado/2022.1/data/ip/xpm/xpm_memory/hdl/xpm_memory.sv:493]
INFO: [Synth 8-6155] done synthesizing module 'xpm_memory_base' (0#1) [D:/Xilinx/Vivado/2022.1/data/ip/xpm/xpm_memory/hdl/xpm_memory.sv:56]
INFO: [Synth 8-6157] synthesizing module 'xpm_cdc_gray' [D:/Xilinx/Vivado/2022.1/data/ip/xpm/xpm_cdc/hdl/xpm_cdc.sv:283]
INFO: [Synth 8-6155] done synthesizing module 'xpm_cdc_gray' (0#1) [D:/Xilinx/Vivado/2022.1/data/ip/xpm/xpm_cdc/hdl/xpm_cdc.sv:283]
INFO: [Synth 8-6157] synthesizing module 'xpm_fifo_reg_vec' [D:/Xilinx/Vivado/2022.1/data/ip/xpm/xpm_fifo/hdl/xpm_fifo.sv:1884]
INFO: [Synth 8-6155] done synthesizing module 'xpm_fifo_reg_vec' (0#1) [D:/Xilinx/Vivado/2022.1/data/ip/xpm/xpm_fifo/hdl/xpm_fifo.sv:1884]
INFO: [Synth 8-6157] synthesizing module 'xpm_cdc_gray__parameterized0' [D:/Xilinx/Vivado/2022.1/data/ip/xpm/xpm_cdc/hdl/xpm_cdc.sv:283]
INFO: [Synth 8-6155] done synthesizing module 'xpm_cdc_gray__parameterized0' (0#1) [D:/Xilinx/Vivado/2022.1/data/ip/xpm/xpm_cdc/hdl/xpm_cdc.sv:283]
INFO: [Synth 8-6157] synthesizing module 'xpm_fifo_reg_vec__parameterized0' [D:/Xilinx/Vivado/2022.1/data/ip/xpm/xpm_fifo/hdl/xpm_fifo.sv:1884]
INFO: [Synth 8-6155] done synthesizing module 'xpm_fifo_reg_vec__parameterized0' (0#1) [D:/Xilinx/Vivado/2022.1/data/ip/xpm/xpm_fifo/hdl/xpm_fifo.sv:1884]
INFO: [Synth 8-6157] synthesizing module 'xpm_cdc_gray__parameterized1' [D:/Xilinx/Vivado/2022.1/data/ip/xpm/xpm_cdc/hdl/xpm_cdc.sv:283]
INFO: [Synth 8-6155] done synthesizing module 'xpm_cdc_gray__parameterized1' (0#1) [D:/Xilinx/Vivado/2022.1/data/ip/xpm/xpm_cdc/hdl/xpm_cdc.sv:283]
INFO: [Synth 8-226] default block is never used [D:/Xilinx/Vivado/2022.1/data/ip/xpm/xpm_fifo/hdl/xpm_fifo.sv:1206]
INFO: [Synth 8-226] default block is never used [D:/Xilinx/Vivado/2022.1/data/ip/xpm/xpm_fifo/hdl/xpm_fifo.sv:1273]
INFO: [Synth 8-226] default block is never used [D:/Xilinx/Vivado/2022.1/data/ip/xpm/xpm_fifo/hdl/xpm_fifo.sv:1295]
INFO: [Synth 8-6157] synthesizing module 'xpm_fifo_reg_bit' [D:/Xilinx/Vivado/2022.1/data/ip/xpm/xpm_fifo/hdl/xpm_fifo.sv:1906]
INFO: [Synth 8-6155] done synthesizing module 'xpm_fifo_reg_bit' (0#1) [D:/Xilinx/Vivado/2022.1/data/ip/xpm/xpm_fifo/hdl/xpm_fifo.sv:1906]
INFO: [Synth 8-6157] synthesizing module 'xpm_counter_updn' [D:/Xilinx/Vivado/2022.1/data/ip/xpm/xpm_fifo/hdl/xpm_fifo.sv:1858]
INFO: [Synth 8-6155] done synthesizing module 'xpm_counter_updn' (0#1) [D:/Xilinx/Vivado/2022.1/data/ip/xpm/xpm_fifo/hdl/xpm_fifo.sv:1858]
INFO: [Synth 8-6157] synthesizing module 'xpm_fifo_rst' [D:/Xilinx/Vivado/2022.1/data/ip/xpm/xpm_fifo/hdl/xpm_fifo.sv:1618]
INFO: [Synth 8-6157] synthesizing module 'xpm_cdc_sync_rst' [D:/Xilinx/Vivado/2022.1/data/ip/xpm/xpm_cdc/hdl/xpm_cdc.sv:1058]
INFO: [Synth 8-6155] done synthesizing module 'xpm_cdc_sync_rst' (0#1) [D:/Xilinx/Vivado/2022.1/data/ip/xpm/xpm_cdc/hdl/xpm_cdc.sv:1058]
INFO: [Synth 8-6155] done synthesizing module 'xpm_fifo_rst' (0#1) [D:/Xilinx/Vivado/2022.1/data/ip/xpm/xpm_fifo/hdl/xpm_fifo.sv:1618]
INFO: [Synth 8-6157] synthesizing module 'xpm_counter_updn__parameterized0' [D:/Xilinx/Vivado/2022.1/data/ip/xpm/xpm_fifo/hdl/xpm_fifo.sv:1858]
INFO: [Synth 8-6155] done synthesizing module 'xpm_counter_updn__parameterized0' (0#1) [D:/Xilinx/Vivado/2022.1/data/ip/xpm/xpm_fifo/hdl/xpm_fifo.sv:1858]
INFO: [Synth 8-6157] synthesizing module 'xpm_counter_updn__parameterized1' [D:/Xilinx/Vivado/2022.1/data/ip/xpm/xpm_fifo/hdl/xpm_fifo.sv:1858]
INFO: [Synth 8-6155] done synthesizing module 'xpm_counter_updn__parameterized1' (0#1) [D:/Xilinx/Vivado/2022.1/data/ip/xpm/xpm_fifo/hdl/xpm_fifo.sv:1858]
INFO: [Synth 8-6157] synthesizing module 'xpm_counter_updn__parameterized2' [D:/Xilinx/Vivado/2022.1/data/ip/xpm/xpm_fifo/hdl/xpm_fifo.sv:1858]
INFO: [Synth 8-6155] done synthesizing module 'xpm_counter_updn__parameterized2' (0#1) [D:/Xilinx/Vivado/2022.1/data/ip/xpm/xpm_fifo/hdl/xpm_fifo.sv:1858]
INFO: [Synth 8-6155] done synthesizing module 'xpm_fifo_base' (0#1) [D:/Xilinx/Vivado/2022.1/data/ip/xpm/xpm_fifo/hdl/xpm_fifo.sv:55]
INFO: [Synth 8-6155] done synthesizing module 'xpm_fifo_async' (0#1) [D:/Xilinx/Vivado/2022.1/data/ip/xpm/xpm_fifo/hdl/xpm_fifo.sv:2145]
WARNING: [Synth 8-7071] port 'almost_full' of module 'xpm_fifo_async' is unconnected for instance 'XPM_FIFO_ASYNC_INST' [d:/VivadoPrj/Nexys-all-Projects/NVideoHDMI-22.1u/hw/hw/hw.gen/sources_1/bd/hdmi/ipshared/b872/hdl/v_vid_in_axi4s_v5_0_vl_rfs.v:108]
WARNING: [Synth 8-7071] port 'wr_ack' of module 'xpm_fifo_async' is unconnected for instance 'XPM_FIFO_ASYNC_INST' [d:/VivadoPrj/Nexys-all-Projects/NVideoHDMI-22.1u/hw/hw/hw.gen/sources_1/bd/hdmi/ipshared/b872/hdl/v_vid_in_axi4s_v5_0_vl_rfs.v:108]
WARNING: [Synth 8-7071] port 'almost_empty' of module 'xpm_fifo_async' is unconnected for instance 'XPM_FIFO_ASYNC_INST' [d:/VivadoPrj/Nexys-all-Projects/NVideoHDMI-22.1u/hw/hw/hw.gen/sources_1/bd/hdmi/ipshared/b872/hdl/v_vid_in_axi4s_v5_0_vl_rfs.v:108]
WARNING: [Synth 8-7071] port 'data_valid' of module 'xpm_fifo_async' is unconnected for instance 'XPM_FIFO_ASYNC_INST' [d:/VivadoPrj/Nexys-all-Projects/NVideoHDMI-22.1u/hw/hw/hw.gen/sources_1/bd/hdmi/ipshared/b872/hdl/v_vid_in_axi4s_v5_0_vl_rfs.v:108]
WARNING: [Synth 8-7023] instance 'XPM_FIFO_ASYNC_INST' of module 'xpm_fifo_async' has 26 connections declared, but only 22 given [d:/VivadoPrj/Nexys-all-Projects/NVideoHDMI-22.1u/hw/hw/hw.gen/sources_1/bd/hdmi/ipshared/b872/hdl/v_vid_in_axi4s_v5_0_vl_rfs.v:108]
INFO: [Synth 8-6155] done synthesizing module 'v_vid_in_axi4s_v5_0_1_fifo_async' (0#1) [d:/VivadoPrj/Nexys-all-Projects/NVideoHDMI-22.1u/hw/hw/hw.gen/sources_1/bd/hdmi/ipshared/b872/hdl/v_vid_in_axi4s_v5_0_vl_rfs.v:57]
INFO: [Synth 8-6155] done synthesizing module 'v_vid_in_axi4s_v5_0_1_coupler' (0#1) [d:/VivadoPrj/Nexys-all-Projects/NVideoHDMI-22.1u/hw/hw/hw.gen/sources_1/bd/hdmi/ipshared/b872/hdl/v_vid_in_axi4s_v5_0_vl_rfs.v:291]
INFO: [Synth 8-6155] done synthesizing module 'v_vid_in_axi4s_v5_0_1' (0#1) [d:/VivadoPrj/Nexys-all-Projects/NVideoHDMI-22.1u/hw/hw/hw.gen/sources_1/bd/hdmi/ipshared/b872/hdl/v_vid_in_axi4s_v5_0_vl_rfs.v:1870]
INFO: [Synth 8-6155] done synthesizing module 'hdmi_v_vid_in_axi4s_0_0' (0#1) [d:/VivadoPrj/Nexys-all-Projects/NVideoHDMI-22.1u/hw/hw/hw.gen/sources_1/bd/hdmi/ip/hdmi_v_vid_in_axi4s_0_0/synth/hdmi_v_vid_in_axi4s_0_0.v:53]
WARNING: [Synth 8-6014] Unused sequential element gen_rd_b.gen_doutb_pipe.enb_pipe_reg[0] was removed.  [D:/Xilinx/Vivado/2022.1/data/ip/xpm/xpm_memory/hdl/xpm_memory.sv:3017]
WARNING: [Synth 8-6014] Unused sequential element dest_out_bin_ff_reg was removed.  [D:/Xilinx/Vivado/2022.1/data/ip/xpm/xpm_cdc/hdl/xpm_cdc.sv:417]
WARNING: [Synth 8-6014] Unused sequential element dest_out_bin_ff_reg was removed.  [D:/Xilinx/Vivado/2022.1/data/ip/xpm/xpm_cdc/hdl/xpm_cdc.sv:417]
WARNING: [Synth 8-6014] Unused sequential element dest_out_bin_ff_reg was removed.  [D:/Xilinx/Vivado/2022.1/data/ip/xpm/xpm_cdc/hdl/xpm_cdc.sv:417]
WARNING: [Synth 8-6014] Unused sequential element gen_fwft.empty_fwft_fb_reg was removed.  [D:/Xilinx/Vivado/2022.1/data/ip/xpm/xpm_fifo/hdl/xpm_fifo.sv:1390]
WARNING: [Synth 8-3848] Net fifo_overflow_from_remap in module/entity v_vid_in_axi4s_v5_0_1 does not have driver. [d:/VivadoPrj/Nexys-all-Projects/NVideoHDMI-22.1u/hw/hw/hw.gen/sources_1/bd/hdmi/ipshared/b872/hdl/v_vid_in_axi4s_v5_0_vl_rfs.v:1989]
WARNING: [Synth 8-7129] Port sleep in module xpm_memory_base is either unconnected or has no load
WARNING: [Synth 8-7129] Port rsta in module xpm_memory_base is either unconnected or has no load
WARNING: [Synth 8-7129] Port regcea in module xpm_memory_base is either unconnected or has no load
WARNING: [Synth 8-7129] Port injectsbiterra in module xpm_memory_base is either unconnected or has no load
WARNING: [Synth 8-7129] Port injectdbiterra in module xpm_memory_base is either unconnected or has no load
WARNING: [Synth 8-7129] Port dinb[26] in module xpm_memory_base is either unconnected or has no load
WARNING: [Synth 8-7129] Port dinb[25] in module xpm_memory_base is either unconnected or has no load
WARNING: [Synth 8-7129] Port dinb[24] in module xpm_memory_base is either unconnected or has no load
WARNING: [Synth 8-7129] Port dinb[23] in module xpm_memory_base is either unconnected or has no load
WARNING: [Synth 8-7129] Port dinb[22] in module xpm_memory_base is either unconnected or has no load
WARNING: [Synth 8-7129] Port dinb[21] in module xpm_memory_base is either unconnected or has no load
WARNING: [Synth 8-7129] Port dinb[20] in module xpm_memory_base is either unconnected or has no load
WARNING: [Synth 8-7129] Port dinb[19] in module xpm_memory_base is either unconnected or has no load
WARNING: [Synth 8-7129] Port dinb[18] in module xpm_memory_base is either unconnected or has no load
WARNING: [Synth 8-7129] Port dinb[17] in module xpm_memory_base is either unconnected or has no load
WARNING: [Synth 8-7129] Port dinb[16] in module xpm_memory_base is either unconnected or has no load
WARNING: [Synth 8-7129] Port dinb[15] in module xpm_memory_base is either unconnected or has no load
WARNING: [Synth 8-7129] Port dinb[14] in module xpm_memory_base is either unconnected or has no load
WARNING: [Synth 8-7129] Port dinb[13] in module xpm_memory_base is either unconnected or has no load
WARNING: [Synth 8-7129] Port dinb[12] in module xpm_memory_base is either unconnected or has no load
WARNING: [Synth 8-7129] Port dinb[11] in module xpm_memory_base is either unconnected or has no load
WARNING: [Synth 8-7129] Port dinb[10] in module xpm_memory_base is either unconnected or has no load
WARNING: [Synth 8-7129] Port dinb[9] in module xpm_memory_base is either unconnected or has no load
WARNING: [Synth 8-7129] Port dinb[8] in module xpm_memory_base is either unconnected or has no load
WARNING: [Synth 8-7129] Port dinb[7] in module xpm_memory_base is either unconnected or has no load
WARNING: [Synth 8-7129] Port dinb[6] in module xpm_memory_base is either unconnected or has no load
WARNING: [Synth 8-7129] Port dinb[5] in module xpm_memory_base is either unconnected or has no load
WARNING: [Synth 8-7129] Port dinb[4] in module xpm_memory_base is either unconnected or has no load
WARNING: [Synth 8-7129] Port dinb[3] in module xpm_memory_base is either unconnected or has no load
WARNING: [Synth 8-7129] Port dinb[2] in module xpm_memory_base is either unconnected or has no load
WARNING: [Synth 8-7129] Port dinb[1] in module xpm_memory_base is either unconnected or has no load
WARNING: [Synth 8-7129] Port dinb[0] in module xpm_memory_base is either unconnected or has no load
WARNING: [Synth 8-7129] Port injectsbiterrb in module xpm_memory_base is either unconnected or has no load
WARNING: [Synth 8-7129] Port injectdbiterrb in module xpm_memory_base is either unconnected or has no load
WARNING: [Synth 8-7129] Port ARESETN in module v_vid_in_axi4s_v5_0_1_coupler is either unconnected or has no load
WARNING: [Synth 8-7129] Port VID_FORMAT[1] in module v_vid_in_axi4s_v5_0_1_formatter is either unconnected or has no load
WARNING: [Synth 8-7129] Port VID_FORMAT[0] in module v_vid_in_axi4s_v5_0_1_formatter is either unconnected or has no load
WARNING: [Synth 8-7129] Port src_clk in module xpm_cdc_single is either unconnected or has no load
WARNING: [Synth 8-7129] Port vid_de_arb[0] in module v_vid_in_axi4s_v5_0_1 is either unconnected or has no load
WARNING: [Synth 8-7129] Port vid_vsync_arb[0] in module v_vid_in_axi4s_v5_0_1 is either unconnected or has no load
WARNING: [Synth 8-7129] Port vid_hsync_arb[0] in module v_vid_in_axi4s_v5_0_1 is either unconnected or has no load
WARNING: [Synth 8-7129] Port vid_field_id_arb in module v_vid_in_axi4s_v5_0_1 is either unconnected or has no load
WARNING: [Synth 8-7129] Port vid_data_arb[23] in module v_vid_in_axi4s_v5_0_1 is either unconnected or has no load
WARNING: [Synth 8-7129] Port vid_data_arb[22] in module v_vid_in_axi4s_v5_0_1 is either unconnected or has no load
WARNING: [Synth 8-7129] Port vid_data_arb[21] in module v_vid_in_axi4s_v5_0_1 is either unconnected or has no load
WARNING: [Synth 8-7129] Port vid_data_arb[20] in module v_vid_in_axi4s_v5_0_1 is either unconnected or has no load
WARNING: [Synth 8-7129] Port vid_data_arb[19] in module v_vid_in_axi4s_v5_0_1 is either unconnected or has no load
WARNING: [Synth 8-7129] Port vid_data_arb[18] in module v_vid_in_axi4s_v5_0_1 is either unconnected or has no load
WARNING: [Synth 8-7129] Port vid_data_arb[17] in module v_vid_in_axi4s_v5_0_1 is either unconnected or has no load
WARNING: [Synth 8-7129] Port vid_data_arb[16] in module v_vid_in_axi4s_v5_0_1 is either unconnected or has no load
WARNING: [Synth 8-7129] Port vid_data_arb[15] in module v_vid_in_axi4s_v5_0_1 is either unconnected or has no load
WARNING: [Synth 8-7129] Port vid_data_arb[14] in module v_vid_in_axi4s_v5_0_1 is either unconnected or has no load
WARNING: [Synth 8-7129] Port vid_data_arb[13] in module v_vid_in_axi4s_v5_0_1 is either unconnected or has no load
WARNING: [Synth 8-7129] Port vid_data_arb[12] in module v_vid_in_axi4s_v5_0_1 is either unconnected or has no load
WARNING: [Synth 8-7129] Port vid_data_arb[11] in module v_vid_in_axi4s_v5_0_1 is either unconnected or has no load
WARNING: [Synth 8-7129] Port vid_data_arb[10] in module v_vid_in_axi4s_v5_0_1 is either unconnected or has no load
WARNING: [Synth 8-7129] Port vid_data_arb[9] in module v_vid_in_axi4s_v5_0_1 is either unconnected or has no load
WARNING: [Synth 8-7129] Port vid_data_arb[8] in module v_vid_in_axi4s_v5_0_1 is either unconnected or has no load
WARNING: [Synth 8-7129] Port vid_data_arb[7] in module v_vid_in_axi4s_v5_0_1 is either unconnected or has no load
WARNING: [Synth 8-7129] Port vid_data_arb[6] in module v_vid_in_axi4s_v5_0_1 is either unconnected or has no load
WARNING: [Synth 8-7129] Port vid_data_arb[5] in module v_vid_in_axi4s_v5_0_1 is either unconnected or has no load
WARNING: [Synth 8-7129] Port vid_data_arb[4] in module v_vid_in_axi4s_v5_0_1 is either unconnected or has no load
WARNING: [Synth 8-7129] Port vid_data_arb[3] in module v_vid_in_axi4s_v5_0_1 is either unconnected or has no load
WARNING: [Synth 8-7129] Port vid_data_arb[2] in module v_vid_in_axi4s_v5_0_1 is either unconnected or has no load
WARNING: [Synth 8-7129] Port vid_data_arb[1] in module v_vid_in_axi4s_v5_0_1 is either unconnected or has no load
WARNING: [Synth 8-7129] Port vid_data_arb[0] in module v_vid_in_axi4s_v5_0_1 is either unconnected or has no load
WARNING: [Synth 8-7129] Port vid_format[1] in module v_vid_in_axi4s_v5_0_1 is either unconnected or has no load
WARNING: [Synth 8-7129] Port vid_format[0] in module v_vid_in_axi4s_v5_0_1 is either unconnected or has no load
WARNING: [Synth 8-7129] Port drop_en in module v_vid_in_axi4s_v5_0_1 is either unconnected or has no load
WARNING: [Synth 8-7129] Port remap_420_en in module v_vid_in_axi4s_v5_0_1 is either unconnected or has no load
---------------------------------------------------------------------------------
Finished RTL Elaboration : Time (s): cpu = 00:00:13 ; elapsed = 00:00:24 . Memory (MB): peak = 1465.473 ; gain = 0.000
---------------------------------------------------------------------------------
---------------------------------------------------------------------------------
Start Handling Custom Attributes
---------------------------------------------------------------------------------
---------------------------------------------------------------------------------
Finished Handling Custom Attributes : Time (s): cpu = 00:00:13 ; elapsed = 00:00:24 . Memory (MB): peak = 1465.473 ; gain = 0.000
---------------------------------------------------------------------------------
---------------------------------------------------------------------------------
Finished RTL Optimization Phase 1 : Time (s): cpu = 00:00:13 ; elapsed = 00:00:24 . Memory (MB): peak = 1465.473 ; gain = 0.000
---------------------------------------------------------------------------------
Netlist sorting complete. Time (s): cpu = 00:00:00 ; elapsed = 00:00:00.018 . Memory (MB): peak = 1465.473 ; gain = 0.000
INFO: [Project 1-570] Preparing netlist for logic optimization

Processing XDC Constraints
Initializing timing engine
Parsing XDC File [d:/VivadoPrj/Nexys-all-Projects/NVideoHDMI-22.1u/hw/hw/hw.gen/sources_1/bd/hdmi/ip/hdmi_v_vid_in_axi4s_0_0/hdmi_v_vid_in_axi4s_0_0_ooc.xdc] for cell 'inst'
Finished Parsing XDC File [d:/VivadoPrj/Nexys-all-Projects/NVideoHDMI-22.1u/hw/hw/hw.gen/sources_1/bd/hdmi/ip/hdmi_v_vid_in_axi4s_0_0/hdmi_v_vid_in_axi4s_0_0_ooc.xdc] for cell 'inst'
Parsing XDC File [D:/VivadoPrj/Nexys-all-Projects/NVideoHDMI-22.1u/hw/hw/hw.runs/hdmi_v_vid_in_axi4s_0_0_synth_1/dont_touch.xdc]
Finished Parsing XDC File [D:/VivadoPrj/Nexys-all-Projects/NVideoHDMI-22.1u/hw/hw/hw.runs/hdmi_v_vid_in_axi4s_0_0_synth_1/dont_touch.xdc]
Parsing XDC File [d:/VivadoPrj/Nexys-all-Projects/NVideoHDMI-22.1u/hw/hw/hw.gen/sources_1/bd/hdmi/ip/hdmi_v_vid_in_axi4s_0_0/hdmi_v_vid_in_axi4s_0_0_clocks.xdc] for cell 'inst'
Finished Parsing XDC File [d:/VivadoPrj/Nexys-all-Projects/NVideoHDMI-22.1u/hw/hw/hw.gen/sources_1/bd/hdmi/ip/hdmi_v_vid_in_axi4s_0_0/hdmi_v_vid_in_axi4s_0_0_clocks.xdc] for cell 'inst'
INFO: [Project 1-236] Implementation specific constraints were found while reading constraint file [D:/Xilinx/Vivado/2022.1/data/ip/xpm/xpm_cdc/tcl/xpm_cdc_gray.tcl]. These constraints will be ignored for synthesis but will be used in implementation. Impacted constraints are listed in the file [.Xil/hdmi_v_vid_in_axi4s_0_0_propImpl.xdc].
Resolution: To avoid this warning, move constraints listed in [.Xil/hdmi_v_vid_in_axi4s_0_0_propImpl.xdc] to another XDC file and exclude this new file from synthesis with the used_in_synthesis property (File Properties dialog in GUI) and re-run elaboration/synthesis.
INFO: [Project 1-236] Implementation specific constraints were found while reading constraint file [D:/Xilinx/Vivado/2022.1/data/ip/xpm/xpm_cdc/tcl/xpm_cdc_single.tcl]. These constraints will be ignored for synthesis but will be used in implementation. Impacted constraints are listed in the file [.Xil/hdmi_v_vid_in_axi4s_0_0_propImpl.xdc].
Resolution: To avoid this warning, move constraints listed in [.Xil/hdmi_v_vid_in_axi4s_0_0_propImpl.xdc] to another XDC file and exclude this new file from synthesis with the used_in_synthesis property (File Properties dialog in GUI) and re-run elaboration/synthesis.
INFO: [Project 1-236] Implementation specific constraints were found while reading constraint file [D:/Xilinx/Vivado/2022.1/data/ip/xpm/xpm_fifo/tcl/xpm_fifo_rst.tcl]. These constraints will be ignored for synthesis but will be used in implementation. Impacted constraints are listed in the file [.Xil/hdmi_v_vid_in_axi4s_0_0_propImpl.xdc].
Resolution: To avoid this warning, move constraints listed in [.Xil/hdmi_v_vid_in_axi4s_0_0_propImpl.xdc] to another XDC file and exclude this new file from synthesis with the used_in_synthesis property (File Properties dialog in GUI) and re-run elaboration/synthesis.
INFO: [Project 1-1714] 9 XPM XDC files have been applied to the design.
Completed Processing XDC Constraints

Netlist sorting complete. Time (s): cpu = 00:00:00 ; elapsed = 00:00:00.001 . Memory (MB): peak = 1465.473 ; gain = 0.000
INFO: [Project 1-111] Unisim Transformation Summary:
No Unisim elements were transformed.

Constraint Validation Runtime : Time (s): cpu = 00:00:00 ; elapsed = 00:00:00.060 . Memory (MB): peak = 1465.473 ; gain = 0.000
INFO: [Designutils 20-5008] Incremental synthesis strategy off
---------------------------------------------------------------------------------
Finished Constraint Validation : Time (s): cpu = 00:00:29 ; elapsed = 00:00:42 . Memory (MB): peak = 1465.473 ; gain = 0.000
---------------------------------------------------------------------------------
---------------------------------------------------------------------------------
Start Loading Part and Timing Information
---------------------------------------------------------------------------------
Loading part: xc7a200tsbg484-1
---------------------------------------------------------------------------------
Finished Loading Part and Timing Information : Time (s): cpu = 00:00:29 ; elapsed = 00:00:42 . Memory (MB): peak = 1465.473 ; gain = 0.000
---------------------------------------------------------------------------------
---------------------------------------------------------------------------------
Start Applying 'set_property' XDC Constraints
---------------------------------------------------------------------------------
Applied set_property KEEP_HIERARCHY = SOFT for inst. (constraint file  D:/VivadoPrj/Nexys-all-Projects/NVideoHDMI-22.1u/hw/hw/hw.runs/hdmi_v_vid_in_axi4s_0_0_synth_1/dont_touch.xdc, line 9).
Applied set_property KEEP_HIERARCHY = SOFT for inst/COUPLER_INST/\generate_async_fifo.FIFO_INST /XPM_FIFO_ASYNC_INST/\gnuram_async_fifo.xpm_fifo_base_inst /\gen_cdc_pntr.rd_pntr_cdc_inst . (constraint file  auto generated constraint).
Applied set_property KEEP_HIERARCHY = SOFT for inst/COUPLER_INST/\generate_async_fifo.FIFO_INST /XPM_FIFO_ASYNC_INST/\gnuram_async_fifo.xpm_fifo_base_inst /\gen_cdc_pntr.wr_pntr_cdc_inst . (constraint file  auto generated constraint).
Applied set_property KEEP_HIERARCHY = SOFT for inst/COUPLER_INST/\generate_async_fifo.FIFO_INST /XPM_FIFO_ASYNC_INST/\gnuram_async_fifo.xpm_fifo_base_inst /\gen_cdc_pntr.rd_pntr_cdc_dc_inst . (constraint file  auto generated constraint).
Applied set_property KEEP_HIERARCHY = SOFT for inst/COUPLER_INST/\generate_async_fifo.FIFO_INST /XPM_FIFO_ASYNC_INST/\gnuram_async_fifo.xpm_fifo_base_inst /\gen_cdc_pntr.wr_pntr_cdc_dc_inst . (constraint file  auto generated constraint).
Applied set_property KEEP_HIERARCHY = SOFT for inst/CDC_SINGLE_RESET_PULSE_INST/xpm_cdc_single_inst. (constraint file  auto generated constraint).
Applied set_property KEEP_HIERARCHY = SOFT for inst/CDC_SINGLE_REMAP_OVERFLOW_INST/xpm_cdc_single_inst. (constraint file  auto generated constraint).
Applied set_property KEEP_HIERARCHY = SOFT for inst/COUPLER_INST/\generate_async_fifo.FIFO_INST /XPM_FIFO_ASYNC_INST/\gnuram_async_fifo.xpm_fifo_base_inst /xpm_fifo_rst_inst/\gen_rst_ic.rrst_wr_inst . (constraint file  auto generated constraint).
Applied set_property KEEP_HIERARCHY = SOFT for inst/COUPLER_INST/\generate_async_fifo.FIFO_INST /XPM_FIFO_ASYNC_INST/\gnuram_async_fifo.xpm_fifo_base_inst /xpm_fifo_rst_inst/\gen_rst_ic.wrst_rd_inst . (constraint file  auto generated constraint).
Applied set_property KEEP_HIERARCHY = SOFT for inst/COUPLER_INST/\generate_async_fifo.FIFO_INST /XPM_FIFO_ASYNC_INST. (constraint file  auto generated constraint).
---------------------------------------------------------------------------------
Finished applying 'set_property' XDC Constraints : Time (s): cpu = 00:00:29 ; elapsed = 00:00:42 . Memory (MB): peak = 1465.473 ; gain = 0.000
---------------------------------------------------------------------------------
INFO: [Synth 8-802] inferred FSM for state register 'gen_rst_ic.curr_wrst_state_reg' in module 'xpm_fifo_rst'
INFO: [Synth 8-802] inferred FSM for state register 'gen_rst_ic.curr_rrst_state_reg' in module 'xpm_fifo_rst'
INFO: [Synth 8-802] inferred FSM for state register 'gen_fwft.curr_fwft_state_reg' in module 'xpm_fifo_base'
INFO: [Synth 8-5552] Implemented safe state 'default_state' for state register 'gen_rst_ic.curr_wrst_state_reg' in module 'xpm_fifo_rst'
---------------------------------------------------------------------------------------------------
                   State |                     New Encoding |                Previous Encoding 
---------------------------------------------------------------------------------------------------
*
               WRST_IDLE |                            00001 |                              000
                 WRST_IN |                            00010 |                              010
                WRST_OUT |                            00100 |                              111
               WRST_EXIT |                            01000 |                              110
            WRST_GO2IDLE |                            10000 |                              100
---------------------------------------------------------------------------------------------------
INFO: [Synth 8-3354] encoded FSM with state register 'gen_rst_ic.curr_wrst_state_reg' using encoding 'one-hot' in module 'xpm_fifo_rst'
INFO: [Synth 8-5552] Implemented safe state 'default_state' for state register 'gen_rst_ic.curr_rrst_state_reg' in module 'xpm_fifo_rst'
---------------------------------------------------------------------------------------------------
                   State |                     New Encoding |                Previous Encoding 
---------------------------------------------------------------------------------------------------
*
               RRST_IDLE |                               00 |                               00
                 RRST_IN |                               01 |                               10
                RRST_OUT |                               10 |                               11
               RRST_EXIT |                               11 |                               01
---------------------------------------------------------------------------------------------------
INFO: [Synth 8-3354] encoded FSM with state register 'gen_rst_ic.curr_rrst_state_reg' using encoding 'sequential' in module 'xpm_fifo_rst'
---------------------------------------------------------------------------------------------------
                   State |                     New Encoding |                Previous Encoding 
---------------------------------------------------------------------------------------------------
                 invalid |                               00 |                               00
            stage1_valid |                               01 |                               10
       both_stages_valid |                               10 |                               11
            stage2_valid |                               11 |                               01
---------------------------------------------------------------------------------------------------
INFO: [Synth 8-3354] encoded FSM with state register 'gen_fwft.curr_fwft_state_reg' using encoding 'sequential' in module 'xpm_fifo_base'
---------------------------------------------------------------------------------
Finished RTL Optimization Phase 2 : Time (s): cpu = 00:00:30 ; elapsed = 00:00:44 . Memory (MB): peak = 1465.473 ; gain = 0.000
---------------------------------------------------------------------------------
---------------------------------------------------------------------------------
Start RTL Component Statistics 
---------------------------------------------------------------------------------
Detailed RTL Component Info : 
+---Adders : 
	   4 Input    6 Bit       Adders := 3     
	   2 Input    6 Bit       Adders := 1     
	   3 Input    6 Bit       Adders := 2     
	   4 Input    5 Bit       Adders := 3     
	   3 Input    5 Bit       Adders := 1     
	   4 Input    2 Bit       Adders := 1     
+---XORs : 
	   2 Input      6 Bit         XORs := 2     
	   2 Input      5 Bit         XORs := 2     
	   2 Input      1 Bit         XORs := 18    
+---Registers : 
	               27 Bit    Registers := 2     
	               24 Bit    Registers := 3     
	               16 Bit    Registers := 1     
	                6 Bit    Registers := 19    
	                5 Bit    Registers := 16    
	                4 Bit    Registers := 4     
	                2 Bit    Registers := 2     
	                1 Bit    Registers := 34    
+---RAMs : 
	              864 Bit	(32 X 27 bit)          RAMs := 1     
+---Muxes : 
	   6 Input    5 Bit        Muxes := 1     
	   2 Input    5 Bit        Muxes := 8     
	   5 Input    2 Bit        Muxes := 1     
	   2 Input    2 Bit        Muxes := 33    
	   4 Input    2 Bit        Muxes := 7     
	   2 Input    1 Bit        Muxes := 5     
	   6 Input    1 Bit        Muxes := 2     
	   5 Input    1 Bit        Muxes := 3     
	   4 Input    1 Bit        Muxes := 2     
---------------------------------------------------------------------------------
Finished RTL Component Statistics 
---------------------------------------------------------------------------------
---------------------------------------------------------------------------------
Start Part Resource Summary
---------------------------------------------------------------------------------
Part Resources:
DSPs: 740 (col length:100)
BRAMs: 730 (col length: RAMB18 100 RAMB36 50)
---------------------------------------------------------------------------------
Finished Part Resource Summary
---------------------------------------------------------------------------------
---------------------------------------------------------------------------------
Start Cross Boundary and Area Optimization
---------------------------------------------------------------------------------
WARNING: [Synth 8-7080] Parallel synthesis criteria is not met
WARNING: [Synth 8-7129] Port rsta in module xpm_memory_base is either unconnected or has no load
WARNING: [Synth 8-7129] Port regcea in module xpm_memory_base is either unconnected or has no load
WARNING: [Synth 8-7129] Port injectsbiterra in module xpm_memory_base is either unconnected or has no load
WARNING: [Synth 8-7129] Port injectdbiterra in module xpm_memory_base is either unconnected or has no load
WARNING: [Synth 8-7129] Port dinb[26] in module xpm_memory_base is either unconnected or has no load
WARNING: [Synth 8-7129] Port dinb[25] in module xpm_memory_base is either unconnected or has no load
WARNING: [Synth 8-7129] Port dinb[24] in module xpm_memory_base is either unconnected or has no load
WARNING: [Synth 8-7129] Port dinb[23] in module xpm_memory_base is either unconnected or has no load
WARNING: [Synth 8-7129] Port dinb[22] in module xpm_memory_base is either unconnected or has no load
WARNING: [Synth 8-7129] Port dinb[21] in module xpm_memory_base is either unconnected or has no load
WARNING: [Synth 8-7129] Port dinb[20] in module xpm_memory_base is either unconnected or has no load
WARNING: [Synth 8-7129] Port dinb[19] in module xpm_memory_base is either unconnected or has no load
WARNING: [Synth 8-7129] Port dinb[18] in module xpm_memory_base is either unconnected or has no load
WARNING: [Synth 8-7129] Port dinb[17] in module xpm_memory_base is either unconnected or has no load
WARNING: [Synth 8-7129] Port dinb[16] in module xpm_memory_base is either unconnected or has no load
WARNING: [Synth 8-7129] Port dinb[15] in module xpm_memory_base is either unconnected or has no load
WARNING: [Synth 8-7129] Port dinb[14] in module xpm_memory_base is either unconnected or has no load
WARNING: [Synth 8-7129] Port dinb[13] in module xpm_memory_base is either unconnected or has no load
WARNING: [Synth 8-7129] Port dinb[12] in module xpm_memory_base is either unconnected or has no load
WARNING: [Synth 8-7129] Port dinb[11] in module xpm_memory_base is either unconnected or has no load
WARNING: [Synth 8-7129] Port dinb[10] in module xpm_memory_base is either unconnected or has no load
WARNING: [Synth 8-7129] Port dinb[9] in module xpm_memory_base is either unconnected or has no load
WARNING: [Synth 8-7129] Port dinb[8] in module xpm_memory_base is either unconnected or has no load
WARNING: [Synth 8-7129] Port dinb[7] in module xpm_memory_base is either unconnected or has no load
WARNING: [Synth 8-7129] Port dinb[6] in module xpm_memory_base is either unconnected or has no load
WARNING: [Synth 8-7129] Port dinb[5] in module xpm_memory_base is either unconnected or has no load
WARNING: [Synth 8-7129] Port dinb[4] in module xpm_memory_base is either unconnected or has no load
WARNING: [Synth 8-7129] Port dinb[3] in module xpm_memory_base is either unconnected or has no load
WARNING: [Synth 8-7129] Port dinb[2] in module xpm_memory_base is either unconnected or has no load
WARNING: [Synth 8-7129] Port dinb[1] in module xpm_memory_base is either unconnected or has no load
INFO: [Common 17-14] Message 'Synth 8-7129' appears 100 times and further instances of the messages will be disabled. Use the Tcl command set_msg_config to change the current settings.
---------------------------------------------------------------------------------
Finished Cross Boundary and Area Optimization : Time (s): cpu = 00:00:35 ; elapsed = 00:00:48 . Memory (MB): peak = 1465.473 ; gain = 0.000
---------------------------------------------------------------------------------
---------------------------------------------------------------------------------
Start ROM, RAM, DSP, Shift Register and Retiming Reporting
---------------------------------------------------------------------------------

Distributed RAM: Preliminary Mapping Report (see note below)
+-----------------------------------------------------------------------------------------------------------------------------------------------+----------------------------------+-----------+----------------------+-------------+
|Module Name                                                                                                                                    | RTL Object                       | Inference | Size (Depth x Width) | Primitives  | 
+-----------------------------------------------------------------------------------------------------------------------------------------------+----------------------------------+-----------+----------------------+-------------+
|inst/\COUPLER_INST/generate_async_fifo.FIFO_INST/XPM_FIFO_ASYNC_INST /\gnuram_async_fifo.xpm_fifo_base_inst /\gen_sdpram.xpm_memory_base_inst  | gen_wr_a.gen_word_narrow.mem_reg | Implied   | 32 x 27              | RAM32M x 5  | 
+-----------------------------------------------------------------------------------------------------------------------------------------------+----------------------------------+-----------+----------------------+-------------+

Note: The table above is a preliminary report that shows the Distributed RAMs at the current stage of the synthesis flow. Some Distributed RAMs may be reimplemented as non Distributed RAM primitives later in the synthesis flow. Multiple instantiated RAMs are reported only once.
---------------------------------------------------------------------------------
Finished ROM, RAM, DSP, Shift Register and Retiming Reporting
---------------------------------------------------------------------------------
---------------------------------------------------------------------------------
Start Applying XDC Timing Constraints
---------------------------------------------------------------------------------
---------------------------------------------------------------------------------
Finished Applying XDC Timing Constraints : Time (s): cpu = 00:00:44 ; elapsed = 00:00:58 . Memory (MB): peak = 1465.473 ; gain = 0.000
---------------------------------------------------------------------------------
---------------------------------------------------------------------------------
Start Timing Optimization
---------------------------------------------------------------------------------
---------------------------------------------------------------------------------
Finished Timing Optimization : Time (s): cpu = 00:00:44 ; elapsed = 00:00:58 . Memory (MB): peak = 1465.473 ; gain = 0.000
---------------------------------------------------------------------------------
---------------------------------------------------------------------------------
Start ROM, RAM, DSP, Shift Register and Retiming Reporting
---------------------------------------------------------------------------------

Distributed RAM: Final Mapping Report
+-----------------------------------------------------------------------------------------------------------------------------------------------+----------------------------------+-----------+----------------------+-------------+
|Module Name                                                                                                                                    | RTL Object                       | Inference | Size (Depth x Width) | Primitives  | 
+-----------------------------------------------------------------------------------------------------------------------------------------------+----------------------------------+-----------+----------------------+-------------+
|inst/\COUPLER_INST/generate_async_fifo.FIFO_INST/XPM_FIFO_ASYNC_INST /\gnuram_async_fifo.xpm_fifo_base_inst /\gen_sdpram.xpm_memory_base_inst  | gen_wr_a.gen_word_narrow.mem_reg | Implied   | 32 x 27              | RAM32M x 5  | 
+-----------------------------------------------------------------------------------------------------------------------------------------------+----------------------------------+-----------+----------------------+-------------+

---------------------------------------------------------------------------------
Finished ROM, RAM, DSP, Shift Register and Retiming Reporting
---------------------------------------------------------------------------------
---------------------------------------------------------------------------------
Start Technology Mapping
---------------------------------------------------------------------------------
---------------------------------------------------------------------------------
Finished Technology Mapping : Time (s): cpu = 00:00:45 ; elapsed = 00:00:59 . Memory (MB): peak = 1465.473 ; gain = 0.000
---------------------------------------------------------------------------------
---------------------------------------------------------------------------------
Start IO Insertion
---------------------------------------------------------------------------------
---------------------------------------------------------------------------------
Start Flattening Before IO Insertion
---------------------------------------------------------------------------------
---------------------------------------------------------------------------------
Finished Flattening Before IO Insertion
---------------------------------------------------------------------------------
---------------------------------------------------------------------------------
Start Final Netlist Cleanup
---------------------------------------------------------------------------------
---------------------------------------------------------------------------------
Finished Final Netlist Cleanup
---------------------------------------------------------------------------------
INFO: [Synth 8-3295] tying undriven pin CDC_SINGLE_REMAP_OVERFLOW_INST/xpm_cdc_single_inst:src_in to constant 0
---------------------------------------------------------------------------------
Finished IO Insertion : Time (s): cpu = 00:00:54 ; elapsed = 00:01:08 . Memory (MB): peak = 1465.473 ; gain = 0.000
---------------------------------------------------------------------------------
---------------------------------------------------------------------------------
Start Renaming Generated Instances
---------------------------------------------------------------------------------
---------------------------------------------------------------------------------
Finished Renaming Generated Instances : Time (s): cpu = 00:00:54 ; elapsed = 00:01:08 . Memory (MB): peak = 1465.473 ; gain = 0.000
---------------------------------------------------------------------------------
---------------------------------------------------------------------------------
Start Rebuilding User Hierarchy
---------------------------------------------------------------------------------
---------------------------------------------------------------------------------
Finished Rebuilding User Hierarchy : Time (s): cpu = 00:00:54 ; elapsed = 00:01:08 . Memory (MB): peak = 1465.473 ; gain = 0.000
---------------------------------------------------------------------------------
---------------------------------------------------------------------------------
Start Renaming Generated Ports
---------------------------------------------------------------------------------
---------------------------------------------------------------------------------
Finished Renaming Generated Ports : Time (s): cpu = 00:00:54 ; elapsed = 00:01:08 . Memory (MB): peak = 1465.473 ; gain = 0.000
---------------------------------------------------------------------------------
---------------------------------------------------------------------------------
Start Handling Custom Attributes
---------------------------------------------------------------------------------
---------------------------------------------------------------------------------
Finished Handling Custom Attributes : Time (s): cpu = 00:00:54 ; elapsed = 00:01:08 . Memory (MB): peak = 1465.473 ; gain = 0.000
---------------------------------------------------------------------------------
---------------------------------------------------------------------------------
Start Renaming Generated Nets
---------------------------------------------------------------------------------
---------------------------------------------------------------------------------
Finished Renaming Generated Nets : Time (s): cpu = 00:00:54 ; elapsed = 00:01:08 . Memory (MB): peak = 1465.473 ; gain = 0.000
---------------------------------------------------------------------------------
---------------------------------------------------------------------------------
Start Writing Synthesis Report
---------------------------------------------------------------------------------

Report BlackBoxes: 
+-+--------------+----------+
| |BlackBox name |Instances |
+-+--------------+----------+
+-+--------------+----------+

Report Cell Usage: 
+------+-------+------+
|      |Cell   |Count |
+------+-------+------+
|1     |CARRY4 |     6|
|2     |LUT1   |     4|
|3     |LUT2   |    49|
|4     |LUT3   |    22|
|5     |LUT4   |    24|
|6     |LUT5   |    32|
|7     |LUT6   |    43|
|8     |RAM32M |     5|
|9     |FDRE   |   382|
|10    |FDSE   |     8|
+------+-------+------+
---------------------------------------------------------------------------------
Finished Writing Synthesis Report : Time (s): cpu = 00:00:54 ; elapsed = 00:01:08 . Memory (MB): peak = 1465.473 ; gain = 0.000
---------------------------------------------------------------------------------
Synthesis finished with 0 errors, 0 critical warnings and 68 warnings.
Synthesis Optimization Runtime : Time (s): cpu = 00:00:36 ; elapsed = 00:01:02 . Memory (MB): peak = 1465.473 ; gain = 0.000
Synthesis Optimization Complete : Time (s): cpu = 00:00:54 ; elapsed = 00:01:09 . Memory (MB): peak = 1465.473 ; gain = 0.000
INFO: [Project 1-571] Translating synthesized netlist
Netlist sorting complete. Time (s): cpu = 00:00:00 ; elapsed = 00:00:00.017 . Memory (MB): peak = 1465.473 ; gain = 0.000
INFO: [Netlist 29-17] Analyzing 11 Unisim elements for replacement
INFO: [Netlist 29-28] Unisim Transformation completed in 0 CPU seconds
INFO: [Project 1-570] Preparing netlist for logic optimization
INFO: [Opt 31-138] Pushed 0 inverter(s) to 0 load pin(s).
Netlist sorting complete. Time (s): cpu = 00:00:00 ; elapsed = 00:00:00.001 . Memory (MB): peak = 1465.473 ; gain = 0.000
INFO: [Project 1-111] Unisim Transformation Summary:
  A total of 5 instances were transformed.
  RAM32M => RAM32M (RAMD32(x6), RAMS32(x2)): 5 instances

Synth Design complete, checksum: 756359e0
INFO: [Common 17-83] Releasing license: Synthesis
80 Infos, 113 Warnings, 0 Critical Warnings and 0 Errors encountered.
synth_design completed successfully
synth_design: Time (s): cpu = 00:01:03 ; elapsed = 00:01:20 . Memory (MB): peak = 1465.473 ; gain = 13.867
INFO: [Common 17-1381] The checkpoint 'D:/VivadoPrj/Nexys-all-Projects/NVideoHDMI-22.1u/hw/hw/hw.runs/hdmi_v_vid_in_axi4s_0_0_synth_1/hdmi_v_vid_in_axi4s_0_0.dcp' has been generated.
INFO: [Coretcl 2-1648] Added synthesis output to IP cache for IP hdmi_v_vid_in_axi4s_0_0, cache-ID = 1f270c8025029559
INFO: [Coretcl 2-1174] Renamed 29 cell refs.
INFO: [Common 17-1381] The checkpoint 'D:/VivadoPrj/Nexys-all-Projects/NVideoHDMI-22.1u/hw/hw/hw.runs/hdmi_v_vid_in_axi4s_0_0_synth_1/hdmi_v_vid_in_axi4s_0_0.dcp' has been generated.
INFO: [runtcl-4] Executing : report_utilization -file hdmi_v_vid_in_axi4s_0_0_utilization_synth.rpt -pb hdmi_v_vid_in_axi4s_0_0_utilization_synth.pb
INFO: [Common 17-206] Exiting Vivado at Tue Sep  6 16:34:35 2022...
