
*** Running vivado
    with args -log parser_wrapper.vds -m64 -product Vivado -mode batch -messageDb vivado.pb -notrace -source parser_wrapper.tcl



****** Vivado v2022.1 (64-bit)
  **** SW Build 3526262 on Mon Apr 18 15:48:16 MDT 2022
  **** IP Build 3524634 on Mon Apr 18 20:55:01 MDT 2022
    ** Copyright 1986-2022 Xilinx, Inc. All Rights Reserved.

source parser_wrapper.tcl -notrace
INFO: [IP_Flow 19-234] Refreshing IP repositories
INFO: [IP_Flow 19-1700] Loaded user IP repository 'c:/Users/Muaz/Documents/MeteorDestroyer/Parser/Parser.srcs/sources_1/localization'.
INFO: [IP_Flow 19-1700] Loaded user IP repository 'c:/Users/Muaz/Documents/MeteorDestroyer/Parser/Parser.srcs/sources_1/new'.
INFO: [IP_Flow 19-2313] Loaded Vivado IP repository 'C:/Xilinx/Vivado/2022.1/data/ip'.
Command: synth_design -top parser_wrapper -part xc7a200tsbg484-1
Starting synth_design
Attempting to get a license for feature 'Synthesis' and/or device 'xc7a200t'
INFO: [Common 17-349] Got license for feature 'Synthesis' and/or device 'xc7a200t'
INFO: [Device 21-403] Loading part xc7a200tsbg484-1
INFO: [Synth 8-7079] Multithreading enabled for synth_design using a maximum of 2 processes.
INFO: [Synth 8-7078] Launching helper process for spawning children vivado processes
INFO: [Synth 8-7075] Helper process launched with PID 20828
---------------------------------------------------------------------------------
Starting RTL Elaboration : Time (s): cpu = 00:00:05 ; elapsed = 00:00:05 . Memory (MB): peak = 1282.008 ; gain = 0.000
---------------------------------------------------------------------------------
INFO: [Synth 8-6157] synthesizing module 'parser_wrapper' [c:/Users/Muaz/Documents/MeteorDestroyer/Parser/Parser.gen/sources_1/bd/parser/hdl/parser_wrapper.v:12]
INFO: [Synth 8-6157] synthesizing module 'parser' [c:/Users/Muaz/Documents/MeteorDestroyer/Parser/Parser.gen/sources_1/bd/parser/synth/parser.v:440]
INFO: [Synth 8-6157] synthesizing module 'parser_array_parser_1_0' [C:/Users/Muaz/Documents/MeteorDestroyer/Parser/Parser.runs/synth_1/.Xil/Vivado-49236-DESKTOP-BINRERU/realtime/parser_array_parser_1_0_stub.v:5]
INFO: [Synth 8-6155] done synthesizing module 'parser_array_parser_1_0' (0#1) [C:/Users/Muaz/Documents/MeteorDestroyer/Parser/Parser.runs/synth_1/.Xil/Vivado-49236-DESKTOP-BINRERU/realtime/parser_array_parser_1_0_stub.v:5]
INFO: [Synth 8-6157] synthesizing module 'parser_axi_interconnect_0_1' [c:/Users/Muaz/Documents/MeteorDestroyer/Parser/Parser.gen/sources_1/bd/parser/synth/parser.v:753]
INFO: [Synth 8-6157] synthesizing module 'm00_couplers_imp_1B6P9P1' [c:/Users/Muaz/Documents/MeteorDestroyer/Parser/Parser.gen/sources_1/bd/parser/synth/parser.v:12]
INFO: [Synth 8-6155] done synthesizing module 'm00_couplers_imp_1B6P9P1' (0#1) [c:/Users/Muaz/Documents/MeteorDestroyer/Parser/Parser.gen/sources_1/bd/parser/synth/parser.v:12]
INFO: [Synth 8-6157] synthesizing module 'm01_couplers_imp_17ZHL0' [c:/Users/Muaz/Documents/MeteorDestroyer/Parser/Parser.gen/sources_1/bd/parser/synth/parser.v:74]
INFO: [Synth 8-6155] done synthesizing module 'm01_couplers_imp_17ZHL0' (0#1) [c:/Users/Muaz/Documents/MeteorDestroyer/Parser/Parser.gen/sources_1/bd/parser/synth/parser.v:74]
INFO: [Synth 8-6157] synthesizing module 's00_couplers_imp_17PA950' [c:/Users/Muaz/Documents/MeteorDestroyer/Parser/Parser.gen/sources_1/bd/parser/synth/parser.v:1151]
INFO: [Synth 8-6155] done synthesizing module 's00_couplers_imp_17PA950' (0#1) [c:/Users/Muaz/Documents/MeteorDestroyer/Parser/Parser.gen/sources_1/bd/parser/synth/parser.v:1151]
INFO: [Synth 8-6157] synthesizing module 'parser_xbar_0' [C:/Users/Muaz/Documents/MeteorDestroyer/Parser/Parser.runs/synth_1/.Xil/Vivado-49236-DESKTOP-BINRERU/realtime/parser_xbar_0_stub.v:5]
INFO: [Synth 8-6155] done synthesizing module 'parser_xbar_0' (0#1) [C:/Users/Muaz/Documents/MeteorDestroyer/Parser/Parser.runs/synth_1/.Xil/Vivado-49236-DESKTOP-BINRERU/realtime/parser_xbar_0_stub.v:5]
WARNING: [Synth 8-7071] port 'm_axi_awprot' of module 'parser_xbar_0' is unconnected for instance 'xbar' [c:/Users/Muaz/Documents/MeteorDestroyer/Parser/Parser.gen/sources_1/bd/parser/synth/parser.v:1110]
WARNING: [Synth 8-7071] port 'm_axi_arprot' of module 'parser_xbar_0' is unconnected for instance 'xbar' [c:/Users/Muaz/Documents/MeteorDestroyer/Parser/Parser.gen/sources_1/bd/parser/synth/parser.v:1110]
WARNING: [Synth 8-7023] instance 'xbar' of module 'parser_xbar_0' has 40 connections declared, but only 38 given [c:/Users/Muaz/Documents/MeteorDestroyer/Parser/Parser.gen/sources_1/bd/parser/synth/parser.v:1110]
INFO: [Synth 8-6155] done synthesizing module 'parser_axi_interconnect_0_1' (0#1) [c:/Users/Muaz/Documents/MeteorDestroyer/Parser/Parser.gen/sources_1/bd/parser/synth/parser.v:753]
INFO: [Synth 8-6157] synthesizing module 'parser_axi_uartlite_0_0' [C:/Users/Muaz/Documents/MeteorDestroyer/Parser/Parser.runs/synth_1/.Xil/Vivado-49236-DESKTOP-BINRERU/realtime/parser_axi_uartlite_0_0_stub.v:5]
INFO: [Synth 8-6155] done synthesizing module 'parser_axi_uartlite_0_0' (0#1) [C:/Users/Muaz/Documents/MeteorDestroyer/Parser/Parser.runs/synth_1/.Xil/Vivado-49236-DESKTOP-BINRERU/realtime/parser_axi_uartlite_0_0_stub.v:5]
WARNING: [Synth 8-7071] port 'interrupt' of module 'parser_axi_uartlite_0_0' is unconnected for instance 'axi_uartlite_0' [c:/Users/Muaz/Documents/MeteorDestroyer/Parser/Parser.gen/sources_1/bd/parser/synth/parser.v:608]
WARNING: [Synth 8-7023] instance 'axi_uartlite_0' of module 'parser_axi_uartlite_0_0' has 22 connections declared, but only 21 given [c:/Users/Muaz/Documents/MeteorDestroyer/Parser/Parser.gen/sources_1/bd/parser/synth/parser.v:608]
INFO: [Synth 8-6157] synthesizing module 'parser_clk_wiz_0_0' [C:/Users/Muaz/Documents/MeteorDestroyer/Parser/Parser.runs/synth_1/.Xil/Vivado-49236-DESKTOP-BINRERU/realtime/parser_clk_wiz_0_0_stub.v:5]
INFO: [Synth 8-6155] done synthesizing module 'parser_clk_wiz_0_0' (0#1) [C:/Users/Muaz/Documents/MeteorDestroyer/Parser/Parser.runs/synth_1/.Xil/Vivado-49236-DESKTOP-BINRERU/realtime/parser_clk_wiz_0_0_stub.v:5]
WARNING: [Synth 8-4446] all outputs are unconnected for this instance and logic may be removed [c:/Users/Muaz/Documents/MeteorDestroyer/Parser/Parser.gen/sources_1/bd/parser/synth/parser.v:635]
INFO: [Synth 8-6157] synthesizing module 'parser_ila_0_1' [C:/Users/Muaz/Documents/MeteorDestroyer/Parser/Parser.runs/synth_1/.Xil/Vivado-49236-DESKTOP-BINRERU/realtime/parser_ila_0_1_stub.v:5]
INFO: [Synth 8-6155] done synthesizing module 'parser_ila_0_1' (0#1) [C:/Users/Muaz/Documents/MeteorDestroyer/Parser/Parser.runs/synth_1/.Xil/Vivado-49236-DESKTOP-BINRERU/realtime/parser_ila_0_1_stub.v:5]
INFO: [Synth 8-6157] synthesizing module 'parser_mdm_1_4' [C:/Users/Muaz/Documents/MeteorDestroyer/Parser/Parser.runs/synth_1/.Xil/Vivado-49236-DESKTOP-BINRERU/realtime/parser_mdm_1_4_stub.v:5]
INFO: [Synth 8-6155] done synthesizing module 'parser_mdm_1_4' (0#1) [C:/Users/Muaz/Documents/MeteorDestroyer/Parser/Parser.runs/synth_1/.Xil/Vivado-49236-DESKTOP-BINRERU/realtime/parser_mdm_1_4_stub.v:5]
INFO: [Synth 8-6157] synthesizing module 'parser_microblaze_0_0' [C:/Users/Muaz/Documents/MeteorDestroyer/Parser/Parser.runs/synth_1/.Xil/Vivado-49236-DESKTOP-BINRERU/realtime/parser_microblaze_0_0_stub.v:5]
INFO: [Synth 8-6155] done synthesizing module 'parser_microblaze_0_0' (0#1) [C:/Users/Muaz/Documents/MeteorDestroyer/Parser/Parser.runs/synth_1/.Xil/Vivado-49236-DESKTOP-BINRERU/realtime/parser_microblaze_0_0_stub.v:5]
WARNING: [Synth 8-7071] port 'Interrupt_Ack' of module 'parser_microblaze_0_0' is unconnected for instance 'microblaze_0' [c:/Users/Muaz/Documents/MeteorDestroyer/Parser/Parser.gen/sources_1/bd/parser/synth/parser.v:652]
WARNING: [Synth 8-7023] instance 'microblaze_0' of module 'parser_microblaze_0_0' has 52 connections declared, but only 51 given [c:/Users/Muaz/Documents/MeteorDestroyer/Parser/Parser.gen/sources_1/bd/parser/synth/parser.v:652]
INFO: [Synth 8-6157] synthesizing module 'microblaze_0_local_memory_imp_1GYGW1O' [c:/Users/Muaz/Documents/MeteorDestroyer/Parser/Parser.gen/sources_1/bd/parser/synth/parser.v:206]
INFO: [Synth 8-6157] synthesizing module 'parser_dlmb_bram_if_cntlr_4' [C:/Users/Muaz/Documents/MeteorDestroyer/Parser/Parser.runs/synth_1/.Xil/Vivado-49236-DESKTOP-BINRERU/realtime/parser_dlmb_bram_if_cntlr_4_stub.v:5]
INFO: [Synth 8-6155] done synthesizing module 'parser_dlmb_bram_if_cntlr_4' (0#1) [C:/Users/Muaz/Documents/MeteorDestroyer/Parser/Parser.runs/synth_1/.Xil/Vivado-49236-DESKTOP-BINRERU/realtime/parser_dlmb_bram_if_cntlr_4_stub.v:5]
INFO: [Synth 8-6157] synthesizing module 'parser_dlmb_v10_4' [C:/Users/Muaz/Documents/MeteorDestroyer/Parser/Parser.runs/synth_1/.Xil/Vivado-49236-DESKTOP-BINRERU/realtime/parser_dlmb_v10_4_stub.v:5]
INFO: [Synth 8-6155] done synthesizing module 'parser_dlmb_v10_4' (0#1) [C:/Users/Muaz/Documents/MeteorDestroyer/Parser/Parser.runs/synth_1/.Xil/Vivado-49236-DESKTOP-BINRERU/realtime/parser_dlmb_v10_4_stub.v:5]
WARNING: [Synth 8-7071] port 'LMB_Rst' of module 'parser_dlmb_v10_4' is unconnected for instance 'dlmb_v10' [c:/Users/Muaz/Documents/MeteorDestroyer/Parser/Parser.gen/sources_1/bd/parser/synth/parser.v:352]
WARNING: [Synth 8-7023] instance 'dlmb_v10' of module 'parser_dlmb_v10_4' has 25 connections declared, but only 24 given [c:/Users/Muaz/Documents/MeteorDestroyer/Parser/Parser.gen/sources_1/bd/parser/synth/parser.v:352]
INFO: [Synth 8-6157] synthesizing module 'parser_ilmb_bram_if_cntlr_4' [C:/Users/Muaz/Documents/MeteorDestroyer/Parser/Parser.runs/synth_1/.Xil/Vivado-49236-DESKTOP-BINRERU/realtime/parser_ilmb_bram_if_cntlr_4_stub.v:5]
INFO: [Synth 8-6155] done synthesizing module 'parser_ilmb_bram_if_cntlr_4' (0#1) [C:/Users/Muaz/Documents/MeteorDestroyer/Parser/Parser.runs/synth_1/.Xil/Vivado-49236-DESKTOP-BINRERU/realtime/parser_ilmb_bram_if_cntlr_4_stub.v:5]
INFO: [Synth 8-6157] synthesizing module 'parser_ilmb_v10_4' [C:/Users/Muaz/Documents/MeteorDestroyer/Parser/Parser.runs/synth_1/.Xil/Vivado-49236-DESKTOP-BINRERU/realtime/parser_ilmb_v10_4_stub.v:5]
INFO: [Synth 8-6155] done synthesizing module 'parser_ilmb_v10_4' (0#1) [C:/Users/Muaz/Documents/MeteorDestroyer/Parser/Parser.runs/synth_1/.Xil/Vivado-49236-DESKTOP-BINRERU/realtime/parser_ilmb_v10_4_stub.v:5]
WARNING: [Synth 8-7071] port 'LMB_Rst' of module 'parser_ilmb_v10_4' is unconnected for instance 'ilmb_v10' [c:/Users/Muaz/Documents/MeteorDestroyer/Parser/Parser.gen/sources_1/bd/parser/synth/parser.v:398]
WARNING: [Synth 8-7023] instance 'ilmb_v10' of module 'parser_ilmb_v10_4' has 25 connections declared, but only 24 given [c:/Users/Muaz/Documents/MeteorDestroyer/Parser/Parser.gen/sources_1/bd/parser/synth/parser.v:398]
INFO: [Synth 8-6157] synthesizing module 'parser_lmb_bram_4' [C:/Users/Muaz/Documents/MeteorDestroyer/Parser/Parser.runs/synth_1/.Xil/Vivado-49236-DESKTOP-BINRERU/realtime/parser_lmb_bram_4_stub.v:5]
INFO: [Synth 8-6155] done synthesizing module 'parser_lmb_bram_4' (0#1) [C:/Users/Muaz/Documents/MeteorDestroyer/Parser/Parser.runs/synth_1/.Xil/Vivado-49236-DESKTOP-BINRERU/realtime/parser_lmb_bram_4_stub.v:5]
WARNING: [Synth 8-7071] port 'rsta_busy' of module 'parser_lmb_bram_4' is unconnected for instance 'lmb_bram' [c:/Users/Muaz/Documents/MeteorDestroyer/Parser/Parser.gen/sources_1/bd/parser/synth/parser.v:423]
WARNING: [Synth 8-7071] port 'rstb_busy' of module 'parser_lmb_bram_4' is unconnected for instance 'lmb_bram' [c:/Users/Muaz/Documents/MeteorDestroyer/Parser/Parser.gen/sources_1/bd/parser/synth/parser.v:423]
WARNING: [Synth 8-7023] instance 'lmb_bram' of module 'parser_lmb_bram_4' has 16 connections declared, but only 14 given [c:/Users/Muaz/Documents/MeteorDestroyer/Parser/Parser.gen/sources_1/bd/parser/synth/parser.v:423]
INFO: [Synth 8-6155] done synthesizing module 'microblaze_0_local_memory_imp_1GYGW1O' (0#1) [c:/Users/Muaz/Documents/MeteorDestroyer/Parser/Parser.gen/sources_1/bd/parser/synth/parser.v:206]
INFO: [Synth 8-6157] synthesizing module 'parser_object_localizer_0_0' [C:/Users/Muaz/Documents/MeteorDestroyer/Parser/Parser.runs/synth_1/.Xil/Vivado-49236-DESKTOP-BINRERU/realtime/parser_object_localizer_0_0_stub.v:5]
INFO: [Synth 8-6155] done synthesizing module 'parser_object_localizer_0_0' (0#1) [C:/Users/Muaz/Documents/MeteorDestroyer/Parser/Parser.runs/synth_1/.Xil/Vivado-49236-DESKTOP-BINRERU/realtime/parser_object_localizer_0_0_stub.v:5]
INFO: [Synth 8-6157] synthesizing module 'parser_rst_clk_wiz_0_100M_0' [C:/Users/Muaz/Documents/MeteorDestroyer/Parser/Parser.runs/synth_1/.Xil/Vivado-49236-DESKTOP-BINRERU/realtime/parser_rst_clk_wiz_0_100M_0_stub.v:5]
INFO: [Synth 8-6155] done synthesizing module 'parser_rst_clk_wiz_0_100M_0' (0#1) [C:/Users/Muaz/Documents/MeteorDestroyer/Parser/Parser.runs/synth_1/.Xil/Vivado-49236-DESKTOP-BINRERU/realtime/parser_rst_clk_wiz_0_100M_0_stub.v:5]
WARNING: [Synth 8-7071] port 'peripheral_reset' of module 'parser_rst_clk_wiz_0_100M_0' is unconnected for instance 'rst_clk_wiz_0_100M' [c:/Users/Muaz/Documents/MeteorDestroyer/Parser/Parser.gen/sources_1/bd/parser/synth/parser.v:741]
WARNING: [Synth 8-7023] instance 'rst_clk_wiz_0_100M' of module 'parser_rst_clk_wiz_0_100M_0' has 10 connections declared, but only 9 given [c:/Users/Muaz/Documents/MeteorDestroyer/Parser/Parser.gen/sources_1/bd/parser/synth/parser.v:741]
INFO: [Synth 8-6155] done synthesizing module 'parser' (0#1) [c:/Users/Muaz/Documents/MeteorDestroyer/Parser/Parser.gen/sources_1/bd/parser/synth/parser.v:440]
INFO: [Synth 8-6155] done synthesizing module 'parser_wrapper' (0#1) [c:/Users/Muaz/Documents/MeteorDestroyer/Parser/Parser.gen/sources_1/bd/parser/hdl/parser_wrapper.v:12]
INFO: [Synth 8-6071] Mark debug on the nets applies keep_hierarchy on instance 'object_localizer_0'. This will prevent further optimization [c:/Users/Muaz/Documents/MeteorDestroyer/Parser/Parser.gen/sources_1/bd/parser/synth/parser.v:726]
INFO: [Synth 8-6071] Mark debug on the nets applies keep_hierarchy on instance 'ila_0'. This will prevent further optimization [c:/Users/Muaz/Documents/MeteorDestroyer/Parser/Parser.gen/sources_1/bd/parser/synth/parser.v:635]
WARNING: [Synth 8-7129] Port M_ACLK in module s00_couplers_imp_17PA950 is either unconnected or has no load
WARNING: [Synth 8-7129] Port M_ARESETN in module s00_couplers_imp_17PA950 is either unconnected or has no load
WARNING: [Synth 8-7129] Port S_ACLK in module s00_couplers_imp_17PA950 is either unconnected or has no load
WARNING: [Synth 8-7129] Port S_ARESETN in module s00_couplers_imp_17PA950 is either unconnected or has no load
WARNING: [Synth 8-7129] Port M_ACLK in module m01_couplers_imp_17ZHL0 is either unconnected or has no load
WARNING: [Synth 8-7129] Port M_ARESETN in module m01_couplers_imp_17ZHL0 is either unconnected or has no load
WARNING: [Synth 8-7129] Port S_ACLK in module m01_couplers_imp_17ZHL0 is either unconnected or has no load
WARNING: [Synth 8-7129] Port S_ARESETN in module m01_couplers_imp_17ZHL0 is either unconnected or has no load
WARNING: [Synth 8-7129] Port M_ACLK in module m00_couplers_imp_1B6P9P1 is either unconnected or has no load
WARNING: [Synth 8-7129] Port M_ARESETN in module m00_couplers_imp_1B6P9P1 is either unconnected or has no load
WARNING: [Synth 8-7129] Port S_ACLK in module m00_couplers_imp_1B6P9P1 is either unconnected or has no load
WARNING: [Synth 8-7129] Port S_ARESETN in module m00_couplers_imp_1B6P9P1 is either unconnected or has no load
---------------------------------------------------------------------------------
Finished RTL Elaboration : Time (s): cpu = 00:00:07 ; elapsed = 00:00:07 . Memory (MB): peak = 1328.500 ; gain = 46.492
---------------------------------------------------------------------------------
---------------------------------------------------------------------------------
Start Handling Custom Attributes
---------------------------------------------------------------------------------
---------------------------------------------------------------------------------
Finished Handling Custom Attributes : Time (s): cpu = 00:00:07 ; elapsed = 00:00:07 . Memory (MB): peak = 1328.500 ; gain = 46.492
---------------------------------------------------------------------------------
---------------------------------------------------------------------------------
Finished RTL Optimization Phase 1 : Time (s): cpu = 00:00:07 ; elapsed = 00:00:07 . Memory (MB): peak = 1328.500 ; gain = 46.492
---------------------------------------------------------------------------------
Netlist sorting complete. Time (s): cpu = 00:00:00 ; elapsed = 00:00:00.030 . Memory (MB): peak = 1328.500 ; gain = 0.000
INFO: [Project 1-570] Preparing netlist for logic optimization

Processing XDC Constraints
Initializing timing engine
Parsing XDC File [c:/Users/Muaz/Documents/MeteorDestroyer/Parser/Parser.gen/sources_1/bd/parser/ip/parser_rst_clk_wiz_0_100M_0/parser_rst_clk_wiz_0_100M_0/parser_rst_clk_wiz_0_100M_0_in_context.xdc] for cell 'parser_i/rst_clk_wiz_0_100M'
Finished Parsing XDC File [c:/Users/Muaz/Documents/MeteorDestroyer/Parser/Parser.gen/sources_1/bd/parser/ip/parser_rst_clk_wiz_0_100M_0/parser_rst_clk_wiz_0_100M_0/parser_rst_clk_wiz_0_100M_0_in_context.xdc] for cell 'parser_i/rst_clk_wiz_0_100M'
Parsing XDC File [c:/Users/Muaz/Documents/MeteorDestroyer/Parser/Parser.gen/sources_1/bd/parser/ip/parser_dlmb_bram_if_cntlr_4/parser_dlmb_bram_if_cntlr_4/parser_dlmb_bram_if_cntlr_4_in_context.xdc] for cell 'parser_i/microblaze_0_local_memory/dlmb_bram_if_cntlr'
Finished Parsing XDC File [c:/Users/Muaz/Documents/MeteorDestroyer/Parser/Parser.gen/sources_1/bd/parser/ip/parser_dlmb_bram_if_cntlr_4/parser_dlmb_bram_if_cntlr_4/parser_dlmb_bram_if_cntlr_4_in_context.xdc] for cell 'parser_i/microblaze_0_local_memory/dlmb_bram_if_cntlr'
Parsing XDC File [c:/Users/Muaz/Documents/MeteorDestroyer/Parser/Parser.gen/sources_1/bd/parser/ip/parser_dlmb_v10_4/parser_dlmb_v10_4/parser_dlmb_v10_4_in_context.xdc] for cell 'parser_i/microblaze_0_local_memory/dlmb_v10'
Finished Parsing XDC File [c:/Users/Muaz/Documents/MeteorDestroyer/Parser/Parser.gen/sources_1/bd/parser/ip/parser_dlmb_v10_4/parser_dlmb_v10_4/parser_dlmb_v10_4_in_context.xdc] for cell 'parser_i/microblaze_0_local_memory/dlmb_v10'
Parsing XDC File [c:/Users/Muaz/Documents/MeteorDestroyer/Parser/Parser.gen/sources_1/bd/parser/ip/parser_ilmb_bram_if_cntlr_4/parser_ilmb_bram_if_cntlr_4/parser_ilmb_bram_if_cntlr_4_in_context.xdc] for cell 'parser_i/microblaze_0_local_memory/ilmb_bram_if_cntlr'
Finished Parsing XDC File [c:/Users/Muaz/Documents/MeteorDestroyer/Parser/Parser.gen/sources_1/bd/parser/ip/parser_ilmb_bram_if_cntlr_4/parser_ilmb_bram_if_cntlr_4/parser_ilmb_bram_if_cntlr_4_in_context.xdc] for cell 'parser_i/microblaze_0_local_memory/ilmb_bram_if_cntlr'
Parsing XDC File [c:/Users/Muaz/Documents/MeteorDestroyer/Parser/Parser.gen/sources_1/bd/parser/ip/parser_ilmb_v10_4/parser_ilmb_v10_4/parser_dlmb_v10_4_in_context.xdc] for cell 'parser_i/microblaze_0_local_memory/ilmb_v10'
Finished Parsing XDC File [c:/Users/Muaz/Documents/MeteorDestroyer/Parser/Parser.gen/sources_1/bd/parser/ip/parser_ilmb_v10_4/parser_ilmb_v10_4/parser_dlmb_v10_4_in_context.xdc] for cell 'parser_i/microblaze_0_local_memory/ilmb_v10'
Parsing XDC File [c:/Users/Muaz/Documents/MeteorDestroyer/Parser/Parser.gen/sources_1/bd/parser/ip/parser_lmb_bram_4/parser_lmb_bram_4/parser_lmb_bram_4_in_context.xdc] for cell 'parser_i/microblaze_0_local_memory/lmb_bram'
Finished Parsing XDC File [c:/Users/Muaz/Documents/MeteorDestroyer/Parser/Parser.gen/sources_1/bd/parser/ip/parser_lmb_bram_4/parser_lmb_bram_4/parser_lmb_bram_4_in_context.xdc] for cell 'parser_i/microblaze_0_local_memory/lmb_bram'
Parsing XDC File [c:/Users/Muaz/Documents/MeteorDestroyer/Parser/Parser.gen/sources_1/bd/parser/ip/parser_array_parser_1_0/parser_array_parser_1_0/parser_array_parser_1_0_in_context.xdc] for cell 'parser_i/array_parser_1'
Finished Parsing XDC File [c:/Users/Muaz/Documents/MeteorDestroyer/Parser/Parser.gen/sources_1/bd/parser/ip/parser_array_parser_1_0/parser_array_parser_1_0/parser_array_parser_1_0_in_context.xdc] for cell 'parser_i/array_parser_1'
Parsing XDC File [c:/Users/Muaz/Documents/MeteorDestroyer/Parser/Parser.gen/sources_1/bd/parser/ip/parser_xbar_0_1/parser_xbar_0/parser_xbar_0_in_context.xdc] for cell 'parser_i/axi_interconnect_0/xbar'
Finished Parsing XDC File [c:/Users/Muaz/Documents/MeteorDestroyer/Parser/Parser.gen/sources_1/bd/parser/ip/parser_xbar_0_1/parser_xbar_0/parser_xbar_0_in_context.xdc] for cell 'parser_i/axi_interconnect_0/xbar'
Parsing XDC File [c:/Users/Muaz/Documents/MeteorDestroyer/Parser/Parser.gen/sources_1/bd/parser/ip/parser_axi_uartlite_0_0/parser_axi_uartlite_0_0/parser_axi_uartlite_0_0_in_context.xdc] for cell 'parser_i/axi_uartlite_0'
Finished Parsing XDC File [c:/Users/Muaz/Documents/MeteorDestroyer/Parser/Parser.gen/sources_1/bd/parser/ip/parser_axi_uartlite_0_0/parser_axi_uartlite_0_0/parser_axi_uartlite_0_0_in_context.xdc] for cell 'parser_i/axi_uartlite_0'
Parsing XDC File [c:/Users/Muaz/Documents/MeteorDestroyer/Parser/Parser.gen/sources_1/bd/parser/ip/parser_clk_wiz_0_0/parser_clk_wiz_0_0/parser_clk_wiz_0_0_in_context.xdc] for cell 'parser_i/clk_wiz_0'
Finished Parsing XDC File [c:/Users/Muaz/Documents/MeteorDestroyer/Parser/Parser.gen/sources_1/bd/parser/ip/parser_clk_wiz_0_0/parser_clk_wiz_0_0/parser_clk_wiz_0_0_in_context.xdc] for cell 'parser_i/clk_wiz_0'
Parsing XDC File [c:/Users/Muaz/Documents/MeteorDestroyer/Parser/Parser.gen/sources_1/bd/parser/ip/parser_ila_0_1/parser_ila_0_1/parser_ila_0_1_in_context.xdc] for cell 'parser_i/ila_0'
Finished Parsing XDC File [c:/Users/Muaz/Documents/MeteorDestroyer/Parser/Parser.gen/sources_1/bd/parser/ip/parser_ila_0_1/parser_ila_0_1/parser_ila_0_1_in_context.xdc] for cell 'parser_i/ila_0'
Parsing XDC File [c:/Users/Muaz/Documents/MeteorDestroyer/Parser/Parser.gen/sources_1/bd/parser/ip/parser_mdm_1_4/parser_mdm_1_4/parser_mdm_1_4_in_context.xdc] for cell 'parser_i/mdm_1'
Finished Parsing XDC File [c:/Users/Muaz/Documents/MeteorDestroyer/Parser/Parser.gen/sources_1/bd/parser/ip/parser_mdm_1_4/parser_mdm_1_4/parser_mdm_1_4_in_context.xdc] for cell 'parser_i/mdm_1'
Parsing XDC File [c:/Users/Muaz/Documents/MeteorDestroyer/Parser/Parser.gen/sources_1/bd/parser/ip/parser_microblaze_0_0/parser_microblaze_0_0/parser_microblaze_0_0_in_context.xdc] for cell 'parser_i/microblaze_0'
Finished Parsing XDC File [c:/Users/Muaz/Documents/MeteorDestroyer/Parser/Parser.gen/sources_1/bd/parser/ip/parser_microblaze_0_0/parser_microblaze_0_0/parser_microblaze_0_0_in_context.xdc] for cell 'parser_i/microblaze_0'
Parsing XDC File [c:/Users/Muaz/Documents/MeteorDestroyer/Parser/Parser.gen/sources_1/bd/parser/ip/parser_object_localizer_0_0/parser_object_localizer_0_0/parser_object_localizer_0_0_in_context.xdc] for cell 'parser_i/object_localizer_0'
Finished Parsing XDC File [c:/Users/Muaz/Documents/MeteorDestroyer/Parser/Parser.gen/sources_1/bd/parser/ip/parser_object_localizer_0_0/parser_object_localizer_0_0/parser_object_localizer_0_0_in_context.xdc] for cell 'parser_i/object_localizer_0'
Parsing XDC File [C:/Users/Muaz/Documents/MeteorDestroyer/Parser/Parser.srcs/constrs_1/new/constraints.xdc]
WARNING: [Vivado 12-584] No ports matched 'echo_0[3]'. [C:/Users/Muaz/Documents/MeteorDestroyer/Parser/Parser.srcs/constrs_1/new/constraints.xdc:5]
WARNING: [Vivado 12-584] No ports matched 'echo_0[4]'. [C:/Users/Muaz/Documents/MeteorDestroyer/Parser/Parser.srcs/constrs_1/new/constraints.xdc:6]
WARNING: [Vivado 12-584] No ports matched 'echo_0[4]'. [C:/Users/Muaz/Documents/MeteorDestroyer/Parser/Parser.srcs/constrs_1/new/constraints.xdc:7]
WARNING: [Vivado 12-584] No ports matched 'echo_0[3]'. [C:/Users/Muaz/Documents/MeteorDestroyer/Parser/Parser.srcs/constrs_1/new/constraints.xdc:8]
Finished Parsing XDC File [C:/Users/Muaz/Documents/MeteorDestroyer/Parser/Parser.srcs/constrs_1/new/constraints.xdc]
WARNING: [Project 1-498] One or more constraints failed evaluation while reading constraint file [C:/Users/Muaz/Documents/MeteorDestroyer/Parser/Parser.srcs/constrs_1/new/constraints.xdc] and the design contains unresolved black boxes. These constraints will be read post-synthesis (as long as their source constraint file is marked as used_in_implementation) and should be applied correctly then. You should review the constraints listed in the file [.Xil/parser_wrapper_propImpl.xdc] and check the run log file to verify that these constraints were correctly applied.
INFO: [Project 1-236] Implementation specific constraints were found while reading constraint file [C:/Users/Muaz/Documents/MeteorDestroyer/Parser/Parser.srcs/constrs_1/new/constraints.xdc]. These constraints will be ignored for synthesis but will be used in implementation. Impacted constraints are listed in the file [.Xil/parser_wrapper_propImpl.xdc].
Resolution: To avoid this warning, move constraints listed in [.Xil/parser_wrapper_propImpl.xdc] to another XDC file and exclude this new file from synthesis with the used_in_synthesis property (File Properties dialog in GUI) and re-run elaboration/synthesis.
Parsing XDC File [C:/Users/Muaz/Documents/MeteorDestroyer/Parser/Parser.runs/synth_1/dont_touch.xdc]
Finished Parsing XDC File [C:/Users/Muaz/Documents/MeteorDestroyer/Parser/Parser.runs/synth_1/dont_touch.xdc]
Completed Processing XDC Constraints

Netlist sorting complete. Time (s): cpu = 00:00:00 ; elapsed = 00:00:00 . Memory (MB): peak = 1338.176 ; gain = 0.000
INFO: [Project 1-111] Unisim Transformation Summary:
No Unisim elements were transformed.

Constraint Validation Runtime : Time (s): cpu = 00:00:00 ; elapsed = 00:00:00.005 . Memory (MB): peak = 1338.176 ; gain = 0.000
WARNING: [Timing 38-316] Clock period '20.000' specified during out-of-context synthesis of instance 'parser_i/microblaze_0_local_memory/lmb_bram' at clock pin 'clka' is different from the actual clock period '10.000', this can lead to different synthesis results.
---------------------------------------------------------------------------------
Finished Constraint Validation : Time (s): cpu = 00:00:15 ; elapsed = 00:00:15 . Memory (MB): peak = 1338.391 ; gain = 56.383
---------------------------------------------------------------------------------
---------------------------------------------------------------------------------
Start Loading Part and Timing Information
---------------------------------------------------------------------------------
Loading part: xc7a200tsbg484-1
---------------------------------------------------------------------------------
Finished Loading Part and Timing Information : Time (s): cpu = 00:00:15 ; elapsed = 00:00:15 . Memory (MB): peak = 1338.391 ; gain = 56.383
---------------------------------------------------------------------------------
---------------------------------------------------------------------------------
Start Applying 'set_property' XDC Constraints
---------------------------------------------------------------------------------
Applied set_property IO_BUFFER_TYPE = NONE for sys_clock. (constraint file  c:/Users/Muaz/Documents/MeteorDestroyer/Parser/Parser.gen/sources_1/bd/parser/ip/parser_clk_wiz_0_0/parser_clk_wiz_0_0/parser_clk_wiz_0_0_in_context.xdc, line 3).
Applied set_property CLOCK_BUFFER_TYPE = NONE for sys_clock. (constraint file  c:/Users/Muaz/Documents/MeteorDestroyer/Parser/Parser.gen/sources_1/bd/parser/ip/parser_clk_wiz_0_0/parser_clk_wiz_0_0/parser_clk_wiz_0_0_in_context.xdc, line 4).
Applied set_property KEEP_HIERARCHY = SOFT for parser_i. (constraint file  auto generated constraint).
Applied set_property KEEP_HIERARCHY = SOFT for parser_i/rst_clk_wiz_0_100M. (constraint file  auto generated constraint).
Applied set_property KEEP_HIERARCHY = SOFT for parser_i/microblaze_0_local_memory/dlmb_bram_if_cntlr. (constraint file  auto generated constraint).
Applied set_property KEEP_HIERARCHY = SOFT for parser_i/microblaze_0_local_memory/dlmb_v10. (constraint file  auto generated constraint).
Applied set_property KEEP_HIERARCHY = SOFT for parser_i/microblaze_0_local_memory/ilmb_bram_if_cntlr. (constraint file  auto generated constraint).
Applied set_property KEEP_HIERARCHY = SOFT for parser_i/microblaze_0_local_memory/ilmb_v10. (constraint file  auto generated constraint).
Applied set_property KEEP_HIERARCHY = SOFT for parser_i/microblaze_0_local_memory/lmb_bram. (constraint file  auto generated constraint).
Applied set_property KEEP_HIERARCHY = SOFT for parser_i/array_parser_1. (constraint file  auto generated constraint).
Applied set_property KEEP_HIERARCHY = SOFT for parser_i/axi_interconnect_0/xbar. (constraint file  auto generated constraint).
Applied set_property KEEP_HIERARCHY = SOFT for parser_i/axi_interconnect_0. (constraint file  auto generated constraint).
Applied set_property KEEP_HIERARCHY = SOFT for parser_i/axi_uartlite_0. (constraint file  auto generated constraint).
Applied set_property KEEP_HIERARCHY = SOFT for parser_i/clk_wiz_0. (constraint file  auto generated constraint).
Applied set_property KEEP_HIERARCHY = SOFT for parser_i/ila_0. (constraint file  auto generated constraint).
Applied set_property KEEP_HIERARCHY = SOFT for parser_i/mdm_1. (constraint file  auto generated constraint).
Applied set_property KEEP_HIERARCHY = SOFT for parser_i/microblaze_0. (constraint file  auto generated constraint).
Applied set_property KEEP_HIERARCHY = SOFT for parser_i/object_localizer_0. (constraint file  auto generated constraint).
---------------------------------------------------------------------------------
Finished applying 'set_property' XDC Constraints : Time (s): cpu = 00:00:15 ; elapsed = 00:00:15 . Memory (MB): peak = 1338.391 ; gain = 56.383
---------------------------------------------------------------------------------
---------------------------------------------------------------------------------
Finished RTL Optimization Phase 2 : Time (s): cpu = 00:00:15 ; elapsed = 00:00:15 . Memory (MB): peak = 1338.391 ; gain = 56.383
---------------------------------------------------------------------------------
---------------------------------------------------------------------------------
Start RTL Component Statistics 
---------------------------------------------------------------------------------
Detailed RTL Component Info : 
---------------------------------------------------------------------------------
Finished RTL Component Statistics 
---------------------------------------------------------------------------------
---------------------------------------------------------------------------------
Start Part Resource Summary
---------------------------------------------------------------------------------
Part Resources:
DSPs: 740 (col length:100)
BRAMs: 730 (col length: RAMB18 100 RAMB36 50)
---------------------------------------------------------------------------------
Finished Part Resource Summary
---------------------------------------------------------------------------------
---------------------------------------------------------------------------------
Start Cross Boundary and Area Optimization
---------------------------------------------------------------------------------
WARNING: [Synth 8-7080] Parallel synthesis criteria is not met
WARNING: [Synth 8-7129] Port M00_ACLK in module parser_axi_interconnect_0_1 is either unconnected or has no load
WARNING: [Synth 8-7129] Port M00_ARESETN in module parser_axi_interconnect_0_1 is either unconnected or has no load
WARNING: [Synth 8-7129] Port M01_ACLK in module parser_axi_interconnect_0_1 is either unconnected or has no load
WARNING: [Synth 8-7129] Port M01_ARESETN in module parser_axi_interconnect_0_1 is either unconnected or has no load
WARNING: [Synth 8-7129] Port S00_ACLK in module parser_axi_interconnect_0_1 is either unconnected or has no load
WARNING: [Synth 8-7129] Port S00_ARESETN in module parser_axi_interconnect_0_1 is either unconnected or has no load
---------------------------------------------------------------------------------
Finished Cross Boundary and Area Optimization : Time (s): cpu = 00:00:17 ; elapsed = 00:00:17 . Memory (MB): peak = 1338.391 ; gain = 56.383
---------------------------------------------------------------------------------
---------------------------------------------------------------------------------
Start Applying XDC Timing Constraints
---------------------------------------------------------------------------------
---------------------------------------------------------------------------------
Finished Applying XDC Timing Constraints : Time (s): cpu = 00:00:23 ; elapsed = 00:00:23 . Memory (MB): peak = 1338.391 ; gain = 56.383
---------------------------------------------------------------------------------
---------------------------------------------------------------------------------
Start Timing Optimization
---------------------------------------------------------------------------------
---------------------------------------------------------------------------------
Finished Timing Optimization : Time (s): cpu = 00:00:23 ; elapsed = 00:00:23 . Memory (MB): peak = 1338.391 ; gain = 56.383
---------------------------------------------------------------------------------
---------------------------------------------------------------------------------
Start Technology Mapping
---------------------------------------------------------------------------------
---------------------------------------------------------------------------------
Finished Technology Mapping : Time (s): cpu = 00:00:23 ; elapsed = 00:00:23 . Memory (MB): peak = 1346.570 ; gain = 64.562
---------------------------------------------------------------------------------
---------------------------------------------------------------------------------
Start IO Insertion
---------------------------------------------------------------------------------
---------------------------------------------------------------------------------
Start Flattening Before IO Insertion
---------------------------------------------------------------------------------
---------------------------------------------------------------------------------
Finished Flattening Before IO Insertion
---------------------------------------------------------------------------------
---------------------------------------------------------------------------------
Start Final Netlist Cleanup
---------------------------------------------------------------------------------
---------------------------------------------------------------------------------
Finished Final Netlist Cleanup
---------------------------------------------------------------------------------
---------------------------------------------------------------------------------
Finished IO Insertion : Time (s): cpu = 00:00:27 ; elapsed = 00:00:27 . Memory (MB): peak = 1352.293 ; gain = 70.285
---------------------------------------------------------------------------------
---------------------------------------------------------------------------------
Start Renaming Generated Instances
---------------------------------------------------------------------------------
---------------------------------------------------------------------------------
Finished Renaming Generated Instances : Time (s): cpu = 00:00:27 ; elapsed = 00:00:27 . Memory (MB): peak = 1352.293 ; gain = 70.285
---------------------------------------------------------------------------------
---------------------------------------------------------------------------------
Start Rebuilding User Hierarchy
---------------------------------------------------------------------------------
---------------------------------------------------------------------------------
Finished Rebuilding User Hierarchy : Time (s): cpu = 00:00:27 ; elapsed = 00:00:27 . Memory (MB): peak = 1352.293 ; gain = 70.285
---------------------------------------------------------------------------------
---------------------------------------------------------------------------------
Start Renaming Generated Ports
---------------------------------------------------------------------------------
---------------------------------------------------------------------------------
Finished Renaming Generated Ports : Time (s): cpu = 00:00:27 ; elapsed = 00:00:27 . Memory (MB): peak = 1352.293 ; gain = 70.285
---------------------------------------------------------------------------------
---------------------------------------------------------------------------------
Start Handling Custom Attributes
---------------------------------------------------------------------------------
---------------------------------------------------------------------------------
Finished Handling Custom Attributes : Time (s): cpu = 00:00:27 ; elapsed = 00:00:27 . Memory (MB): peak = 1352.293 ; gain = 70.285
---------------------------------------------------------------------------------
---------------------------------------------------------------------------------
Start Renaming Generated Nets
---------------------------------------------------------------------------------
---------------------------------------------------------------------------------
Finished Renaming Generated Nets : Time (s): cpu = 00:00:27 ; elapsed = 00:00:27 . Memory (MB): peak = 1352.293 ; gain = 70.285
---------------------------------------------------------------------------------
---------------------------------------------------------------------------------
Start Writing Synthesis Report
---------------------------------------------------------------------------------

Report BlackBoxes: 
+------+----------------------------+----------+
|      |BlackBox name               |Instances |
+------+----------------------------+----------+
|1     |parser_xbar_0               |         1|
|2     |parser_array_parser_1_0     |         1|
|3     |parser_axi_uartlite_0_0     |         1|
|4     |parser_clk_wiz_0_0          |         1|
|5     |parser_ila_0_1              |         1|
|6     |parser_mdm_1_4              |         1|
|7     |parser_microblaze_0_0       |         1|
|8     |parser_object_localizer_0_0 |         1|
|9     |parser_rst_clk_wiz_0_100M_0 |         1|
|10    |parser_dlmb_bram_if_cntlr_4 |         1|
|11    |parser_dlmb_v10_4           |         1|
|12    |parser_ilmb_bram_if_cntlr_4 |         1|
|13    |parser_ilmb_v10_4           |         1|
|14    |parser_lmb_bram_4           |         1|
+------+----------------------------+----------+

Report Cell Usage: 
+------+--------------------------+------+
|      |Cell                      |Count |
+------+--------------------------+------+
|1     |parser_array_parser_1     |     1|
|2     |parser_axi_uartlite_0     |     1|
|3     |parser_clk_wiz_0          |     1|
|4     |parser_dlmb_bram_if_cntlr |     1|
|5     |parser_dlmb_v10           |     1|
|6     |parser_ila_0              |     1|
|7     |parser_ilmb_bram_if_cntlr |     1|
|8     |parser_ilmb_v10           |     1|
|9     |parser_lmb_bram           |     1|
|10    |parser_mdm_1              |     1|
|11    |parser_microblaze_0       |     1|
|12    |parser_object_localizer_0 |     1|
|13    |parser_rst_clk_wiz_0_100M |     1|
|14    |parser_xbar               |     1|
|15    |IBUF                      |     5|
|16    |OBUF                      |     2|
+------+--------------------------+------+
---------------------------------------------------------------------------------
Finished Writing Synthesis Report : Time (s): cpu = 00:00:27 ; elapsed = 00:00:27 . Memory (MB): peak = 1352.293 ; gain = 70.285
---------------------------------------------------------------------------------
Synthesis finished with 0 errors, 0 critical warnings and 7 warnings.
Synthesis Optimization Runtime : Time (s): cpu = 00:00:17 ; elapsed = 00:00:24 . Memory (MB): peak = 1352.293 ; gain = 60.395
Synthesis Optimization Complete : Time (s): cpu = 00:00:27 ; elapsed = 00:00:27 . Memory (MB): peak = 1352.293 ; gain = 70.285
INFO: [Project 1-571] Translating synthesized netlist
Netlist sorting complete. Time (s): cpu = 00:00:00 ; elapsed = 00:00:00.024 . Memory (MB): peak = 1364.398 ; gain = 0.000
INFO: [Project 1-570] Preparing netlist for logic optimization
INFO: [Opt 31-138] Pushed 0 inverter(s) to 0 load pin(s).
Netlist sorting complete. Time (s): cpu = 00:00:00 ; elapsed = 00:00:00 . Memory (MB): peak = 1374.609 ; gain = 0.000
INFO: [Project 1-111] Unisim Transformation Summary:
No Unisim elements were transformed.

Synth Design complete, checksum: 2e7510ac
INFO: [Common 17-83] Releasing license: Synthesis
61 Infos, 42 Warnings, 0 Critical Warnings and 0 Errors encountered.
synth_design completed successfully
synth_design: Time (s): cpu = 00:00:31 ; elapsed = 00:00:32 . Memory (MB): peak = 1374.609 ; gain = 92.602
INFO: [Common 17-1381] The checkpoint 'C:/Users/Muaz/Documents/MeteorDestroyer/Parser/Parser.runs/synth_1/parser_wrapper.dcp' has been generated.
INFO: [runtcl-4] Executing : report_utilization -file parser_wrapper_utilization_synth.rpt -pb parser_wrapper_utilization_synth.pb
INFO: [Common 17-206] Exiting Vivado at Sun Mar 16 05:55:49 2025...
