
*** Running vivado
    with args -log hdmi_v_axi4s_vid_out_0_0.vds -m64 -product Vivado -mode batch -messageDb vivado.pb -notrace -source hdmi_v_axi4s_vid_out_0_0.tcl



****** Vivado v2022.1 (64-bit)
  **** SW Build 3526262 on Mon Apr 18 15:48:16 MDT 2022
  **** IP Build 3524634 on Mon Apr 18 20:55:01 MDT 2022
    ** Copyright 1986-2022 Xilinx, Inc. All Rights Reserved.

INFO: [Common 17-1239] XILINX_LOCAL_USER_DATA is set to 'no'.
source hdmi_v_axi4s_vid_out_0_0.tcl -notrace
create_project: Time (s): cpu = 00:00:09 ; elapsed = 00:00:13 . Memory (MB): peak = 1418.570 ; gain = 649.535
INFO: [IP_Flow 19-234] Refreshing IP repositories
INFO: [IP_Flow 19-1700] Loaded user IP repository 'd:/VivadoPrj/Nexys-all-Projects/NVideoHDMI-22.1u/hw/hw/hw.ipdefs/repo'.
INFO: [IP_Flow 19-2313] Loaded Vivado IP repository 'D:/Xilinx/Vivado/2022.1/data/ip'.
Command: synth_design -top hdmi_v_axi4s_vid_out_0_0 -part xc7a200tsbg484-1 -incremental_mode off -mode out_of_context
Starting synth_design
Attempting to get a license for feature 'Synthesis' and/or device 'xc7a200t'
INFO: [Common 17-349] Got license for feature 'Synthesis' and/or device 'xc7a200t'
INFO: [Device 21-403] Loading part xc7a200tsbg484-1
INFO: [Synth 8-7079] Multithreading enabled for synth_design using a maximum of 2 processes.
INFO: [Synth 8-7078] Launching helper process for spawning children vivado processes
INFO: [Synth 8-7075] Helper process launched with PID 40892
WARNING: [Synth 8-9501] generate block is allowed only inside loop and conditional generate in SystemVerilog mode [D:/Xilinx/Vivado/2022.1/data/ip/xpm/xpm_fifo/hdl/xpm_fifo.sv:4023]
---------------------------------------------------------------------------------
Starting RTL Elaboration : Time (s): cpu = 00:00:10 ; elapsed = 00:00:14 . Memory (MB): peak = 1549.180 ; gain = 0.000
---------------------------------------------------------------------------------
INFO: [Synth 8-6157] synthesizing module 'hdmi_v_axi4s_vid_out_0_0' [d:/VivadoPrj/Nexys-all-Projects/NVideoHDMI-22.1u/hw/hw/hw.gen/sources_1/bd/hdmi/ip/hdmi_v_axi4s_vid_out_0_0/synth/hdmi_v_axi4s_vid_out_0_0.v:53]
INFO: [Synth 8-6157] synthesizing module 'v_axi4s_vid_out_v4_0_14' [d:/VivadoPrj/Nexys-all-Projects/NVideoHDMI-22.1u/hw/hw/hw.gen/sources_1/bd/hdmi/ipshared/f733/hdl/v_axi4s_vid_out_v4_0_vl_rfs.v:2348]
INFO: [Synth 8-6157] synthesizing module 'v_axi4s_vid_out_v4_0_14_cdc_single' [d:/VivadoPrj/Nexys-all-Projects/NVideoHDMI-22.1u/hw/hw/hw.gen/sources_1/bd/hdmi/ipshared/f733/hdl/v_axi4s_vid_out_v4_0_vl_rfs.v:208]
INFO: [Synth 8-6157] synthesizing module 'xpm_cdc_single' [D:/Xilinx/Vivado/2022.1/data/ip/xpm/xpm_cdc/hdl/xpm_cdc.sv:152]
INFO: [Synth 8-6155] done synthesizing module 'xpm_cdc_single' (0#1) [D:/Xilinx/Vivado/2022.1/data/ip/xpm/xpm_cdc/hdl/xpm_cdc.sv:152]
INFO: [Synth 8-6155] done synthesizing module 'v_axi4s_vid_out_v4_0_14_cdc_single' (0#1) [d:/VivadoPrj/Nexys-all-Projects/NVideoHDMI-22.1u/hw/hw/hw.gen/sources_1/bd/hdmi/ipshared/f733/hdl/v_axi4s_vid_out_v4_0_vl_rfs.v:208]
INFO: [Synth 8-6157] synthesizing module 'v_axi4s_vid_out_v4_0_14_coupler' [d:/VivadoPrj/Nexys-all-Projects/NVideoHDMI-22.1u/hw/hw/hw.gen/sources_1/bd/hdmi/ipshared/f733/hdl/v_axi4s_vid_out_v4_0_vl_rfs.v:293]
INFO: [Synth 8-6157] synthesizing module 'v_axi4s_vid_out_v4_0_14_fifo_sync' [d:/VivadoPrj/Nexys-all-Projects/NVideoHDMI-22.1u/hw/hw/hw.gen/sources_1/bd/hdmi/ipshared/f733/hdl/v_axi4s_vid_out_v4_0_vl_rfs.v:136]
INFO: [Synth 8-6157] synthesizing module 'xpm_fifo_sync' [D:/Xilinx/Vivado/2022.1/data/ip/xpm/xpm_fifo/hdl/xpm_fifo.sv:1950]
INFO: [Synth 8-6157] synthesizing module 'xpm_fifo_base' [D:/Xilinx/Vivado/2022.1/data/ip/xpm/xpm_fifo/hdl/xpm_fifo.sv:55]
INFO: [Synth 8-6157] synthesizing module 'xpm_memory_base' [D:/Xilinx/Vivado/2022.1/data/ip/xpm/xpm_memory/hdl/xpm_memory.sv:56]
INFO: [Synth 8-6059] Synth Info: [XPM_MEMORY 20-1] MEMORY_PRIMITIVE (0) instructs Vivado Synthesis to choose the memory primitive type. Depending on their values, other XPM_MEMORY parameters may preclude the choice of certain memory primitive types. Review XPM_MEMORY documentation and parameter values to understand any limitations, or set MEMORY_PRIMITIVE to a different value.   [D:/Xilinx/Vivado/2022.1/data/ip/xpm/xpm_memory/hdl/xpm_memory.sv:493]
INFO: [Synth 8-6155] done synthesizing module 'xpm_memory_base' (0#1) [D:/Xilinx/Vivado/2022.1/data/ip/xpm/xpm_memory/hdl/xpm_memory.sv:56]
INFO: [Synth 8-226] default block is never used [D:/Xilinx/Vivado/2022.1/data/ip/xpm/xpm_fifo/hdl/xpm_fifo.sv:1206]
INFO: [Synth 8-226] default block is never used [D:/Xilinx/Vivado/2022.1/data/ip/xpm/xpm_fifo/hdl/xpm_fifo.sv:1273]
INFO: [Synth 8-226] default block is never used [D:/Xilinx/Vivado/2022.1/data/ip/xpm/xpm_fifo/hdl/xpm_fifo.sv:1295]
INFO: [Synth 8-6157] synthesizing module 'xpm_fifo_reg_bit' [D:/Xilinx/Vivado/2022.1/data/ip/xpm/xpm_fifo/hdl/xpm_fifo.sv:1906]
INFO: [Synth 8-6155] done synthesizing module 'xpm_fifo_reg_bit' (0#1) [D:/Xilinx/Vivado/2022.1/data/ip/xpm/xpm_fifo/hdl/xpm_fifo.sv:1906]
INFO: [Synth 8-6157] synthesizing module 'xpm_counter_updn' [D:/Xilinx/Vivado/2022.1/data/ip/xpm/xpm_fifo/hdl/xpm_fifo.sv:1858]
INFO: [Synth 8-6155] done synthesizing module 'xpm_counter_updn' (0#1) [D:/Xilinx/Vivado/2022.1/data/ip/xpm/xpm_fifo/hdl/xpm_fifo.sv:1858]
INFO: [Synth 8-6157] synthesizing module 'xpm_fifo_rst' [D:/Xilinx/Vivado/2022.1/data/ip/xpm/xpm_fifo/hdl/xpm_fifo.sv:1618]
INFO: [Synth 8-6155] done synthesizing module 'xpm_fifo_rst' (0#1) [D:/Xilinx/Vivado/2022.1/data/ip/xpm/xpm_fifo/hdl/xpm_fifo.sv:1618]
INFO: [Synth 8-6157] synthesizing module 'xpm_counter_updn__parameterized0' [D:/Xilinx/Vivado/2022.1/data/ip/xpm/xpm_fifo/hdl/xpm_fifo.sv:1858]
INFO: [Synth 8-6155] done synthesizing module 'xpm_counter_updn__parameterized0' (0#1) [D:/Xilinx/Vivado/2022.1/data/ip/xpm/xpm_fifo/hdl/xpm_fifo.sv:1858]
INFO: [Synth 8-6157] synthesizing module 'xpm_counter_updn__parameterized1' [D:/Xilinx/Vivado/2022.1/data/ip/xpm/xpm_fifo/hdl/xpm_fifo.sv:1858]
INFO: [Synth 8-6155] done synthesizing module 'xpm_counter_updn__parameterized1' (0#1) [D:/Xilinx/Vivado/2022.1/data/ip/xpm/xpm_fifo/hdl/xpm_fifo.sv:1858]
INFO: [Synth 8-6157] synthesizing module 'xpm_counter_updn__parameterized2' [D:/Xilinx/Vivado/2022.1/data/ip/xpm/xpm_fifo/hdl/xpm_fifo.sv:1858]
INFO: [Synth 8-6155] done synthesizing module 'xpm_counter_updn__parameterized2' (0#1) [D:/Xilinx/Vivado/2022.1/data/ip/xpm/xpm_fifo/hdl/xpm_fifo.sv:1858]
INFO: [Synth 8-6155] done synthesizing module 'xpm_fifo_base' (0#1) [D:/Xilinx/Vivado/2022.1/data/ip/xpm/xpm_fifo/hdl/xpm_fifo.sv:55]
INFO: [Synth 8-6155] done synthesizing module 'xpm_fifo_sync' (0#1) [D:/Xilinx/Vivado/2022.1/data/ip/xpm/xpm_fifo/hdl/xpm_fifo.sv:1950]
WARNING: [Synth 8-7071] port 'almost_full' of module 'xpm_fifo_sync' is unconnected for instance 'XPM_FIFO_SYNC_INST' [d:/VivadoPrj/Nexys-all-Projects/NVideoHDMI-22.1u/hw/hw/hw.gen/sources_1/bd/hdmi/ipshared/f733/hdl/v_axi4s_vid_out_v4_0_vl_rfs.v:182]
WARNING: [Synth 8-7071] port 'wr_ack' of module 'xpm_fifo_sync' is unconnected for instance 'XPM_FIFO_SYNC_INST' [d:/VivadoPrj/Nexys-all-Projects/NVideoHDMI-22.1u/hw/hw/hw.gen/sources_1/bd/hdmi/ipshared/f733/hdl/v_axi4s_vid_out_v4_0_vl_rfs.v:182]
WARNING: [Synth 8-7071] port 'almost_empty' of module 'xpm_fifo_sync' is unconnected for instance 'XPM_FIFO_SYNC_INST' [d:/VivadoPrj/Nexys-all-Projects/NVideoHDMI-22.1u/hw/hw/hw.gen/sources_1/bd/hdmi/ipshared/f733/hdl/v_axi4s_vid_out_v4_0_vl_rfs.v:182]
WARNING: [Synth 8-7071] port 'data_valid' of module 'xpm_fifo_sync' is unconnected for instance 'XPM_FIFO_SYNC_INST' [d:/VivadoPrj/Nexys-all-Projects/NVideoHDMI-22.1u/hw/hw/hw.gen/sources_1/bd/hdmi/ipshared/f733/hdl/v_axi4s_vid_out_v4_0_vl_rfs.v:182]
WARNING: [Synth 8-7023] instance 'XPM_FIFO_SYNC_INST' of module 'xpm_fifo_sync' has 25 connections declared, but only 21 given [d:/VivadoPrj/Nexys-all-Projects/NVideoHDMI-22.1u/hw/hw/hw.gen/sources_1/bd/hdmi/ipshared/f733/hdl/v_axi4s_vid_out_v4_0_vl_rfs.v:182]
INFO: [Synth 8-6155] done synthesizing module 'v_axi4s_vid_out_v4_0_14_fifo_sync' (0#1) [d:/VivadoPrj/Nexys-all-Projects/NVideoHDMI-22.1u/hw/hw/hw.gen/sources_1/bd/hdmi/ipshared/f733/hdl/v_axi4s_vid_out_v4_0_vl_rfs.v:136]
INFO: [Synth 8-6155] done synthesizing module 'v_axi4s_vid_out_v4_0_14_coupler' (0#1) [d:/VivadoPrj/Nexys-all-Projects/NVideoHDMI-22.1u/hw/hw/hw.gen/sources_1/bd/hdmi/ipshared/f733/hdl/v_axi4s_vid_out_v4_0_vl_rfs.v:293]
INFO: [Synth 8-6157] synthesizing module 'v_axi4s_vid_out_v4_0_14_sync' [d:/VivadoPrj/Nexys-all-Projects/NVideoHDMI-22.1u/hw/hw/hw.gen/sources_1/bd/hdmi/ipshared/f733/hdl/v_axi4s_vid_out_v4_0_vl_rfs.v:505]
INFO: [Synth 8-155] case statement is not full and has no default [d:/VivadoPrj/Nexys-all-Projects/NVideoHDMI-22.1u/hw/hw/hw.gen/sources_1/bd/hdmi/ipshared/f733/hdl/v_axi4s_vid_out_v4_0_vl_rfs.v:990]
INFO: [Synth 8-155] case statement is not full and has no default [d:/VivadoPrj/Nexys-all-Projects/NVideoHDMI-22.1u/hw/hw/hw.gen/sources_1/bd/hdmi/ipshared/f733/hdl/v_axi4s_vid_out_v4_0_vl_rfs.v:688]
INFO: [Synth 8-6155] done synthesizing module 'v_axi4s_vid_out_v4_0_14_sync' (0#1) [d:/VivadoPrj/Nexys-all-Projects/NVideoHDMI-22.1u/hw/hw/hw.gen/sources_1/bd/hdmi/ipshared/f733/hdl/v_axi4s_vid_out_v4_0_vl_rfs.v:505]
INFO: [Synth 8-6157] synthesizing module 'v_axi4s_vid_out_v4_0_14_formatter' [d:/VivadoPrj/Nexys-all-Projects/NVideoHDMI-22.1u/hw/hw/hw.gen/sources_1/bd/hdmi/ipshared/f733/hdl/v_axi4s_vid_out_v4_0_vl_rfs.v:1180]
INFO: [Synth 8-6155] done synthesizing module 'v_axi4s_vid_out_v4_0_14_formatter' (0#1) [d:/VivadoPrj/Nexys-all-Projects/NVideoHDMI-22.1u/hw/hw/hw.gen/sources_1/bd/hdmi/ipshared/f733/hdl/v_axi4s_vid_out_v4_0_vl_rfs.v:1180]
INFO: [Synth 8-6155] done synthesizing module 'v_axi4s_vid_out_v4_0_14' (0#1) [d:/VivadoPrj/Nexys-all-Projects/NVideoHDMI-22.1u/hw/hw/hw.gen/sources_1/bd/hdmi/ipshared/f733/hdl/v_axi4s_vid_out_v4_0_vl_rfs.v:2348]
INFO: [Synth 8-6155] done synthesizing module 'hdmi_v_axi4s_vid_out_0_0' (0#1) [d:/VivadoPrj/Nexys-all-Projects/NVideoHDMI-22.1u/hw/hw/hw.gen/sources_1/bd/hdmi/ip/hdmi_v_axi4s_vid_out_0_0/synth/hdmi_v_axi4s_vid_out_0_0.v:53]
WARNING: [Synth 8-6014] Unused sequential element gen_rd_b.gen_doutb_pipe.enb_pipe_reg[0] was removed.  [D:/Xilinx/Vivado/2022.1/data/ip/xpm/xpm_memory/hdl/xpm_memory.sv:3017]
WARNING: [Synth 8-6014] Unused sequential element gen_fwft.empty_fwft_fb_reg was removed.  [D:/Xilinx/Vivado/2022.1/data/ip/xpm/xpm_fifo/hdl/xpm_fifo.sv:1390]
WARNING: [Synth 8-6014] Unused sequential element fifo_fid_dly_reg was removed.  [d:/VivadoPrj/Nexys-all-Projects/NVideoHDMI-22.1u/hw/hw/hw.gen/sources_1/bd/hdmi/ipshared/f733/hdl/v_axi4s_vid_out_v4_0_vl_rfs.v:715]
WARNING: [Synth 8-6014] Unused sequential element vtg_fid_dly_reg was removed.  [d:/VivadoPrj/Nexys-all-Projects/NVideoHDMI-22.1u/hw/hw/hw.gen/sources_1/bd/hdmi/ipshared/f733/hdl/v_axi4s_vid_out_v4_0_vl_rfs.v:742]
WARNING: [Synth 8-6014] Unused sequential element aclk_reset_pulse_reg was removed.  [d:/VivadoPrj/Nexys-all-Projects/NVideoHDMI-22.1u/hw/hw/hw.gen/sources_1/bd/hdmi/ipshared/f733/hdl/v_axi4s_vid_out_v4_0_vl_rfs.v:2561]
WARNING: [Synth 8-3848] Net fifo_underflow_from_remap in module/entity v_axi4s_vid_out_v4_0_14 does not have driver. [d:/VivadoPrj/Nexys-all-Projects/NVideoHDMI-22.1u/hw/hw/hw.gen/sources_1/bd/hdmi/ipshared/f733/hdl/v_axi4s_vid_out_v4_0_vl_rfs.v:2486]
WARNING: [Synth 8-7129] Port VIDEO_FORMAT[1] in module v_axi4s_vid_out_v4_0_14_formatter is either unconnected or has no load
WARNING: [Synth 8-7129] Port VIDEO_FORMAT[0] in module v_axi4s_vid_out_v4_0_14_formatter is either unconnected or has no load
WARNING: [Synth 8-7129] Port VTG_HSYNC[0] in module v_axi4s_vid_out_v4_0_14_sync is either unconnected or has no load
WARNING: [Synth 8-7129] Port rd_clk in module xpm_fifo_rst is either unconnected or has no load
WARNING: [Synth 8-7129] Port sleep in module xpm_memory_base is either unconnected or has no load
WARNING: [Synth 8-7129] Port rsta in module xpm_memory_base is either unconnected or has no load
WARNING: [Synth 8-7129] Port regcea in module xpm_memory_base is either unconnected or has no load
WARNING: [Synth 8-7129] Port injectsbiterra in module xpm_memory_base is either unconnected or has no load
WARNING: [Synth 8-7129] Port injectdbiterra in module xpm_memory_base is either unconnected or has no load
WARNING: [Synth 8-7129] Port clkb in module xpm_memory_base is either unconnected or has no load
WARNING: [Synth 8-7129] Port dinb[26] in module xpm_memory_base is either unconnected or has no load
WARNING: [Synth 8-7129] Port dinb[25] in module xpm_memory_base is either unconnected or has no load
WARNING: [Synth 8-7129] Port dinb[24] in module xpm_memory_base is either unconnected or has no load
WARNING: [Synth 8-7129] Port dinb[23] in module xpm_memory_base is either unconnected or has no load
WARNING: [Synth 8-7129] Port dinb[22] in module xpm_memory_base is either unconnected or has no load
WARNING: [Synth 8-7129] Port dinb[21] in module xpm_memory_base is either unconnected or has no load
WARNING: [Synth 8-7129] Port dinb[20] in module xpm_memory_base is either unconnected or has no load
WARNING: [Synth 8-7129] Port dinb[19] in module xpm_memory_base is either unconnected or has no load
WARNING: [Synth 8-7129] Port dinb[18] in module xpm_memory_base is either unconnected or has no load
WARNING: [Synth 8-7129] Port dinb[17] in module xpm_memory_base is either unconnected or has no load
WARNING: [Synth 8-7129] Port dinb[16] in module xpm_memory_base is either unconnected or has no load
WARNING: [Synth 8-7129] Port dinb[15] in module xpm_memory_base is either unconnected or has no load
WARNING: [Synth 8-7129] Port dinb[14] in module xpm_memory_base is either unconnected or has no load
WARNING: [Synth 8-7129] Port dinb[13] in module xpm_memory_base is either unconnected or has no load
WARNING: [Synth 8-7129] Port dinb[12] in module xpm_memory_base is either unconnected or has no load
WARNING: [Synth 8-7129] Port dinb[11] in module xpm_memory_base is either unconnected or has no load
WARNING: [Synth 8-7129] Port dinb[10] in module xpm_memory_base is either unconnected or has no load
WARNING: [Synth 8-7129] Port dinb[9] in module xpm_memory_base is either unconnected or has no load
WARNING: [Synth 8-7129] Port dinb[8] in module xpm_memory_base is either unconnected or has no load
WARNING: [Synth 8-7129] Port dinb[7] in module xpm_memory_base is either unconnected or has no load
WARNING: [Synth 8-7129] Port dinb[6] in module xpm_memory_base is either unconnected or has no load
WARNING: [Synth 8-7129] Port dinb[5] in module xpm_memory_base is either unconnected or has no load
WARNING: [Synth 8-7129] Port dinb[4] in module xpm_memory_base is either unconnected or has no load
WARNING: [Synth 8-7129] Port dinb[3] in module xpm_memory_base is either unconnected or has no load
WARNING: [Synth 8-7129] Port dinb[2] in module xpm_memory_base is either unconnected or has no load
WARNING: [Synth 8-7129] Port dinb[1] in module xpm_memory_base is either unconnected or has no load
WARNING: [Synth 8-7129] Port dinb[0] in module xpm_memory_base is either unconnected or has no load
WARNING: [Synth 8-7129] Port injectsbiterrb in module xpm_memory_base is either unconnected or has no load
WARNING: [Synth 8-7129] Port injectdbiterrb in module xpm_memory_base is either unconnected or has no load
WARNING: [Synth 8-7129] Port VIDEO_OUT_CLK in module v_axi4s_vid_out_v4_0_14_coupler is either unconnected or has no load
WARNING: [Synth 8-7129] Port VID_RESET in module v_axi4s_vid_out_v4_0_14_coupler is either unconnected or has no load
WARNING: [Synth 8-7129] Port src_clk in module xpm_cdc_single is either unconnected or has no load
WARNING: [Synth 8-7129] Port vid_io_out_clk in module v_axi4s_vid_out_v4_0_14 is either unconnected or has no load
WARNING: [Synth 8-7129] Port vid_io_out_reset in module v_axi4s_vid_out_v4_0_14 is either unconnected or has no load
WARNING: [Synth 8-7129] Port vtg_hsync_arb[0] in module v_axi4s_vid_out_v4_0_14 is either unconnected or has no load
WARNING: [Synth 8-7129] Port vtg_hblank_arb[0] in module v_axi4s_vid_out_v4_0_14 is either unconnected or has no load
WARNING: [Synth 8-7129] Port vtg_vsync_arb[0] in module v_axi4s_vid_out_v4_0_14 is either unconnected or has no load
WARNING: [Synth 8-7129] Port vtg_vblank_arb[0] in module v_axi4s_vid_out_v4_0_14 is either unconnected or has no load
WARNING: [Synth 8-7129] Port vtg_active_video_arb[0] in module v_axi4s_vid_out_v4_0_14 is either unconnected or has no load
WARNING: [Synth 8-7129] Port vtg_field_id_arb in module v_axi4s_vid_out_v4_0_14 is either unconnected or has no load
WARNING: [Synth 8-7129] Port repeat_en in module v_axi4s_vid_out_v4_0_14 is either unconnected or has no load
WARNING: [Synth 8-7129] Port remap_420_en in module v_axi4s_vid_out_v4_0_14 is either unconnected or has no load
---------------------------------------------------------------------------------
Finished RTL Elaboration : Time (s): cpu = 00:00:13 ; elapsed = 00:00:25 . Memory (MB): peak = 1549.180 ; gain = 0.000
---------------------------------------------------------------------------------
---------------------------------------------------------------------------------
Start Handling Custom Attributes
---------------------------------------------------------------------------------
---------------------------------------------------------------------------------
Finished Handling Custom Attributes : Time (s): cpu = 00:00:14 ; elapsed = 00:00:25 . Memory (MB): peak = 1549.180 ; gain = 0.000
---------------------------------------------------------------------------------
---------------------------------------------------------------------------------
Finished RTL Optimization Phase 1 : Time (s): cpu = 00:00:14 ; elapsed = 00:00:25 . Memory (MB): peak = 1549.180 ; gain = 0.000
---------------------------------------------------------------------------------
Netlist sorting complete. Time (s): cpu = 00:00:00 ; elapsed = 00:00:00.036 . Memory (MB): peak = 1549.180 ; gain = 0.000
INFO: [Project 1-570] Preparing netlist for logic optimization

Processing XDC Constraints
Initializing timing engine
Parsing XDC File [d:/VivadoPrj/Nexys-all-Projects/NVideoHDMI-22.1u/hw/hw/hw.gen/sources_1/bd/hdmi/ip/hdmi_v_axi4s_vid_out_0_0/hdmi_v_axi4s_vid_out_0_0_ooc.xdc] for cell 'inst'
Finished Parsing XDC File [d:/VivadoPrj/Nexys-all-Projects/NVideoHDMI-22.1u/hw/hw/hw.gen/sources_1/bd/hdmi/ip/hdmi_v_axi4s_vid_out_0_0/hdmi_v_axi4s_vid_out_0_0_ooc.xdc] for cell 'inst'
Parsing XDC File [D:/VivadoPrj/Nexys-all-Projects/NVideoHDMI-22.1u/hw/hw/hw.runs/hdmi_v_axi4s_vid_out_0_0_synth_1/dont_touch.xdc]
Finished Parsing XDC File [D:/VivadoPrj/Nexys-all-Projects/NVideoHDMI-22.1u/hw/hw/hw.runs/hdmi_v_axi4s_vid_out_0_0_synth_1/dont_touch.xdc]
Parsing XDC File [d:/VivadoPrj/Nexys-all-Projects/NVideoHDMI-22.1u/hw/hw/hw.gen/sources_1/bd/hdmi/ip/hdmi_v_axi4s_vid_out_0_0/hdmi_v_axi4s_vid_out_0_0_clocks.xdc] for cell 'inst'
Finished Parsing XDC File [d:/VivadoPrj/Nexys-all-Projects/NVideoHDMI-22.1u/hw/hw/hw.gen/sources_1/bd/hdmi/ip/hdmi_v_axi4s_vid_out_0_0/hdmi_v_axi4s_vid_out_0_0_clocks.xdc] for cell 'inst'
INFO: [Project 1-236] Implementation specific constraints were found while reading constraint file [D:/Xilinx/Vivado/2022.1/data/ip/xpm/xpm_cdc/tcl/xpm_cdc_single.tcl]. These constraints will be ignored for synthesis but will be used in implementation. Impacted constraints are listed in the file [.Xil/hdmi_v_axi4s_vid_out_0_0_propImpl.xdc].
Resolution: To avoid this warning, move constraints listed in [.Xil/hdmi_v_axi4s_vid_out_0_0_propImpl.xdc] to another XDC file and exclude this new file from synthesis with the used_in_synthesis property (File Properties dialog in GUI) and re-run elaboration/synthesis.
INFO: [Project 1-236] Implementation specific constraints were found while reading constraint file [D:/Xilinx/Vivado/2022.1/data/ip/xpm/xpm_fifo/tcl/xpm_fifo_rst.tcl]. These constraints will be ignored for synthesis but will be used in implementation. Impacted constraints are listed in the file [.Xil/hdmi_v_axi4s_vid_out_0_0_propImpl.xdc].
Resolution: To avoid this warning, move constraints listed in [.Xil/hdmi_v_axi4s_vid_out_0_0_propImpl.xdc] to another XDC file and exclude this new file from synthesis with the used_in_synthesis property (File Properties dialog in GUI) and re-run elaboration/synthesis.
INFO: [Project 1-1714] 3 XPM XDC files have been applied to the design.
Completed Processing XDC Constraints

Netlist sorting complete. Time (s): cpu = 00:00:00 ; elapsed = 00:00:00 . Memory (MB): peak = 1549.180 ; gain = 0.000
INFO: [Project 1-111] Unisim Transformation Summary:
No Unisim elements were transformed.

Constraint Validation Runtime : Time (s): cpu = 00:00:00 ; elapsed = 00:00:00.037 . Memory (MB): peak = 1549.180 ; gain = 0.000
INFO: [Designutils 20-5008] Incremental synthesis strategy off
---------------------------------------------------------------------------------
Finished Constraint Validation : Time (s): cpu = 00:00:29 ; elapsed = 00:00:43 . Memory (MB): peak = 1549.180 ; gain = 0.000
---------------------------------------------------------------------------------
---------------------------------------------------------------------------------
Start Loading Part and Timing Information
---------------------------------------------------------------------------------
Loading part: xc7a200tsbg484-1
---------------------------------------------------------------------------------
Finished Loading Part and Timing Information : Time (s): cpu = 00:00:29 ; elapsed = 00:00:43 . Memory (MB): peak = 1549.180 ; gain = 0.000
---------------------------------------------------------------------------------
---------------------------------------------------------------------------------
Start Applying 'set_property' XDC Constraints
---------------------------------------------------------------------------------
Applied set_property KEEP_HIERARCHY = SOFT for inst. (constraint file  D:/VivadoPrj/Nexys-all-Projects/NVideoHDMI-22.1u/hw/hw/hw.runs/hdmi_v_axi4s_vid_out_0_0_synth_1/dont_touch.xdc, line 9).
Applied set_property KEEP_HIERARCHY = SOFT for inst/CDC_SINGLE_REMAP_UNDERFLOW_INST/xpm_cdc_single_inst. (constraint file  auto generated constraint).
Applied set_property KEEP_HIERARCHY = SOFT for inst/CDC_SINGLE_LOCKED_INST/xpm_cdc_single_inst. (constraint file  auto generated constraint).
Applied set_property KEEP_HIERARCHY = SOFT for inst/COUPLER_INST/\generate_sync_fifo.FIFO_INST /XPM_FIFO_SYNC_INST. (constraint file  auto generated constraint).
---------------------------------------------------------------------------------
Finished applying 'set_property' XDC Constraints : Time (s): cpu = 00:00:29 ; elapsed = 00:00:43 . Memory (MB): peak = 1549.180 ; gain = 0.000
---------------------------------------------------------------------------------
INFO: [Synth 8-802] inferred FSM for state register 'gen_fwft.curr_fwft_state_reg' in module 'xpm_fifo_base'
INFO: [Synth 8-802] inferred FSM for state register 'state_reg' in module 'v_axi4s_vid_out_v4_0_14_sync'
---------------------------------------------------------------------------------------------------
                   State |                     New Encoding |                Previous Encoding 
---------------------------------------------------------------------------------------------------
                 invalid |                               00 |                               00
            stage1_valid |                               01 |                               10
       both_stages_valid |                               10 |                               11
            stage2_valid |                               11 |                               01
---------------------------------------------------------------------------------------------------
INFO: [Synth 8-3354] encoded FSM with state register 'gen_fwft.curr_fwft_state_reg' using encoding 'sequential' in module 'xpm_fifo_base'
---------------------------------------------------------------------------------------------------
                   State |                     New Encoding |                Previous Encoding 
---------------------------------------------------------------------------------------------------
             C_SYNC_IDLE |                             0001 |                             0000
    C_SYNC_CALN_SOF_FIFO |                             0100 |                             0010
     C_SYNC_CALN_SOF_VTG |                             0101 |                             0001
      C_SYNC_FALN_ACTIVE |                             0010 |                             0111
 C_SYNC_FALN_EOL_LEADING |                             0000 |                             0011
 C_SYNC_FALN_EOL_LAGGING |                             0011 |                             0100
 C_SYNC_FALN_SOF_LEADING |                             1001 |                             0101
 C_SYNC_FALN_SOF_LAGGING |                             1010 |                             0110
        C_SYNC_FALN_LOCK |                             1011 |                             1000
 C_SYNC_LALN_EOL_LEADING |                             1100 |                             1001
 C_SYNC_LALN_EOL_LAGGING |                             1000 |                             1010
 C_SYNC_LALN_SOF_LEADING |                             0111 |                             1011
 C_SYNC_LALN_SOF_LAGGING |                             0110 |                             1100
---------------------------------------------------------------------------------------------------
INFO: [Synth 8-3354] encoded FSM with state register 'state_reg' using encoding 'sequential' in module 'v_axi4s_vid_out_v4_0_14_sync'
---------------------------------------------------------------------------------
Finished RTL Optimization Phase 2 : Time (s): cpu = 00:00:30 ; elapsed = 00:00:44 . Memory (MB): peak = 1549.180 ; gain = 0.000
---------------------------------------------------------------------------------
---------------------------------------------------------------------------------
Start RTL Component Statistics 
---------------------------------------------------------------------------------
Detailed RTL Component Info : 
+---Adders : 
	   2 Input    8 Bit       Adders := 2     
	   4 Input    6 Bit       Adders := 4     
	   2 Input    6 Bit       Adders := 1     
	   4 Input    5 Bit       Adders := 3     
	   3 Input    5 Bit       Adders := 1     
	   4 Input    2 Bit       Adders := 1     
+---Registers : 
	               32 Bit    Registers := 1     
	               27 Bit    Registers := 2     
	               24 Bit    Registers := 1     
	               13 Bit    Registers := 2     
	                8 Bit    Registers := 2     
	                6 Bit    Registers := 5     
	                5 Bit    Registers := 4     
	                4 Bit    Registers := 3     
	                3 Bit    Registers := 1     
	                2 Bit    Registers := 2     
	                1 Bit    Registers := 40    
+---RAMs : 
	              864 Bit	(32 X 27 bit)          RAMs := 1     
+---Muxes : 
	  13 Input   32 Bit        Muxes := 1     
	   2 Input   32 Bit        Muxes := 1     
	  13 Input   13 Bit        Muxes := 1     
	   2 Input   13 Bit        Muxes := 1     
	  13 Input    4 Bit        Muxes := 1     
	  30 Input    4 Bit        Muxes := 1     
	   2 Input    2 Bit        Muxes := 31    
	   4 Input    2 Bit        Muxes := 7     
	   4 Input    1 Bit        Muxes := 2     
	   2 Input    1 Bit        Muxes := 12    
---------------------------------------------------------------------------------
Finished RTL Component Statistics 
---------------------------------------------------------------------------------
---------------------------------------------------------------------------------
Start Part Resource Summary
---------------------------------------------------------------------------------
Part Resources:
DSPs: 740 (col length:100)
BRAMs: 730 (col length: RAMB18 100 RAMB36 50)
---------------------------------------------------------------------------------
Finished Part Resource Summary
---------------------------------------------------------------------------------
---------------------------------------------------------------------------------
Start Cross Boundary and Area Optimization
---------------------------------------------------------------------------------
WARNING: [Synth 8-7080] Parallel synthesis criteria is not met
WARNING: [Synth 8-7129] Port rsta in module xpm_memory_base is either unconnected or has no load
WARNING: [Synth 8-7129] Port regcea in module xpm_memory_base is either unconnected or has no load
WARNING: [Synth 8-7129] Port injectsbiterra in module xpm_memory_base is either unconnected or has no load
WARNING: [Synth 8-7129] Port injectdbiterra in module xpm_memory_base is either unconnected or has no load
WARNING: [Synth 8-7129] Port clkb in module xpm_memory_base is either unconnected or has no load
WARNING: [Synth 8-7129] Port dinb[26] in module xpm_memory_base is either unconnected or has no load
WARNING: [Synth 8-7129] Port dinb[25] in module xpm_memory_base is either unconnected or has no load
WARNING: [Synth 8-7129] Port dinb[24] in module xpm_memory_base is either unconnected or has no load
WARNING: [Synth 8-7129] Port dinb[23] in module xpm_memory_base is either unconnected or has no load
WARNING: [Synth 8-7129] Port dinb[22] in module xpm_memory_base is either unconnected or has no load
WARNING: [Synth 8-7129] Port dinb[21] in module xpm_memory_base is either unconnected or has no load
WARNING: [Synth 8-7129] Port dinb[20] in module xpm_memory_base is either unconnected or has no load
WARNING: [Synth 8-7129] Port dinb[19] in module xpm_memory_base is either unconnected or has no load
WARNING: [Synth 8-7129] Port dinb[18] in module xpm_memory_base is either unconnected or has no load
WARNING: [Synth 8-7129] Port dinb[17] in module xpm_memory_base is either unconnected or has no load
WARNING: [Synth 8-7129] Port dinb[16] in module xpm_memory_base is either unconnected or has no load
WARNING: [Synth 8-7129] Port dinb[15] in module xpm_memory_base is either unconnected or has no load
WARNING: [Synth 8-7129] Port dinb[14] in module xpm_memory_base is either unconnected or has no load
WARNING: [Synth 8-7129] Port dinb[13] in module xpm_memory_base is either unconnected or has no load
WARNING: [Synth 8-7129] Port dinb[12] in module xpm_memory_base is either unconnected or has no load
WARNING: [Synth 8-7129] Port dinb[11] in module xpm_memory_base is either unconnected or has no load
WARNING: [Synth 8-7129] Port dinb[10] in module xpm_memory_base is either unconnected or has no load
WARNING: [Synth 8-7129] Port dinb[9] in module xpm_memory_base is either unconnected or has no load
WARNING: [Synth 8-7129] Port dinb[8] in module xpm_memory_base is either unconnected or has no load
WARNING: [Synth 8-7129] Port dinb[7] in module xpm_memory_base is either unconnected or has no load
WARNING: [Synth 8-7129] Port dinb[6] in module xpm_memory_base is either unconnected or has no load
WARNING: [Synth 8-7129] Port dinb[5] in module xpm_memory_base is either unconnected or has no load
WARNING: [Synth 8-7129] Port dinb[4] in module xpm_memory_base is either unconnected or has no load
WARNING: [Synth 8-7129] Port dinb[3] in module xpm_memory_base is either unconnected or has no load
WARNING: [Synth 8-7129] Port dinb[2] in module xpm_memory_base is either unconnected or has no load
WARNING: [Synth 8-7129] Port dinb[1] in module xpm_memory_base is either unconnected or has no load
WARNING: [Synth 8-7129] Port dinb[0] in module xpm_memory_base is either unconnected or has no load
WARNING: [Synth 8-7129] Port injectsbiterrb in module xpm_memory_base is either unconnected or has no load
WARNING: [Synth 8-7129] Port injectdbiterrb in module xpm_memory_base is either unconnected or has no load
WARNING: [Synth 8-7129] Port src_clk in module xpm_cdc_single is either unconnected or has no load
WARNING: [Synth 8-7129] Port vid_io_out_clk in module v_axi4s_vid_out_v4_0_14 is either unconnected or has no load
WARNING: [Synth 8-7129] Port vid_io_out_reset in module v_axi4s_vid_out_v4_0_14 is either unconnected or has no load
WARNING: [Synth 8-7129] Port vtg_hsync_arb[0] in module v_axi4s_vid_out_v4_0_14 is either unconnected or has no load
WARNING: [Synth 8-7129] Port vtg_hblank_arb[0] in module v_axi4s_vid_out_v4_0_14 is either unconnected or has no load
WARNING: [Synth 8-7129] Port vtg_vsync_arb[0] in module v_axi4s_vid_out_v4_0_14 is either unconnected or has no load
WARNING: [Synth 8-7129] Port vtg_vblank_arb[0] in module v_axi4s_vid_out_v4_0_14 is either unconnected or has no load
WARNING: [Synth 8-7129] Port vtg_active_video_arb[0] in module v_axi4s_vid_out_v4_0_14 is either unconnected or has no load
WARNING: [Synth 8-7129] Port vtg_field_id_arb in module v_axi4s_vid_out_v4_0_14 is either unconnected or has no load
WARNING: [Synth 8-7129] Port video_format[1] in module v_axi4s_vid_out_v4_0_14 is either unconnected or has no load
WARNING: [Synth 8-7129] Port video_format[0] in module v_axi4s_vid_out_v4_0_14 is either unconnected or has no load
WARNING: [Synth 8-7129] Port repeat_en in module v_axi4s_vid_out_v4_0_14 is either unconnected or has no load
WARNING: [Synth 8-7129] Port remap_420_en in module v_axi4s_vid_out_v4_0_14 is either unconnected or has no load
---------------------------------------------------------------------------------
Finished Cross Boundary and Area Optimization : Time (s): cpu = 00:00:36 ; elapsed = 00:00:50 . Memory (MB): peak = 1549.180 ; gain = 0.000
---------------------------------------------------------------------------------
---------------------------------------------------------------------------------
Start ROM, RAM, DSP, Shift Register and Retiming Reporting
---------------------------------------------------------------------------------

Distributed RAM: Preliminary Mapping Report (see note below)
+-------------------------------------------------------------------------------------------------------------------------+----------------------------------+-----------+----------------------+-------------+
|Module Name                                                                                                              | RTL Object                       | Inference | Size (Depth x Width) | Primitives  | 
+-------------------------------------------------------------------------------------------------------------------------+----------------------------------+-----------+----------------------+-------------+
|inst/\COUPLER_INST/generate_sync_fifo.FIFO_INST/XPM_FIFO_SYNC_INST /xpm_fifo_base_inst/\gen_sdpram.xpm_memory_base_inst  | gen_wr_a.gen_word_narrow.mem_reg | Implied   | 32 x 27              | RAM32M x 5  | 
+-------------------------------------------------------------------------------------------------------------------------+----------------------------------+-----------+----------------------+-------------+

Note: The table above is a preliminary report that shows the Distributed RAMs at the current stage of the synthesis flow. Some Distributed RAMs may be reimplemented as non Distributed RAM primitives later in the synthesis flow. Multiple instantiated RAMs are reported only once.
---------------------------------------------------------------------------------
Finished ROM, RAM, DSP, Shift Register and Retiming Reporting
---------------------------------------------------------------------------------
---------------------------------------------------------------------------------
Start Applying XDC Timing Constraints
---------------------------------------------------------------------------------
---------------------------------------------------------------------------------
Finished Applying XDC Timing Constraints : Time (s): cpu = 00:00:45 ; elapsed = 00:01:00 . Memory (MB): peak = 1549.180 ; gain = 0.000
---------------------------------------------------------------------------------
---------------------------------------------------------------------------------
Start Timing Optimization
---------------------------------------------------------------------------------
---------------------------------------------------------------------------------
Finished Timing Optimization : Time (s): cpu = 00:00:47 ; elapsed = 00:01:02 . Memory (MB): peak = 1549.180 ; gain = 0.000
---------------------------------------------------------------------------------
---------------------------------------------------------------------------------
Start ROM, RAM, DSP, Shift Register and Retiming Reporting
---------------------------------------------------------------------------------

Distributed RAM: Final Mapping Report
+-------------------------------------------------------------------------------------------------------------------------+----------------------------------+-----------+----------------------+-------------+
|Module Name                                                                                                              | RTL Object                       | Inference | Size (Depth x Width) | Primitives  | 
+-------------------------------------------------------------------------------------------------------------------------+----------------------------------+-----------+----------------------+-------------+
|inst/\COUPLER_INST/generate_sync_fifo.FIFO_INST/XPM_FIFO_SYNC_INST /xpm_fifo_base_inst/\gen_sdpram.xpm_memory_base_inst  | gen_wr_a.gen_word_narrow.mem_reg | Implied   | 32 x 27              | RAM32M x 5  | 
+-------------------------------------------------------------------------------------------------------------------------+----------------------------------+-----------+----------------------+-------------+

---------------------------------------------------------------------------------
Finished ROM, RAM, DSP, Shift Register and Retiming Reporting
---------------------------------------------------------------------------------
---------------------------------------------------------------------------------
Start Technology Mapping
---------------------------------------------------------------------------------
---------------------------------------------------------------------------------
Finished Technology Mapping : Time (s): cpu = 00:00:47 ; elapsed = 00:01:02 . Memory (MB): peak = 1549.180 ; gain = 0.000
---------------------------------------------------------------------------------
---------------------------------------------------------------------------------
Start IO Insertion
---------------------------------------------------------------------------------
---------------------------------------------------------------------------------
Start Flattening Before IO Insertion
---------------------------------------------------------------------------------
---------------------------------------------------------------------------------
Finished Flattening Before IO Insertion
---------------------------------------------------------------------------------
---------------------------------------------------------------------------------
Start Final Netlist Cleanup
---------------------------------------------------------------------------------
---------------------------------------------------------------------------------
Finished Final Netlist Cleanup
---------------------------------------------------------------------------------
INFO: [Synth 8-3295] tying undriven pin CDC_SINGLE_REMAP_UNDERFLOW_INST/xpm_cdc_single_inst:src_in to constant 0
---------------------------------------------------------------------------------
Finished IO Insertion : Time (s): cpu = 00:00:56 ; elapsed = 00:01:11 . Memory (MB): peak = 1549.180 ; gain = 0.000
---------------------------------------------------------------------------------
---------------------------------------------------------------------------------
Start Renaming Generated Instances
---------------------------------------------------------------------------------
---------------------------------------------------------------------------------
Finished Renaming Generated Instances : Time (s): cpu = 00:00:56 ; elapsed = 00:01:11 . Memory (MB): peak = 1549.180 ; gain = 0.000
---------------------------------------------------------------------------------
---------------------------------------------------------------------------------
Start Rebuilding User Hierarchy
---------------------------------------------------------------------------------
---------------------------------------------------------------------------------
Finished Rebuilding User Hierarchy : Time (s): cpu = 00:00:56 ; elapsed = 00:01:11 . Memory (MB): peak = 1549.180 ; gain = 0.000
---------------------------------------------------------------------------------
---------------------------------------------------------------------------------
Start Renaming Generated Ports
---------------------------------------------------------------------------------
---------------------------------------------------------------------------------
Finished Renaming Generated Ports : Time (s): cpu = 00:00:56 ; elapsed = 00:01:11 . Memory (MB): peak = 1549.180 ; gain = 0.000
---------------------------------------------------------------------------------
---------------------------------------------------------------------------------
Start Handling Custom Attributes
---------------------------------------------------------------------------------
---------------------------------------------------------------------------------
Finished Handling Custom Attributes : Time (s): cpu = 00:00:56 ; elapsed = 00:01:11 . Memory (MB): peak = 1549.180 ; gain = 0.000
---------------------------------------------------------------------------------
---------------------------------------------------------------------------------
Start Renaming Generated Nets
---------------------------------------------------------------------------------
---------------------------------------------------------------------------------
Finished Renaming Generated Nets : Time (s): cpu = 00:00:56 ; elapsed = 00:01:11 . Memory (MB): peak = 1549.180 ; gain = 0.000
---------------------------------------------------------------------------------
---------------------------------------------------------------------------------
Start Writing Synthesis Report
---------------------------------------------------------------------------------

Report BlackBoxes: 
+-+--------------+----------+
| |BlackBox name |Instances |
+-+--------------+----------+
+-+--------------+----------+

Report Cell Usage: 
+------+-------+------+
|      |Cell   |Count |
+------+-------+------+
|1     |CARRY4 |    22|
|2     |LUT1   |     9|
|3     |LUT2   |    23|
|4     |LUT3   |    28|
|5     |LUT4   |    38|
|6     |LUT5   |    39|
|7     |LUT6   |    69|
|8     |RAM32M |     5|
|9     |FDRE   |   269|
|10    |FDSE   |    11|
+------+-------+------+
---------------------------------------------------------------------------------
Finished Writing Synthesis Report : Time (s): cpu = 00:00:56 ; elapsed = 00:01:11 . Memory (MB): peak = 1549.180 ; gain = 0.000
---------------------------------------------------------------------------------
Synthesis finished with 0 errors, 0 critical warnings and 48 warnings.
Synthesis Optimization Runtime : Time (s): cpu = 00:00:39 ; elapsed = 00:01:06 . Memory (MB): peak = 1549.180 ; gain = 0.000
Synthesis Optimization Complete : Time (s): cpu = 00:00:57 ; elapsed = 00:01:12 . Memory (MB): peak = 1549.180 ; gain = 0.000
INFO: [Project 1-571] Translating synthesized netlist
Netlist sorting complete. Time (s): cpu = 00:00:00 ; elapsed = 00:00:00.016 . Memory (MB): peak = 1549.180 ; gain = 0.000
INFO: [Netlist 29-17] Analyzing 27 Unisim elements for replacement
INFO: [Netlist 29-28] Unisim Transformation completed in 0 CPU seconds
INFO: [Project 1-570] Preparing netlist for logic optimization
INFO: [Opt 31-138] Pushed 0 inverter(s) to 0 load pin(s).
Netlist sorting complete. Time (s): cpu = 00:00:00 ; elapsed = 00:00:00 . Memory (MB): peak = 1549.180 ; gain = 0.000
INFO: [Project 1-111] Unisim Transformation Summary:
  A total of 5 instances were transformed.
  RAM32M => RAM32M (RAMD32(x6), RAMS32(x2)): 5 instances

Synth Design complete, checksum: 40b4b9f4
INFO: [Common 17-83] Releasing license: Synthesis
66 Infos, 112 Warnings, 0 Critical Warnings and 0 Errors encountered.
synth_design completed successfully
synth_design: Time (s): cpu = 00:01:06 ; elapsed = 00:01:24 . Memory (MB): peak = 1549.180 ; gain = 97.801
INFO: [Common 17-1381] The checkpoint 'D:/VivadoPrj/Nexys-all-Projects/NVideoHDMI-22.1u/hw/hw/hw.runs/hdmi_v_axi4s_vid_out_0_0_synth_1/hdmi_v_axi4s_vid_out_0_0.dcp' has been generated.
INFO: [Coretcl 2-1648] Added synthesis output to IP cache for IP hdmi_v_axi4s_vid_out_0_0, cache-ID = 415f82ef1484aa69
INFO: [Coretcl 2-1174] Renamed 19 cell refs.
INFO: [Common 17-1381] The checkpoint 'D:/VivadoPrj/Nexys-all-Projects/NVideoHDMI-22.1u/hw/hw/hw.runs/hdmi_v_axi4s_vid_out_0_0_synth_1/hdmi_v_axi4s_vid_out_0_0.dcp' has been generated.
INFO: [runtcl-4] Executing : report_utilization -file hdmi_v_axi4s_vid_out_0_0_utilization_synth.rpt -pb hdmi_v_axi4s_vid_out_0_0_utilization_synth.pb
INFO: [Common 17-206] Exiting Vivado at Tue Sep  6 16:34:38 2022...
