
*** Running vivado
    with args -log parser_object_localizer_0_0.vds -m64 -product Vivado -mode batch -messageDb vivado.pb -notrace -source parser_object_localizer_0_0.tcl



****** Vivado v2022.1 (64-bit)
  **** SW Build 3526262 on Mon Apr 18 15:48:16 MDT 2022
  **** IP Build 3524634 on Mon Apr 18 20:55:01 MDT 2022
    ** Copyright 1986-2022 Xilinx, Inc. All Rights Reserved.

source parser_object_localizer_0_0.tcl -notrace
INFO: [IP_Flow 19-234] Refreshing IP repositories
INFO: [IP_Flow 19-1700] Loaded user IP repository 'c:/Users/Muaz/Documents/MeteorDestroyer/Parser/Parser.srcs/sources_1/localization'.
INFO: [IP_Flow 19-1700] Loaded user IP repository 'c:/Users/Muaz/Documents/MeteorDestroyer/Parser/Parser.srcs/sources_1/new'.
INFO: [IP_Flow 19-2313] Loaded Vivado IP repository 'C:/Xilinx/Vivado/2022.1/data/ip'.
Command: synth_design -top parser_object_localizer_0_0 -part xc7a200tsbg484-1 -incremental_mode off -mode out_of_context
Starting synth_design
Attempting to get a license for feature 'Synthesis' and/or device 'xc7a200t'
INFO: [Common 17-349] Got license for feature 'Synthesis' and/or device 'xc7a200t'
INFO: [Device 21-403] Loading part xc7a200tsbg484-1
INFO: [Synth 8-7079] Multithreading enabled for synth_design using a maximum of 2 processes.
INFO: [Synth 8-7078] Launching helper process for spawning children vivado processes
INFO: [Synth 8-7075] Helper process launched with PID 56976
---------------------------------------------------------------------------------
Starting RTL Elaboration : Time (s): cpu = 00:00:05 ; elapsed = 00:00:05 . Memory (MB): peak = 1282.445 ; gain = 0.000
---------------------------------------------------------------------------------
INFO: [Synth 8-6157] synthesizing module 'parser_object_localizer_0_0' [c:/Users/Muaz/Documents/MeteorDestroyer/Parser/Parser.gen/sources_1/bd/parser/ip/parser_object_localizer_0_0/synth/parser_object_localizer_0_0.sv:53]
INFO: [Synth 8-6157] synthesizing module 'object_localizer' [c:/Users/Muaz/Documents/MeteorDestroyer/Parser/Parser.gen/sources_1/bd/parser/ipshared/5da8/object_localization.sv:1]
INFO: [Synth 8-6157] synthesizing module 'min_n' [c:/Users/Muaz/Documents/MeteorDestroyer/Parser/Parser.gen/sources_1/bd/parser/ipshared/5da8/min.sv:1]
INFO: [Synth 8-6157] synthesizing module 'min2' [c:/Users/Muaz/Documents/MeteorDestroyer/Parser/Parser.gen/sources_1/bd/parser/ipshared/5da8/min.sv:70]
INFO: [Synth 8-6155] done synthesizing module 'min2' (0#1) [c:/Users/Muaz/Documents/MeteorDestroyer/Parser/Parser.gen/sources_1/bd/parser/ipshared/5da8/min.sv:70]
INFO: [Synth 8-6157] synthesizing module 'parallel_to_serial' [c:/Users/Muaz/Documents/MeteorDestroyer/Parser/Parser.gen/sources_1/bd/parser/ipshared/5da8/src/p2s.sv:2]
INFO: [Synth 8-6155] done synthesizing module 'parallel_to_serial' (0#1) [c:/Users/Muaz/Documents/MeteorDestroyer/Parser/Parser.gen/sources_1/bd/parser/ipshared/5da8/src/p2s.sv:2]
INFO: [Synth 8-6155] done synthesizing module 'min_n' (0#1) [c:/Users/Muaz/Documents/MeteorDestroyer/Parser/Parser.gen/sources_1/bd/parser/ipshared/5da8/min.sv:1]
INFO: [Synth 8-6157] synthesizing module 'mult2_add' [c:/Users/Muaz/Documents/MeteorDestroyer/Parser/Parser.gen/sources_1/bd/parser/ipshared/5da8/src/mult2.sv:1]
INFO: [Synth 8-6157] synthesizing module 'DSP48E1' [C:/Xilinx/Vivado/2022.1/scripts/rt/data/unisim_comp.v:26576]
INFO: [Synth 8-6155] done synthesizing module 'DSP48E1' (0#1) [C:/Xilinx/Vivado/2022.1/scripts/rt/data/unisim_comp.v:26576]
WARNING: [Synth 8-7071] port 'ACOUT' of module 'DSP48E1' is unconnected for instance 'DSP48E1_inst' [c:/Users/Muaz/Documents/MeteorDestroyer/Parser/Parser.gen/sources_1/bd/parser/ipshared/5da8/src/mult2.sv:42]
WARNING: [Synth 8-7071] port 'BCOUT' of module 'DSP48E1' is unconnected for instance 'DSP48E1_inst' [c:/Users/Muaz/Documents/MeteorDestroyer/Parser/Parser.gen/sources_1/bd/parser/ipshared/5da8/src/mult2.sv:42]
WARNING: [Synth 8-7071] port 'CARRYCASCOUT' of module 'DSP48E1' is unconnected for instance 'DSP48E1_inst' [c:/Users/Muaz/Documents/MeteorDestroyer/Parser/Parser.gen/sources_1/bd/parser/ipshared/5da8/src/mult2.sv:42]
WARNING: [Synth 8-7071] port 'CARRYOUT' of module 'DSP48E1' is unconnected for instance 'DSP48E1_inst' [c:/Users/Muaz/Documents/MeteorDestroyer/Parser/Parser.gen/sources_1/bd/parser/ipshared/5da8/src/mult2.sv:42]
WARNING: [Synth 8-7071] port 'MULTSIGNOUT' of module 'DSP48E1' is unconnected for instance 'DSP48E1_inst' [c:/Users/Muaz/Documents/MeteorDestroyer/Parser/Parser.gen/sources_1/bd/parser/ipshared/5da8/src/mult2.sv:42]
WARNING: [Synth 8-7071] port 'OVERFLOW' of module 'DSP48E1' is unconnected for instance 'DSP48E1_inst' [c:/Users/Muaz/Documents/MeteorDestroyer/Parser/Parser.gen/sources_1/bd/parser/ipshared/5da8/src/mult2.sv:42]
WARNING: [Synth 8-7071] port 'PATTERNBDETECT' of module 'DSP48E1' is unconnected for instance 'DSP48E1_inst' [c:/Users/Muaz/Documents/MeteorDestroyer/Parser/Parser.gen/sources_1/bd/parser/ipshared/5da8/src/mult2.sv:42]
WARNING: [Synth 8-7071] port 'PATTERNDETECT' of module 'DSP48E1' is unconnected for instance 'DSP48E1_inst' [c:/Users/Muaz/Documents/MeteorDestroyer/Parser/Parser.gen/sources_1/bd/parser/ipshared/5da8/src/mult2.sv:42]
WARNING: [Synth 8-7071] port 'PCOUT' of module 'DSP48E1' is unconnected for instance 'DSP48E1_inst' [c:/Users/Muaz/Documents/MeteorDestroyer/Parser/Parser.gen/sources_1/bd/parser/ipshared/5da8/src/mult2.sv:42]
WARNING: [Synth 8-7071] port 'UNDERFLOW' of module 'DSP48E1' is unconnected for instance 'DSP48E1_inst' [c:/Users/Muaz/Documents/MeteorDestroyer/Parser/Parser.gen/sources_1/bd/parser/ipshared/5da8/src/mult2.sv:42]
WARNING: [Synth 8-7071] port 'ACIN' of module 'DSP48E1' is unconnected for instance 'DSP48E1_inst' [c:/Users/Muaz/Documents/MeteorDestroyer/Parser/Parser.gen/sources_1/bd/parser/ipshared/5da8/src/mult2.sv:42]
WARNING: [Synth 8-7071] port 'BCIN' of module 'DSP48E1' is unconnected for instance 'DSP48E1_inst' [c:/Users/Muaz/Documents/MeteorDestroyer/Parser/Parser.gen/sources_1/bd/parser/ipshared/5da8/src/mult2.sv:42]
WARNING: [Synth 8-7071] port 'CARRYCASCIN' of module 'DSP48E1' is unconnected for instance 'DSP48E1_inst' [c:/Users/Muaz/Documents/MeteorDestroyer/Parser/Parser.gen/sources_1/bd/parser/ipshared/5da8/src/mult2.sv:42]
WARNING: [Synth 8-7071] port 'CEA1' of module 'DSP48E1' is unconnected for instance 'DSP48E1_inst' [c:/Users/Muaz/Documents/MeteorDestroyer/Parser/Parser.gen/sources_1/bd/parser/ipshared/5da8/src/mult2.sv:42]
WARNING: [Synth 8-7071] port 'CEA2' of module 'DSP48E1' is unconnected for instance 'DSP48E1_inst' [c:/Users/Muaz/Documents/MeteorDestroyer/Parser/Parser.gen/sources_1/bd/parser/ipshared/5da8/src/mult2.sv:42]
WARNING: [Synth 8-7071] port 'CEB1' of module 'DSP48E1' is unconnected for instance 'DSP48E1_inst' [c:/Users/Muaz/Documents/MeteorDestroyer/Parser/Parser.gen/sources_1/bd/parser/ipshared/5da8/src/mult2.sv:42]
WARNING: [Synth 8-7071] port 'CEB2' of module 'DSP48E1' is unconnected for instance 'DSP48E1_inst' [c:/Users/Muaz/Documents/MeteorDestroyer/Parser/Parser.gen/sources_1/bd/parser/ipshared/5da8/src/mult2.sv:42]
WARNING: [Synth 8-7071] port 'MULTSIGNIN' of module 'DSP48E1' is unconnected for instance 'DSP48E1_inst' [c:/Users/Muaz/Documents/MeteorDestroyer/Parser/Parser.gen/sources_1/bd/parser/ipshared/5da8/src/mult2.sv:42]
WARNING: [Synth 8-7071] port 'PCIN' of module 'DSP48E1' is unconnected for instance 'DSP48E1_inst' [c:/Users/Muaz/Documents/MeteorDestroyer/Parser/Parser.gen/sources_1/bd/parser/ipshared/5da8/src/mult2.sv:42]
WARNING: [Synth 8-7071] port 'RSTA' of module 'DSP48E1' is unconnected for instance 'DSP48E1_inst' [c:/Users/Muaz/Documents/MeteorDestroyer/Parser/Parser.gen/sources_1/bd/parser/ipshared/5da8/src/mult2.sv:42]
WARNING: [Synth 8-7023] instance 'DSP48E1_inst' of module 'DSP48E1' has 49 connections declared, but only 29 given [c:/Users/Muaz/Documents/MeteorDestroyer/Parser/Parser.gen/sources_1/bd/parser/ipshared/5da8/src/mult2.sv:42]
INFO: [Synth 8-6155] done synthesizing module 'mult2_add' (0#1) [c:/Users/Muaz/Documents/MeteorDestroyer/Parser/Parser.gen/sources_1/bd/parser/ipshared/5da8/src/mult2.sv:1]
INFO: [Synth 8-6157] synthesizing module 'mult2_accumulate' [c:/Users/Muaz/Documents/MeteorDestroyer/Parser/Parser.gen/sources_1/bd/parser/ipshared/5da8/src/mult2.sv:77]
INFO: [Synth 8-6157] synthesizing module 'DSP48E1__parameterized0' [C:/Xilinx/Vivado/2022.1/scripts/rt/data/unisim_comp.v:26576]
INFO: [Synth 8-6155] done synthesizing module 'DSP48E1__parameterized0' (0#1) [C:/Xilinx/Vivado/2022.1/scripts/rt/data/unisim_comp.v:26576]
WARNING: [Synth 8-7071] port 'ACOUT' of module 'DSP48E1' is unconnected for instance 'DSP48E1_inst' [c:/Users/Muaz/Documents/MeteorDestroyer/Parser/Parser.gen/sources_1/bd/parser/ipshared/5da8/src/mult2.sv:117]
WARNING: [Synth 8-7071] port 'BCOUT' of module 'DSP48E1' is unconnected for instance 'DSP48E1_inst' [c:/Users/Muaz/Documents/MeteorDestroyer/Parser/Parser.gen/sources_1/bd/parser/ipshared/5da8/src/mult2.sv:117]
WARNING: [Synth 8-7071] port 'CARRYCASCOUT' of module 'DSP48E1' is unconnected for instance 'DSP48E1_inst' [c:/Users/Muaz/Documents/MeteorDestroyer/Parser/Parser.gen/sources_1/bd/parser/ipshared/5da8/src/mult2.sv:117]
WARNING: [Synth 8-7071] port 'CARRYOUT' of module 'DSP48E1' is unconnected for instance 'DSP48E1_inst' [c:/Users/Muaz/Documents/MeteorDestroyer/Parser/Parser.gen/sources_1/bd/parser/ipshared/5da8/src/mult2.sv:117]
WARNING: [Synth 8-7071] port 'MULTSIGNOUT' of module 'DSP48E1' is unconnected for instance 'DSP48E1_inst' [c:/Users/Muaz/Documents/MeteorDestroyer/Parser/Parser.gen/sources_1/bd/parser/ipshared/5da8/src/mult2.sv:117]
WARNING: [Synth 8-7071] port 'OVERFLOW' of module 'DSP48E1' is unconnected for instance 'DSP48E1_inst' [c:/Users/Muaz/Documents/MeteorDestroyer/Parser/Parser.gen/sources_1/bd/parser/ipshared/5da8/src/mult2.sv:117]
WARNING: [Synth 8-7071] port 'PATTERNBDETECT' of module 'DSP48E1' is unconnected for instance 'DSP48E1_inst' [c:/Users/Muaz/Documents/MeteorDestroyer/Parser/Parser.gen/sources_1/bd/parser/ipshared/5da8/src/mult2.sv:117]
WARNING: [Synth 8-7071] port 'PATTERNDETECT' of module 'DSP48E1' is unconnected for instance 'DSP48E1_inst' [c:/Users/Muaz/Documents/MeteorDestroyer/Parser/Parser.gen/sources_1/bd/parser/ipshared/5da8/src/mult2.sv:117]
WARNING: [Synth 8-7071] port 'PCOUT' of module 'DSP48E1' is unconnected for instance 'DSP48E1_inst' [c:/Users/Muaz/Documents/MeteorDestroyer/Parser/Parser.gen/sources_1/bd/parser/ipshared/5da8/src/mult2.sv:117]
WARNING: [Synth 8-7071] port 'UNDERFLOW' of module 'DSP48E1' is unconnected for instance 'DSP48E1_inst' [c:/Users/Muaz/Documents/MeteorDestroyer/Parser/Parser.gen/sources_1/bd/parser/ipshared/5da8/src/mult2.sv:117]
WARNING: [Synth 8-7071] port 'ACIN' of module 'DSP48E1' is unconnected for instance 'DSP48E1_inst' [c:/Users/Muaz/Documents/MeteorDestroyer/Parser/Parser.gen/sources_1/bd/parser/ipshared/5da8/src/mult2.sv:117]
WARNING: [Synth 8-7071] port 'BCIN' of module 'DSP48E1' is unconnected for instance 'DSP48E1_inst' [c:/Users/Muaz/Documents/MeteorDestroyer/Parser/Parser.gen/sources_1/bd/parser/ipshared/5da8/src/mult2.sv:117]
WARNING: [Synth 8-7071] port 'CARRYCASCIN' of module 'DSP48E1' is unconnected for instance 'DSP48E1_inst' [c:/Users/Muaz/Documents/MeteorDestroyer/Parser/Parser.gen/sources_1/bd/parser/ipshared/5da8/src/mult2.sv:117]
WARNING: [Synth 8-7071] port 'CEA1' of module 'DSP48E1' is unconnected for instance 'DSP48E1_inst' [c:/Users/Muaz/Documents/MeteorDestroyer/Parser/Parser.gen/sources_1/bd/parser/ipshared/5da8/src/mult2.sv:117]
WARNING: [Synth 8-7071] port 'CEA2' of module 'DSP48E1' is unconnected for instance 'DSP48E1_inst' [c:/Users/Muaz/Documents/MeteorDestroyer/Parser/Parser.gen/sources_1/bd/parser/ipshared/5da8/src/mult2.sv:117]
WARNING: [Synth 8-7071] port 'CEB1' of module 'DSP48E1' is unconnected for instance 'DSP48E1_inst' [c:/Users/Muaz/Documents/MeteorDestroyer/Parser/Parser.gen/sources_1/bd/parser/ipshared/5da8/src/mult2.sv:117]
WARNING: [Synth 8-7071] port 'CEB2' of module 'DSP48E1' is unconnected for instance 'DSP48E1_inst' [c:/Users/Muaz/Documents/MeteorDestroyer/Parser/Parser.gen/sources_1/bd/parser/ipshared/5da8/src/mult2.sv:117]
WARNING: [Synth 8-7071] port 'MULTSIGNIN' of module 'DSP48E1' is unconnected for instance 'DSP48E1_inst' [c:/Users/Muaz/Documents/MeteorDestroyer/Parser/Parser.gen/sources_1/bd/parser/ipshared/5da8/src/mult2.sv:117]
WARNING: [Synth 8-7071] port 'PCIN' of module 'DSP48E1' is unconnected for instance 'DSP48E1_inst' [c:/Users/Muaz/Documents/MeteorDestroyer/Parser/Parser.gen/sources_1/bd/parser/ipshared/5da8/src/mult2.sv:117]
WARNING: [Synth 8-7071] port 'RSTA' of module 'DSP48E1' is unconnected for instance 'DSP48E1_inst' [c:/Users/Muaz/Documents/MeteorDestroyer/Parser/Parser.gen/sources_1/bd/parser/ipshared/5da8/src/mult2.sv:117]
WARNING: [Synth 8-7023] instance 'DSP48E1_inst' of module 'DSP48E1' has 49 connections declared, but only 29 given [c:/Users/Muaz/Documents/MeteorDestroyer/Parser/Parser.gen/sources_1/bd/parser/ipshared/5da8/src/mult2.sv:117]
INFO: [Synth 8-6155] done synthesizing module 'mult2_accumulate' (0#1) [c:/Users/Muaz/Documents/MeteorDestroyer/Parser/Parser.gen/sources_1/bd/parser/ipshared/5da8/src/mult2.sv:77]
INFO: [Synth 8-6157] synthesizing module 'axi_slave_interface' [c:/Users/Muaz/Documents/MeteorDestroyer/Parser/Parser.gen/sources_1/bd/parser/ipshared/5da8/object_localization.sv:307]
INFO: [Synth 8-6155] done synthesizing module 'axi_slave_interface' (0#1) [c:/Users/Muaz/Documents/MeteorDestroyer/Parser/Parser.gen/sources_1/bd/parser/ipshared/5da8/object_localization.sv:307]
INFO: [Synth 8-6155] done synthesizing module 'object_localizer' (0#1) [c:/Users/Muaz/Documents/MeteorDestroyer/Parser/Parser.gen/sources_1/bd/parser/ipshared/5da8/object_localization.sv:1]
INFO: [Synth 8-6155] done synthesizing module 'parser_object_localizer_0_0' (0#1) [c:/Users/Muaz/Documents/MeteorDestroyer/Parser/Parser.gen/sources_1/bd/parser/ip/parser_object_localizer_0_0/synth/parser_object_localizer_0_0.sv:53]
---------------------------------------------------------------------------------
Finished RTL Elaboration : Time (s): cpu = 00:00:07 ; elapsed = 00:00:07 . Memory (MB): peak = 1283.750 ; gain = 1.305
---------------------------------------------------------------------------------
---------------------------------------------------------------------------------
Start Handling Custom Attributes
---------------------------------------------------------------------------------
---------------------------------------------------------------------------------
Finished Handling Custom Attributes : Time (s): cpu = 00:00:07 ; elapsed = 00:00:07 . Memory (MB): peak = 1283.750 ; gain = 1.305
---------------------------------------------------------------------------------
---------------------------------------------------------------------------------
Finished RTL Optimization Phase 1 : Time (s): cpu = 00:00:07 ; elapsed = 00:00:07 . Memory (MB): peak = 1283.750 ; gain = 1.305
---------------------------------------------------------------------------------
Netlist sorting complete. Time (s): cpu = 00:00:00 ; elapsed = 00:00:00.022 . Memory (MB): peak = 1283.750 ; gain = 0.000
INFO: [Netlist 29-17] Analyzing 6 Unisim elements for replacement
INFO: [Netlist 29-28] Unisim Transformation completed in 0 CPU seconds
INFO: [Project 1-570] Preparing netlist for logic optimization

Processing XDC Constraints
Initializing timing engine
Completed Processing XDC Constraints

Netlist sorting complete. Time (s): cpu = 00:00:00 ; elapsed = 00:00:00 . Memory (MB): peak = 1319.949 ; gain = 0.000
INFO: [Project 1-111] Unisim Transformation Summary:
No Unisim elements were transformed.

Constraint Validation Runtime : Time (s): cpu = 00:00:00 ; elapsed = 00:00:00.038 . Memory (MB): peak = 1320.230 ; gain = 0.281
INFO: [Designutils 20-5008] Incremental synthesis strategy off
---------------------------------------------------------------------------------
Finished Constraint Validation : Time (s): cpu = 00:00:15 ; elapsed = 00:00:15 . Memory (MB): peak = 1320.230 ; gain = 37.785
---------------------------------------------------------------------------------
---------------------------------------------------------------------------------
Start Loading Part and Timing Information
---------------------------------------------------------------------------------
Loading part: xc7a200tsbg484-1
---------------------------------------------------------------------------------
Finished Loading Part and Timing Information : Time (s): cpu = 00:00:15 ; elapsed = 00:00:15 . Memory (MB): peak = 1320.230 ; gain = 37.785
---------------------------------------------------------------------------------
---------------------------------------------------------------------------------
Start Applying 'set_property' XDC Constraints
---------------------------------------------------------------------------------
---------------------------------------------------------------------------------
Finished applying 'set_property' XDC Constraints : Time (s): cpu = 00:00:15 ; elapsed = 00:00:15 . Memory (MB): peak = 1320.230 ; gain = 37.785
---------------------------------------------------------------------------------
---------------------------------------------------------------------------------
Finished RTL Optimization Phase 2 : Time (s): cpu = 00:00:15 ; elapsed = 00:00:15 . Memory (MB): peak = 1320.230 ; gain = 37.785
---------------------------------------------------------------------------------
---------------------------------------------------------------------------------
Start RTL Component Statistics 
---------------------------------------------------------------------------------
Detailed RTL Component Info : 
+---Adders : 
	   2 Input    3 Bit       Adders := 2     
+---Registers : 
	               32 Bit    Registers := 2     
	               16 Bit    Registers := 27    
	               15 Bit    Registers := 1     
	                9 Bit    Registers := 1     
	                4 Bit    Registers := 9     
	                3 Bit    Registers := 2     
	                2 Bit    Registers := 1     
	                1 Bit    Registers := 10    
+---Muxes : 
	   5 Input   32 Bit        Muxes := 1     
	   2 Input   32 Bit        Muxes := 1     
	   2 Input   16 Bit        Muxes := 17    
	   3 Input   16 Bit        Muxes := 2     
	   4 Input   16 Bit        Muxes := 1     
	  12 Input   16 Bit        Muxes := 2     
	   4 Input   15 Bit        Muxes := 1     
	  12 Input    9 Bit        Muxes := 1     
	   2 Input    4 Bit        Muxes := 5     
	   2 Input    3 Bit        Muxes := 4     
	  13 Input    2 Bit        Muxes := 1     
	   2 Input    1 Bit        Muxes := 9     
---------------------------------------------------------------------------------
Finished RTL Component Statistics 
---------------------------------------------------------------------------------
---------------------------------------------------------------------------------
Start Part Resource Summary
---------------------------------------------------------------------------------
Part Resources:
DSPs: 740 (col length:100)
BRAMs: 730 (col length: RAMB18 100 RAMB36 50)
---------------------------------------------------------------------------------
Finished Part Resource Summary
---------------------------------------------------------------------------------
---------------------------------------------------------------------------------
Start Cross Boundary and Area Optimization
---------------------------------------------------------------------------------
WARNING: [Synth 8-7080] Parallel synthesis criteria is not met
---------------------------------------------------------------------------------
Finished Cross Boundary and Area Optimization : Time (s): cpu = 00:00:17 ; elapsed = 00:00:18 . Memory (MB): peak = 1320.230 ; gain = 37.785
---------------------------------------------------------------------------------
---------------------------------------------------------------------------------
Start Applying XDC Timing Constraints
---------------------------------------------------------------------------------
---------------------------------------------------------------------------------
Finished Applying XDC Timing Constraints : Time (s): cpu = 00:00:26 ; elapsed = 00:00:27 . Memory (MB): peak = 1332.383 ; gain = 49.938
---------------------------------------------------------------------------------
---------------------------------------------------------------------------------
Start Timing Optimization
---------------------------------------------------------------------------------
---------------------------------------------------------------------------------
Finished Timing Optimization : Time (s): cpu = 00:00:27 ; elapsed = 00:00:27 . Memory (MB): peak = 1332.902 ; gain = 50.457
---------------------------------------------------------------------------------
---------------------------------------------------------------------------------
Start Technology Mapping
---------------------------------------------------------------------------------
---------------------------------------------------------------------------------
Finished Technology Mapping : Time (s): cpu = 00:00:27 ; elapsed = 00:00:27 . Memory (MB): peak = 1361.496 ; gain = 79.051
---------------------------------------------------------------------------------
---------------------------------------------------------------------------------
Start IO Insertion
---------------------------------------------------------------------------------
---------------------------------------------------------------------------------
Start Flattening Before IO Insertion
---------------------------------------------------------------------------------
---------------------------------------------------------------------------------
Finished Flattening Before IO Insertion
---------------------------------------------------------------------------------
---------------------------------------------------------------------------------
Start Final Netlist Cleanup
---------------------------------------------------------------------------------
---------------------------------------------------------------------------------
Finished Final Netlist Cleanup
---------------------------------------------------------------------------------
---------------------------------------------------------------------------------
Finished IO Insertion : Time (s): cpu = 00:00:31 ; elapsed = 00:00:31 . Memory (MB): peak = 1361.496 ; gain = 79.051
---------------------------------------------------------------------------------
---------------------------------------------------------------------------------
Start Renaming Generated Instances
---------------------------------------------------------------------------------
---------------------------------------------------------------------------------
Finished Renaming Generated Instances : Time (s): cpu = 00:00:31 ; elapsed = 00:00:31 . Memory (MB): peak = 1361.496 ; gain = 79.051
---------------------------------------------------------------------------------
---------------------------------------------------------------------------------
Start Rebuilding User Hierarchy
---------------------------------------------------------------------------------
---------------------------------------------------------------------------------
Finished Rebuilding User Hierarchy : Time (s): cpu = 00:00:31 ; elapsed = 00:00:31 . Memory (MB): peak = 1361.496 ; gain = 79.051
---------------------------------------------------------------------------------
---------------------------------------------------------------------------------
Start Renaming Generated Ports
---------------------------------------------------------------------------------
---------------------------------------------------------------------------------
Finished Renaming Generated Ports : Time (s): cpu = 00:00:31 ; elapsed = 00:00:31 . Memory (MB): peak = 1361.496 ; gain = 79.051
---------------------------------------------------------------------------------
---------------------------------------------------------------------------------
Start Handling Custom Attributes
---------------------------------------------------------------------------------
---------------------------------------------------------------------------------
Finished Handling Custom Attributes : Time (s): cpu = 00:00:31 ; elapsed = 00:00:31 . Memory (MB): peak = 1361.496 ; gain = 79.051
---------------------------------------------------------------------------------
---------------------------------------------------------------------------------
Start Renaming Generated Nets
---------------------------------------------------------------------------------
---------------------------------------------------------------------------------
Finished Renaming Generated Nets : Time (s): cpu = 00:00:31 ; elapsed = 00:00:31 . Memory (MB): peak = 1361.496 ; gain = 79.051
---------------------------------------------------------------------------------
---------------------------------------------------------------------------------
Start ROM, RAM, DSP, Shift Register and Retiming Reporting
---------------------------------------------------------------------------------

Static Shift Register Report:
+----------------------------+------------------------+--------+-------+--------------+--------------------+-------------------+--------+---------+
|Module Name                 | RTL Name               | Length | Width | Reset Signal | Pull out first Reg | Pull out last Reg | SRL16E | SRLC32E | 
+----------------------------+------------------------+--------+-------+--------------+--------------------+-------------------+--------+---------+
|parser_object_localizer_0_0 | inst/accumulate_reg[3] | 4      | 1     | NO           | NO                 | YES               | 1      | 0       | 
+----------------------------+------------------------+--------+-------+--------------+--------------------+-------------------+--------+---------+

---------------------------------------------------------------------------------
Finished ROM, RAM, DSP, Shift Register and Retiming Reporting
---------------------------------------------------------------------------------
---------------------------------------------------------------------------------
Start Writing Synthesis Report
---------------------------------------------------------------------------------

DSP Final Report (the ' indicates corresponding REG is set)
+-------------------+--------------+--------+--------+--------+--------+--------+------+------+------+------+-------+------+------+
|Module Name        | DSP Mapping  | A Size | B Size | C Size | D Size | P Size | AREG | BREG | CREG | DREG | ADREG | MREG | PREG | 
+-------------------+--------------+--------+--------+--------+--------+--------+------+------+------+------+-------+------+------+
|mult2_accumulate   | Dynamic      | -      | -      | -      | -      | 31     | -    | -    | -    | -    | -     | 1    | 1    | 
|mult2_add          | (C'+(A*B)')' | 30     | 18     | 48     | -      | 31     | 0    | 0    | 0    | -    | -     | 1    | 1    | 
|mult2_accumulate_0 | Dynamic      | -      | -      | -      | -      | 31     | -    | -    | -    | -    | -     | 1    | 1    | 
|mult2_add_1        | (C'+(A*B)')' | 30     | 15     | 48     | -      | 31     | 0    | 0    | 0    | -    | -     | 1    | 1    | 
|mult2_accumulate_2 | Dynamic      | -      | -      | -      | -      | 31     | -    | -    | -    | -    | -     | 1    | 1    | 
|mult2_add_3        | (C'+(A*B)')' | 30     | 14     | 22     | -      | 31     | 0    | 0    | 0    | -    | -     | 1    | 1    | 
+-------------------+--------------+--------+--------+--------+--------+--------+------+------+------+------+-------+------+------+


Report BlackBoxes: 
+-+--------------+----------+
| |BlackBox name |Instances |
+-+--------------+----------+
+-+--------------+----------+

Report Cell Usage: 
+------+--------+------+
|      |Cell    |Count |
+------+--------+------+
|1     |CARRY4  |     6|
|2     |DSP48E1 |     6|
|4     |LUT1    |     3|
|5     |LUT2    |    43|
|6     |LUT3    |   123|
|7     |LUT4    |    55|
|8     |LUT5    |    38|
|9     |LUT6    |    20|
|10    |MUXF7   |    15|
|11    |SRL16E  |     1|
|12    |FDRE    |   145|
|13    |FDSE    |   207|
+------+--------+------+
---------------------------------------------------------------------------------
Finished Writing Synthesis Report : Time (s): cpu = 00:00:31 ; elapsed = 00:00:31 . Memory (MB): peak = 1361.496 ; gain = 79.051
---------------------------------------------------------------------------------
Synthesis finished with 0 errors, 0 critical warnings and 1 warnings.
Synthesis Optimization Runtime : Time (s): cpu = 00:00:22 ; elapsed = 00:00:29 . Memory (MB): peak = 1361.496 ; gain = 42.570
Synthesis Optimization Complete : Time (s): cpu = 00:00:31 ; elapsed = 00:00:32 . Memory (MB): peak = 1361.496 ; gain = 79.051
INFO: [Project 1-571] Translating synthesized netlist
Netlist sorting complete. Time (s): cpu = 00:00:00 ; elapsed = 00:00:00.015 . Memory (MB): peak = 1361.496 ; gain = 0.000
INFO: [Netlist 29-17] Analyzing 27 Unisim elements for replacement
INFO: [Netlist 29-28] Unisim Transformation completed in 0 CPU seconds
INFO: [Project 1-570] Preparing netlist for logic optimization
INFO: [Opt 31-138] Pushed 0 inverter(s) to 0 load pin(s).
Netlist sorting complete. Time (s): cpu = 00:00:00 ; elapsed = 00:00:00 . Memory (MB): peak = 1377.965 ; gain = 0.000
INFO: [Project 1-111] Unisim Transformation Summary:
No Unisim elements were transformed.

Synth Design complete, checksum: 90ad7dad
INFO: [Common 17-83] Releasing license: Synthesis
41 Infos, 43 Warnings, 0 Critical Warnings and 0 Errors encountered.
synth_design completed successfully
synth_design: Time (s): cpu = 00:00:35 ; elapsed = 00:00:37 . Memory (MB): peak = 1377.965 ; gain = 95.520
INFO: [Common 17-1381] The checkpoint 'C:/Users/Muaz/Documents/MeteorDestroyer/Parser/Parser.runs/parser_object_localizer_0_0_synth_1/parser_object_localizer_0_0.dcp' has been generated.
INFO: [Coretcl 2-1648] Added synthesis output to IP cache for IP parser_object_localizer_0_0, cache-ID = 2865dbd6c58aae5b
INFO: [Coretcl 2-1174] Renamed 14 cell refs.
INFO: [Common 17-1381] The checkpoint 'C:/Users/Muaz/Documents/MeteorDestroyer/Parser/Parser.runs/parser_object_localizer_0_0_synth_1/parser_object_localizer_0_0.dcp' has been generated.
INFO: [runtcl-4] Executing : report_utilization -file parser_object_localizer_0_0_utilization_synth.rpt -pb parser_object_localizer_0_0_utilization_synth.pb
INFO: [Common 17-206] Exiting Vivado at Sun Mar 16 05:54:44 2025...
